GROUP,PACKAGE,CLASS,INSTRUCTION_MISSED,INSTRUCTION_COVERED,BRANCH_MISSED,BRANCH_COVERED,LINE_MISSED,LINE_COVERED,COMPLEXITY_MISSED,COMPLEXITY_COVERED,METHOD_MISSED,METHOD_COVERED
reporting/ogham-core,fr.sii.ogham.core.message.content,EmailVariant,0,24,0,0,0,3,0,1,0,1
reporting/ogham-core,fr.sii.ogham.core.message.content,TemplateVariantContent,71,37,0,0,9,7,5,3,5,3
reporting/ogham-core,fr.sii.ogham.core.message.content,MultiContent,0,92,0,2,0,19,0,10,0,9
reporting/ogham-core,fr.sii.ogham.core.message.content,ParsedContent,47,59,5,5,9,12,10,6,5,6
reporting/ogham-core,fr.sii.ogham.core.message.content,TemplateContent,6,108,2,4,0,17,2,10,0,9
reporting/ogham-core,fr.sii.ogham.core.message.content,MultiTemplateContent,36,74,3,3,6,14,5,7,3,6
reporting/ogham-core,fr.sii.ogham.core.message.content,StringContent,0,40,0,0,0,10,0,7,0,7
reporting/ogham-core,fr.sii.ogham.core.message.content,StringTemplateContent,8,8,0,0,2,2,1,1,1,1
reporting/ogham-core,fr.sii.ogham.email.exception.attachment.translator,ResourceTranslatorException,13,0,0,0,6,0,3,0,3,0
reporting/ogham-core,fr.sii.ogham.core.condition.provider,RequiredPropertiesAnnotationProvider,0,72,0,6,0,12,0,5,0,2
reporting/ogham-core,fr.sii.ogham.core.condition.provider,AnnotationConditionProvider,0,73,0,0,0,12,0,2,0,2
reporting/ogham-core,fr.sii.ogham.core.condition.provider,RequiredClassAnnotationProvider,0,74,0,6,0,11,0,6,0,3
reporting/ogham-core,fr.sii.ogham.core.condition.provider,RequiredPropertyAnnotationProvider,0,238,0,16,0,30,0,14,0,6
reporting/ogham-core,fr.sii.ogham.core.condition.provider,ActivableAtRuntimeConditionProvider,0,15,0,2,0,4,0,3,0,2
reporting/ogham-core,fr.sii.ogham.core.condition.provider,ImplementationConditionProvider,0,37,0,0,0,8,0,2,0,2
reporting/ogham-core,fr.sii.ogham.core.condition.provider,RequiredClassesAnnotationProvider,0,69,0,6,0,11,0,5,0,2
reporting/ogham-core,fr.sii.ogham.core.condition.provider,StaticConditionProvider,9,0,0,0,4,0,2,0,2,0
reporting/ogham-core,fr.sii.ogham.core.convert,DefaultConverter,0,52,0,0,0,10,0,2,0,2
reporting/ogham-core,fr.sii.ogham.core.convert,StringToURLConverter,0,46,0,8,0,8,0,7,0,3
reporting/ogham-core,fr.sii.ogham.core.convert,StringToEnumConverter,0,99,0,10,0,16,0,10,0,5
reporting/ogham-core,fr.sii.ogham.core.convert,StringToBooleanConverter,0,106,0,12,0,25,0,11,0,5
reporting/ogham-core,fr.sii.ogham.core.convert,NoConversionNeededConverter,0,9,0,0,0,3,0,3,0,3
reporting/ogham-core,fr.sii.ogham.core.convert,StringToCharsetConverter,0,44,0,8,0,8,0,7,0,3
reporting/ogham-core,fr.sii.ogham.core.convert,StringToArrayConverter,0,88,0,12,0,20,0,11,0,5
reporting/ogham-core,fr.sii.ogham.core.convert,StringToNumberConverter,0,283,2,62,0,57,2,37,0,7
reporting/ogham-core,fr.sii.ogham.core.convert,DelegateConverter,3,70,0,8,1,15,1,8,1,4
reporting/ogham-core,fr.sii.ogham.core.builder.charset,SimpleCharsetDetectorBuilder,52,0,2,0,13,0,6,0,5,0
reporting/ogham-core,fr.sii.ogham.email.attachment,Attachment,100,189,0,4,26,38,13,19,13,17
reporting/ogham-core,fr.sii.ogham.html.inliner.impl.jsoup,ImageInlineUtils,2,50,1,7,1,11,1,5,0,2
reporting/ogham-core,fr.sii.ogham.html.inliner.impl.jsoup,JsoupBase64ImageInliner,0,103,0,8,0,17,0,7,0,3
reporting/ogham-core,fr.sii.ogham.html.inliner.impl.jsoup,JsoupCssInliner,23,253,4,18,2,53,4,15,0,8
reporting/ogham-core,fr.sii.ogham.html.inliner.impl.jsoup,JsoupAttachImageInliner,0,136,0,10,0,24,0,8,0,3
reporting/ogham-core,fr.sii.ogham.core.async,ThreadSleepAwaiter,9,25,0,0,3,9,0,3,0,3
reporting/ogham-core,fr.sii.ogham.sms.sender,PhoneNumberTranslatorSender,20,133,2,6,5,27,2,8,0,6
reporting/ogham-core,fr.sii.ogham.sms.sender,SmsSender,9,17,0,0,4,5,2,2,2,2
reporting/ogham-core,fr.sii.ogham.core.exception.builder,BuildException,4,9,0,0,2,4,1,2,1,2
reporting/ogham-core,fr.sii.ogham.core.util.classpath,SimpleClasspathHelper,16,86,2,8,6,29,3,9,1,6
reporting/ogham-core,fr.sii.ogham.core.exception.filler,FillMessageException,16,0,0,0,6,0,3,0,3,0
reporting/ogham-core,fr.sii.ogham.core.builder.sender,SenderImplementationBuilderHelper,12,125,4,10,1,28,3,10,1,5
reporting/ogham-core,fr.sii.ogham.sms.exception.message,PhoneNumberTranslatorException,13,0,0,0,6,0,3,0,3,0
reporting/ogham-core,fr.sii.ogham.sms.exception.message,ReferenceNumberGenerationException,13,0,0,0,6,0,3,0,3,0
reporting/ogham-core,fr.sii.ogham.sms.exception.message,InvalidReferenceNumberException,10,0,0,0,4,0,2,0,2,0
reporting/ogham-core,fr.sii.ogham.sms.exception.message,NoSplitterAbleToSplitMessageException,0,5,0,0,0,2,0,1,0,1
reporting/ogham-core,fr.sii.ogham.sms.exception.message,AddressingException,13,0,0,0,6,0,3,0,3,0
reporting/ogham-core,fr.sii.ogham.sms.exception.message,SplitMessageException,18,7,0,0,7,3,3,1,3,1
reporting/ogham-core,fr.sii.ogham.sms.exception.message,EncodingException,9,4,0,0,4,2,2,1,2,1
reporting/ogham-core,fr.sii.ogham.core.filler,AbstractMessageAwareFiller,2,52,2,6,0,12,2,6,0,4
reporting/ogham-core,fr.sii.ogham.core.filler,EveryFillerDecorator,0,37,0,2,0,11,0,5,0,4
reporting/ogham-core,fr.sii.ogham.core.filler,SubjectFiller,0,26,1,5,0,10,1,4,0,2
reporting/ogham-core,fr.sii.ogham.core.template.context,SimpleContext,14,36,0,0,1,10,1,5,1,5
reporting/ogham-core,fr.sii.ogham.core.template.context,BeanContext,31,16,0,0,4,5,2,3,2,3
reporting/ogham-core,fr.sii.ogham.core.template.context,LocaleContext,3,24,0,0,1,8,1,4,1,4
reporting/ogham-core,fr.sii.ogham.core.template.context,NullContext,2,5,0,0,1,2,1,2,1,2
reporting/ogham-core,fr.sii.ogham.sms.builder,SenderNumberBuilder,8,36,2,2,3,10,3,4,1,4
reporting/ogham-core,fr.sii.ogham.sms.builder,SmsBuilder,1,161,5,7,1,39,5,11,0,10
reporting/ogham-core,fr.sii.ogham.sms.builder,RecipientNumberFormatBuilder,0,59,1,1,0,14,1,5,0,5
reporting/ogham-core,fr.sii.ogham.sms.builder,PhoneNumbersBuilder,0,45,2,2,0,10,2,4,0,4
reporting/ogham-core,fr.sii.ogham.sms.builder,AutofillSmsBuilder,0,74,2,2,0,16,2,4,0,4
reporting/ogham-core,fr.sii.ogham.sms.builder,AutofillDefaultPhoneNumberBuilder,0,6,0,0,0,2,0,1,0,1
reporting/ogham-core,fr.sii.ogham.sms.builder,PhoneNumberTranslatorPair,0,15,0,0,0,6,0,3,0,3
reporting/ogham-core,fr.sii.ogham.sms.builder,RecipientNumberBuilder,8,36,2,2,3,10,3,4,1,4
reporting/ogham-core,fr.sii.ogham.sms.builder,SenderNumberFormatBuilder,0,111,3,3,0,26,3,9,0,9
reporting/ogham-core,fr.sii.ogham.core.util,WithPriority,0,20,0,0,0,7,0,4,0,4
reporting/ogham-core,fr.sii.ogham.core.util,ArrayUtils,5,49,1,5,1,11,1,4,0,2
reporting/ogham-core,fr.sii.ogham.core.util,PriorizedList,7,54,0,0,2,14,1,8,1,8
reporting/ogham-core,fr.sii.ogham.core.util,BeanUtils.Options,0,27,0,0,0,10,0,5,0,5
reporting/ogham-core,fr.sii.ogham.core.util,ClasspathUtils,0,17,0,0,0,7,0,4,0,4
reporting/ogham-core,fr.sii.ogham.core.util,StringUtils,4,9,0,0,1,2,1,2,1,2
reporting/ogham-core,fr.sii.ogham.core.util,EqualsBuilder,82,137,10,26,16,25,10,17,4,5
reporting/ogham-core,fr.sii.ogham.core.util,BeanUtils,11,138,0,12,2,35,1,14,1,8
reporting/ogham-core,fr.sii.ogham.core.util,HtmlUtils,0,101,2,8,0,23,2,8,0,5
reporting/ogham-core,fr.sii.ogham.core.util,HashCodeBuilder,26,41,0,2,7,9,4,5,4,4
reporting/ogham-core,fr.sii.ogham.core.util,IOUtils,0,30,0,0,0,6,0,4,0,4
reporting/ogham-core,fr.sii.ogham.core.util,Base64Utils,0,4,0,0,0,1,0,1,0,1
reporting/ogham-core,fr.sii.ogham.core.util,BuilderUtils,41,207,6,10,9,28,8,10,3,7
reporting/ogham-core,fr.sii.ogham.core.util,LogUtils,0,5,0,0,0,1,0,1,0,1
reporting/ogham-core,fr.sii.ogham.core.util,PriorizedMatchingHandler,0,23,0,0,0,8,0,4,0,4
reporting/ogham-core,fr.sii.ogham.core.util,ConfigurationValueUtils,0,22,0,4,0,4,0,3,0,1
reporting/ogham-core,fr.sii.ogham.core.util,PriorityComparator,0,17,0,0,0,4,0,2,0,2
reporting/ogham-core,fr.sii.ogham.core.util,LogUtils.Summarizer,0,26,0,4,0,8,0,4,0,2
reporting/ogham-core,fr.sii.ogham.email.builder,EmailBuilder,20,265,4,24,6,68,7,27,3,17
reporting/ogham-core,fr.sii.ogham.email.builder,ImageInliningBuilder,22,137,5,9,6,32,7,15,2,13
reporting/ogham-core,fr.sii.ogham.email.builder,AutofillDefaultEmailAddressBuilder,0,6,0,0,0,2,0,1,0,1
reporting/ogham-core,fr.sii.ogham.email.builder,AutofillEmailBuilder,0,165,11,11,0,36,11,8,0,8
reporting/ogham-core,fr.sii.ogham.email.builder,CssInliningBuilder,13,69,2,2,4,17,3,10,1,10
reporting/ogham-core,fr.sii.ogham.email.builder,CssHandlingBuilder,2,28,1,3,1,8,1,4,0,3
reporting/ogham-core,fr.sii.ogham.email.builder,AttachImageBuilder,10,30,2,4,2,9,2,4,0,3
reporting/ogham-core,fr.sii.ogham.email.builder,CidBuilder,2,27,1,3,1,10,1,5,0,4
reporting/ogham-core,fr.sii.ogham.email.builder,AttachmentHandlingBuilder,6,59,0,0,1,14,1,7,1,7
reporting/ogham-core,fr.sii.ogham.email.builder,Base64InliningBuilder,0,8,0,0,0,3,0,2,0,2
reporting/ogham-core,fr.sii.ogham.email.builder,ImageHandlingBuilder,2,28,1,3,1,8,1,4,0,3
reporting/ogham-core,fr.sii.ogham.email.builder,AutofillSubjectBuilder,22,91,3,3,7,20,6,5,3,5
reporting/ogham-core,fr.sii.ogham.core.builder.mimetype,SimpleMimetypeDetectionBuilder,7,141,2,12,2,37,2,16,0,11
reporting/ogham-core,fr.sii.ogham.core.builder.mimetype,SimpleTikaBuilder,0,60,0,2,0,12,0,6,0,5
reporting/ogham-core,fr.sii.ogham.core.builder.mimetype,ReplaceMimetypeBuilderDelegate,45,0,0,0,12,0,6,0,6,0
reporting/ogham-core,fr.sii.ogham.core.builder.mimetype,SimpleReplaceMimetypeBuilder.ContainsReplacement,22,0,0,0,6,0,2,0,2,0
reporting/ogham-core,fr.sii.ogham.core.builder.mimetype,TikaBuilderDelegate,34,0,0,0,9,0,5,0,5,0
reporting/ogham-core,fr.sii.ogham.core.builder.mimetype,SimpleReplaceMimetypeBuilder,35,47,0,2,6,10,3,4,3,3
reporting/ogham-core,fr.sii.ogham.core.builder.mimetype,MimetypeDetectionBuilderDelegate,31,12,0,0,5,4,4,2,4,2
reporting/ogham-core,fr.sii.ogham.core.builder.mimetype,SimpleReplaceMimetypeBuilder.PatternReplacement,0,17,0,0,0,5,0,2,0,2
reporting/ogham-core,fr.sii.ogham.core.util.bean,DirectAccessor,0,9,0,0,0,4,0,2,0,2
reporting/ogham-core,fr.sii.ogham.core.util.bean,RecursiveBeanReadWrapper,10,48,1,3,3,15,3,6,2,5
reporting/ogham-core,fr.sii.ogham.core.util.bean,BeanWrapperUtils,18,115,5,17,3,29,5,13,0,7
reporting/ogham-core,fr.sii.ogham.core.util.bean,DefaultRecursiveBeanReadWrapperFactory,0,11,0,0,0,2,0,2,0,2
reporting/ogham-core,fr.sii.ogham.core.util.bean,MapRecursiveBeanReadWrapperFactory,0,12,0,0,0,2,0,2,0,2
reporting/ogham-core,fr.sii.ogham.core.util.bean,ReadMethodAccessor,28,95,1,7,2,17,1,9,0,6
reporting/ogham-core,fr.sii.ogham.core.util.bean,SimpleBeanReadWrapper,0,201,1,23,0,42,1,20,0,9
reporting/ogham-core,fr.sii.ogham.core.util.bean,MapBeanReadWrapper.MapBeanReadWrapperEntry,61,24,14,0,18,7,10,4,3,4
reporting/ogham-core,fr.sii.ogham.core.util.bean,FieldAccessor,2,83,3,5,0,17,3,6,0,5
reporting/ogham-core,fr.sii.ogham.core.util.bean,MapBeanReadWrapper,34,105,0,10,7,25,7,16,7,11
reporting/ogham-core,fr.sii.ogham.core.exception.retry,RetryException,4,9,0,0,2,4,1,2,1,2
reporting/ogham-core,fr.sii.ogham.core.exception.retry,MaximumAttemptsReachedException,0,10,0,0,0,4,0,2,0,2
reporting/ogham-core,fr.sii.ogham.core.exception.retry,ExecutionFailedNotRetriedException,8,5,0,0,4,2,2,1,2,1
reporting/ogham-core,fr.sii.ogham.core.exception.retry,RetryExecutionInterruptedException,13,0,0,0,6,0,3,0,3,0
reporting/ogham-core,fr.sii.ogham.core.exception.retry,RetryExecutionFailureException,4,9,0,0,2,4,1,2,1,2
reporting/ogham-core,fr.sii.ogham.html.translator,InlineCssTranslator,24,149,2,12,4,37,2,13,0,8
reporting/ogham-core,fr.sii.ogham.html.translator,XHTMLTranslator,5,0,0,0,2,0,2,0,2,0
reporting/ogham-core,fr.sii.ogham.html.translator,ExpandCssPropertiesTranslator,5,0,0,0,2,0,2,0,2,0
reporting/ogham-core,fr.sii.ogham.html.translator,InlineImageTranslator,53,235,3,15,10,55,3,17,0,11
reporting/ogham-core,fr.sii.ogham.email.message,Recipient,12,70,0,0,4,11,2,6,2,6
reporting/ogham-core,fr.sii.ogham.email.message,Email,109,468,7,27,24,75,11,43,7,30
reporting/ogham-core,fr.sii.ogham.email.message,RecipientType,0,34,0,0,0,4,0,1,0,1
reporting/ogham-core,fr.sii.ogham.email.message,EmailAddress,0,141,1,9,0,27,1,13,0,9
reporting/ogham-core,fr.sii.ogham.core.template.detector,OrTemplateDetector,0,56,0,6,0,14,0,7,0,4
reporting/ogham-core,fr.sii.ogham.core.template.detector,CompositeTemplateDetector,0,23,0,0,0,8,0,4,0,4
reporting/ogham-core,fr.sii.ogham.core.template.detector,FixedEngineDetector,4,9,0,0,2,4,1,2,1,2
reporting/ogham-core,fr.sii.ogham.core.template.detector,SimpleResourceEngineDetector,2,51,1,3,1,14,1,5,0,4
reporting/ogham-core,fr.sii.ogham.email.filler,EmailFiller,0,110,0,26,0,20,0,16,0,3
reporting/ogham-core,fr.sii.ogham.core.retry,SimpleRetryExecutor,6,130,0,6,2,28,0,10,0,7
reporting/ogham-core,fr.sii.ogham.core.retry,FixedDelayRetry,6,45,0,2,2,12,2,6,2,5
reporting/ogham-core,fr.sii.ogham.core.retry,NamedCallable,0,16,0,0,0,6,0,3,0,3
reporting/ogham-core,fr.sii.ogham.sms.message.addressing,TypeOfNumber,34,92,4,0,4,12,3,3,1,3
reporting/ogham-core,fr.sii.ogham.sms.message.addressing,AddressedPhoneNumber,23,67,1,3,1,11,2,6,1,5
reporting/ogham-core,fr.sii.ogham.sms.message.addressing,NumberingPlanIndicator,34,125,4,0,4,15,3,3,1,3
reporting/ogham-core,fr.sii.ogham.core.translator.resource,DefaultResourceTranslator,5,0,0,0,2,0,2,0,2,0
reporting/ogham-core,fr.sii.ogham.core.translator.resource,EveryResourceTranslator,0,68,0,2,0,18,0,8,0,7
reporting/ogham-core,fr.sii.ogham.core.translator.resource,LookupResourceTranslator,7,36,0,2,2,11,0,5,0,4
reporting/ogham-core,fr.sii.ogham.core.exception.resource,NoResolverException,11,5,0,0,4,2,2,1,2,1
reporting/ogham-core,fr.sii.ogham.core.exception.resource,ResourceResolutionException,18,7,0,0,7,3,3,1,3,1
reporting/ogham-core,fr.sii.ogham.core.exception.template,BeanException,17,8,0,0,7,3,3,1,3,1
reporting/ogham-core,fr.sii.ogham.core.exception.template,NoEngineDetectionException,0,4,0,0,0,2,0,1,0,1
reporting/ogham-core,fr.sii.ogham.core.exception.template,BeanContextException,25,0,0,0,10,0,4,0,4,0
reporting/ogham-core,fr.sii.ogham.core.exception.template,ParseException,13,24,0,0,5,9,2,3,2,3
reporting/ogham-core,fr.sii.ogham.core.exception.template,EngineDetectionException,9,4,0,0,4,2,2,1,2,1
reporting/ogham-core,fr.sii.ogham.core.exception.template,ContextException,13,0,0,0,6,0,3,0,3,0
reporting/ogham-core,fr.sii.ogham.core.service,EverySupportingMessagingService,12,81,0,6,4,21,2,6,2,3
reporting/ogham-core,fr.sii.ogham.core.service,WrapExceptionMessagingService,30,45,0,0,4,12,0,2,0,2
reporting/ogham-core,fr.sii.ogham.core.builder.configurer,DefaultMessagingConfigurer,0,348,0,0,0,91,0,8,0,8
reporting/ogham-core,fr.sii.ogham.core.builder.configurer,MessagingConfigurerAdapter,0,29,0,0,0,12,0,7,0,7
reporting/ogham-core,fr.sii.ogham.core.builder.configurer,ConfigurationPhase,0,24,0,0,0,3,0,1,0,1
reporting/ogham-core,fr.sii.ogham.sms,SmsConstants.SmppSplitConstants,0,19,0,0,0,3,0,1,0,1
reporting/ogham-core,fr.sii.ogham.sms,SmsConstants.SmppSplitConstants.SegmentSizes,3,12,0,0,1,5,1,2,1,2
reporting/ogham-core,fr.sii.ogham.core.id.generator,SequentialIdGenerator,18,45,1,1,4,12,1,6,0,6
reporting/ogham-core,fr.sii.ogham.core.id.generator,UUIDGenerator,9,0,0,0,2,0,2,0,2,0
reporting/ogham-core,fr.sii.ogham.core.exception.util,FieldAccessException,13,0,0,0,6,0,3,0,3,0
reporting/ogham-core,fr.sii.ogham.core.exception.util,InvalidPropertyException,6,21,0,0,2,8,2,2,2,2
reporting/ogham-core,fr.sii.ogham.core.exception.util,HttpException,13,0,0,0,6,0,3,0,3,0
reporting/ogham-core,fr.sii.ogham.core.exception.util,PhoneNumberException,9,4,0,0,4,2,2,1,2,1
reporting/ogham-core,fr.sii.ogham.core.exception.util,BeanWrapperException,0,9,0,0,0,4,0,2,0,2
reporting/ogham-core,fr.sii.ogham.core.condition,OrCondition,26,28,0,4,5,9,3,5,3,3
reporting/ogham-core,fr.sii.ogham.core.condition,PropertyValueCondition,66,21,0,0,5,6,3,2,3,2
reporting/ogham-core,fr.sii.ogham.core.condition,RequiredPropertyCondition,52,15,0,0,5,5,3,2,3,2
reporting/ogham-core,fr.sii.ogham.core.condition,NotCondition,38,15,0,2,5,4,3,3,3,2
reporting/ogham-core,fr.sii.ogham.core.condition,AndCondition,20,34,0,4,3,11,2,6,2,4
reporting/ogham-core,fr.sii.ogham.core.condition,RequiredClassCondition,38,10,0,0,5,4,3,2,3,2
reporting/ogham-core,fr.sii.ogham.core.condition,CompositeCondition,33,24,0,0,5,8,4,4,4,4
reporting/ogham-core,fr.sii.ogham.core.condition,PropertyPatternCondition,66,33,0,6,5,7,3,5,3,2
reporting/ogham-core,fr.sii.ogham.core.condition,FixedCondition,35,9,0,0,5,4,3,2,3,2
reporting/ogham-core,fr.sii.ogham.sms.filler,SmsFiller,0,48,0,12,0,8,0,9,0,3
reporting/ogham-core,fr.sii.ogham.email.sender,AttachmentResourceTranslatorSender,10,97,1,3,3,18,1,6,0,5
reporting/ogham-core,fr.sii.ogham.email.sender,EmailSender,9,17,0,0,4,5,2,2,2,2
reporting/ogham-core,fr.sii.ogham.template.exception,NoResolverAdapterException,11,5,0,0,4,2,2,1,2,1
reporting/ogham-core,fr.sii.ogham.template.exception,ResolverAdapterNotFoundException,4,5,0,0,2,2,1,1,1,1
reporting/ogham-core,fr.sii.ogham.template.exception,ResolverAdapterConfigurationException,16,0,0,0,6,0,3,0,3,0
reporting/ogham-core,fr.sii.ogham.template.exception,TemplateVariantNotFoundException,5,27,1,1,1,7,2,3,1,3
reporting/ogham-core,fr.sii.ogham.template.exception,ResolverAdapterException,18,7,0,0,7,3,3,1,3,1
reporting/ogham-core,fr.sii.ogham.template.exception,VariantResolutionException,3,9,0,0,1,3,1,1,1,1
reporting/ogham-core,fr.sii.ogham.template.exception,UnknownVariantException,7,0,0,0,2,0,1,0,1,0
reporting/ogham-core,fr.sii.ogham.template.exception,TemplateRuntimeException,4,9,0,0,2,4,1,2,1,2
reporting/ogham-core,fr.sii.ogham.core.template.parser,AutoDetectTemplateParser.TemplateImplementation,0,32,0,0,0,7,0,4,0,4
reporting/ogham-core,fr.sii.ogham.core.template.parser,AutoDetectTemplateParser,0,97,0,4,0,19,0,7,0,5
reporting/ogham-core,fr.sii.ogham.template.common.adapter,NullVariantResolver,2,5,0,0,1,2,1,2,1,2
reporting/ogham-core,fr.sii.ogham.template.common.adapter,ExtensionMappingVariantResolver,26,125,4,6,3,23,4,7,0,6
reporting/ogham-core,fr.sii.ogham.template.common.adapter,FirstExistingResourceVariantResolver,28,56,6,6,7,15,4,7,1,4
reporting/ogham-core,fr.sii.ogham.template.common.adapter,FailIfNotFoundVariantResolver,38,0,2,0,6,0,4,0,3,0
reporting/ogham-core,fr.sii.ogham.template.common.adapter,FailIfNotFoundWithTestedPathsVariantResolver,5,72,1,3,2,14,2,5,1,4
reporting/ogham-core,fr.sii.ogham.sms.message,Contact,40,65,3,1,5,16,5,7,3,7
reporting/ogham-core,fr.sii.ogham.sms.message,Sms,108,214,4,6,18,39,9,24,7,21
reporting/ogham-core,fr.sii.ogham.sms.message,PhoneNumber,12,26,0,0,3,6,2,4,2,4
reporting/ogham-core,fr.sii.ogham.sms.message,Sender,5,13,0,0,2,6,1,3,1,3
reporting/ogham-core,fr.sii.ogham.sms.message,Recipient,5,13,0,0,2,6,1,3,1,3
reporting/ogham-core,fr.sii.ogham.core.resource.resolver,StringResourceResolver,0,49,0,8,0,11,0,9,0,5
reporting/ogham-core,fr.sii.ogham.core.resource.resolver,FirstSupportingResourceResolver,13,96,2,8,4,23,4,10,2,7
reporting/ogham-core,fr.sii.ogham.core.resource.resolver,AbstractPrefixedLookupPathResolver,0,76,1,9,0,19,1,10,0,6
reporting/ogham-core,fr.sii.ogham.core.resource.resolver,FileResolver,0,87,0,2,0,18,0,7,0,6
reporting/ogham-core,fr.sii.ogham.core.resource.resolver,ClassPathResolver,18,109,0,4,2,20,0,10,0,8
reporting/ogham-core,fr.sii.ogham.core.resource.resolver,DefaultResourceResolver,44,0,4,0,10,0,7,0,5,0
reporting/ogham-core,fr.sii.ogham.core.resource.resolver,RelativeResolver,15,156,3,7,2,21,4,9,1,7
reporting/ogham-core,fr.sii.ogham.core.builder.template,VariantWithExt,0,15,0,0,0,6,0,3,0,3
reporting/ogham-core,fr.sii.ogham.core.builder.template,TemplateBuilderHelper,33,241,6,22,10,52,9,19,3,11
reporting/ogham-core,fr.sii.ogham.core.exception,InvalidMessageException,3,8,0,0,1,3,1,1,1,1
reporting/ogham-core,fr.sii.ogham.core.exception,MessagingException,4,9,0,0,2,4,1,2,1,2
reporting/ogham-core,fr.sii.ogham.core.exception,MultipleCauseExceptionWrapper,7,9,0,0,3,4,1,2,1,2
reporting/ogham-core,fr.sii.ogham.core.exception,MessagingRuntimeException,4,9,0,0,2,4,1,2,1,2
reporting/ogham-core,fr.sii.ogham.core.exception,MessageException,7,18,0,0,3,7,1,3,1,3
reporting/ogham-core,fr.sii.ogham.core.exception,MessageNotSentException,5,11,0,0,2,4,1,2,1,2
reporting/ogham-core,fr.sii.ogham.core.mimetype,OverrideMimetypeProvider,0,101,0,2,0,22,0,9,0,8
reporting/ogham-core,fr.sii.ogham.core.mimetype,FixedMimeTypeProvider,26,16,0,0,9,6,4,3,4,3
reporting/ogham-core,fr.sii.ogham.core.mimetype,JavaActivationProvider,60,0,0,0,15,0,7,0,7,0
reporting/ogham-core,fr.sii.ogham.core.mimetype,FallbackMimeTypeProvider,29,249,1,9,9,47,2,12,1,8
reporting/ogham-core,fr.sii.ogham.core.mimetype,TikaProvider,21,142,0,4,5,34,1,10,1,8
reporting/ogham-core,fr.sii.ogham.core.mimetype,JavaFilesProvider,63,0,2,0,13,0,7,0,6,0
reporting/ogham-core,fr.sii.ogham.core.builder.retry,FixedDelayBuilder,0,76,0,0,0,17,0,8,0,8
reporting/ogham-core,fr.sii.ogham.core.builder.retry,RetryBuilder,10,42,2,4,4,10,3,5,1,4
reporting/ogham-core,fr.sii.ogham.core.builder.retry,BuilderToRetryStrategyProviderBridge,0,11,0,0,0,4,0,2,0,2
reporting/ogham-core,fr.sii.ogham.core.subject.provider,MultiContentSubjectProvider,0,43,0,6,0,13,0,5,0,2
reporting/ogham-core,fr.sii.ogham.core.subject.provider,FirstSupportingSubjectProvider,0,42,0,4,0,13,0,6,0,4
reporting/ogham-core,fr.sii.ogham.core.subject.provider,HtmlTitleSubjectProvider,0,25,1,5,0,7,1,4,0,2
reporting/ogham-core,fr.sii.ogham.core.subject.provider,TextPrefixSubjectProvider,6,59,2,8,1,15,2,6,0,3
reporting/ogham-core,fr.sii.ogham.core.builder.env,SimplePropertiesBuilder.Property,0,15,0,0,0,6,0,3,0,3
reporting/ogham-core,fr.sii.ogham.core.builder.env,SimpleEnvironmentBuilder.AbstractProps,0,9,0,0,0,4,0,1,0,1
reporting/ogham-core,fr.sii.ogham.core.builder.env,SimpleEnvironmentBuilder.PropsBuilder,0,13,0,0,0,4,0,2,0,2
reporting/ogham-core,fr.sii.ogham.core.builder.env,SimpleEnvironmentBuilder,5,200,0,10,2,40,1,19,1,14
reporting/ogham-core,fr.sii.ogham.core.builder.env,PropertiesBuilderDelegate,28,0,0,0,8,0,4,0,4,0
reporting/ogham-core,fr.sii.ogham.core.builder.env,ConverterBuilderDelegate,21,12,0,0,6,4,3,2,3,2
reporting/ogham-core,fr.sii.ogham.core.builder.env,SimpleEnvironmentBuilder.PropsPath,24,60,1,5,3,11,1,6,0,4
reporting/ogham-core,fr.sii.ogham.core.builder.env,SimpleEnvironmentBuilder.Props,0,11,0,0,0,4,0,2,0,2
reporting/ogham-core,fr.sii.ogham.core.builder.env,SimpleConverterBuilder,15,71,0,8,4,20,1,10,1,6
reporting/ogham-core,fr.sii.ogham.core.builder.env,SimplePropertiesBuilder,2,74,3,7,0,15,3,6,0,4
reporting/ogham-core,fr.sii.ogham.core.builder.env,SimpleEnvironmentBuilder.PriorityComparator,2,21,1,5,0,3,1,3,0,1
reporting/ogham-core,fr.sii.ogham.core.builder.env,EnvironmentBuilderDelegate,66,27,0,0,16,7,9,4,9,4
reporting/ogham-core,fr.sii.ogham.email.exception.javamail,NoAttachmentResourceHandlerException,0,5,0,0,0,2,0,1,0,1
reporting/ogham-core,fr.sii.ogham.email.exception.javamail,ContentHandlerException,18,7,0,0,7,3,3,1,3,1
reporting/ogham-core,fr.sii.ogham.email.exception.javamail,AttachmentResourceHandlerException,10,15,0,0,4,6,2,2,2,2
reporting/ogham-core,fr.sii.ogham.email.exception.javamail,NoContentHandlerException,0,5,0,0,0,2,0,1,0,1
reporting/ogham-core,fr.sii.ogham.core.builder,MessagingBuilder,70,353,7,25,13,71,10,32,5,21
reporting/ogham-core,fr.sii.ogham.core.builder,AbstractAutofillDefaultValueBuilder,7,20,0,0,2,5,1,2,1,2
reporting/ogham-core,fr.sii.ogham.core.builder,AbstractParent,0,9,0,0,0,4,0,2,0,2
reporting/ogham-core,fr.sii.ogham.core.builder,MessagingBuilder.ConfigurerWithPhase,0,15,0,0,0,6,0,3,0,3
reporting/ogham-core,fr.sii.ogham.core.exception.handler,ImageInliningException,8,5,0,0,4,2,2,1,2,1
reporting/ogham-core,fr.sii.ogham.core.exception.handler,ContentTranslatorException,4,9,0,0,2,4,1,2,1,2
reporting/ogham-core,fr.sii.ogham.core.exception.handler,NoContentException,6,10,0,0,2,4,2,1,2,1
reporting/ogham-core,fr.sii.ogham.core.exception.handler,CssInliningException,8,5,0,0,4,2,2,1,2,1
reporting/ogham-core,fr.sii.ogham.core.exception.handler,TemplateNotFoundException,4,9,0,0,2,4,1,2,1,2
reporting/ogham-core,fr.sii.ogham.core.exception.handler,TemplateParsingFailedException,4,9,0,0,2,4,1,2,1,2
reporting/ogham-core,fr.sii.ogham.core.resource,LookupResource,5,82,0,2,1,15,1,8,1,7
reporting/ogham-core,fr.sii.ogham.core.resource,SimpleResource,7,15,0,0,3,4,1,2,1,2
reporting/ogham-core,fr.sii.ogham.core.resource,ByteResource,3,63,0,0,1,10,1,6,1,6
reporting/ogham-core,fr.sii.ogham.core.resource,FileResource,7,63,0,0,2,11,1,7,1,7
reporting/ogham-core,fr.sii.ogham.core.charset,FixedCharsetDetector,45,13,0,0,5,6,5,3,5,3
reporting/ogham-core,fr.sii.ogham.core.charset,SimpleCharsetMatch,15,0,0,0,6,0,3,0,3,0
reporting/ogham-core,fr.sii.ogham.core.translator.content,DefaultContentTranslator,5,0,0,0,2,0,2,0,2,0
reporting/ogham-core,fr.sii.ogham.core.translator.content,EveryContentTranslator,0,71,0,2,0,19,0,8,0,7
reporting/ogham-core,fr.sii.ogham.core.translator.content,MultiContentTranslator,3,150,0,12,1,38,0,14,0,8
reporting/ogham-core,fr.sii.ogham.core.translator.content,TemplateContentTranslator,0,122,0,6,0,28,0,9,0,6
reporting/ogham-core,fr.sii.ogham.core.builder.resolution,FileResolutionBuilder,8,36,0,0,2,7,1,5,1,5
reporting/ogham-core,fr.sii.ogham.core.builder.resolution,ResourceResolutionBuilderHelper.PrefixComparator,2,54,1,7,1,12,1,4,0,1
reporting/ogham-core,fr.sii.ogham.core.builder.resolution,StandaloneResourceResolutionBuilder,11,23,0,0,3,6,2,4,2,4
reporting/ogham-core,fr.sii.ogham.core.builder.resolution,ResourceResolutionBuilderHelper.ResolverHelper,0,19,0,0,0,7,0,3,0,3
reporting/ogham-core,fr.sii.ogham.core.builder.resolution,StringResolutionBuilder,0,12,0,0,0,3,0,2,0,2
reporting/ogham-core,fr.sii.ogham.core.builder.resolution,ResourceResolutionBuilderHelper,8,170,0,20,2,36,1,16,1,6
reporting/ogham-core,fr.sii.ogham.core.builder.resolution,AbstractSingleResolutionBuilder,0,109,1,7,0,23,1,9,0,6
reporting/ogham-core,fr.sii.ogham.core.builder.resolution,ClassPathResolutionBuilder,8,36,0,0,2,7,1,5,1,5
reporting/ogham-core,fr.sii.ogham.core.util.converter,EmailAddressConverter,2,31,1,3,1,6,2,4,1,3
reporting/ogham-core,fr.sii.ogham.core.util.converter,SmsSenderConverter,2,31,1,3,1,6,2,4,1,3
reporting/ogham-core,fr.sii.ogham.email.exception.sendgrid,ContentHandlerException,0,9,0,0,0,4,0,2,0,2
reporting/ogham-core,fr.sii.ogham.sms.message.addressing.translator,CompositePhoneNumberTranslator,12,39,1,3,1,10,1,4,0,3
reporting/ogham-core,fr.sii.ogham.sms.message.addressing.translator,FixedPhoneNumberTranslator,0,19,0,0,0,5,0,2,0,2
reporting/ogham-core,fr.sii.ogham.sms.message.addressing.translator,ShortCodeNumberFormatHandler,0,19,0,6,0,3,0,5,0,2
reporting/ogham-core,fr.sii.ogham.sms.message.addressing.translator,AbstractFixedPhoneNumberHandler,0,15,0,0,0,4,0,2,0,2
reporting/ogham-core,fr.sii.ogham.sms.message.addressing.translator,DefaultHandler,0,7,0,0,0,3,0,2,0,2
reporting/ogham-core,fr.sii.ogham.sms.message.addressing.translator,AlphanumericCodeNumberFormatHandler,0,24,0,6,0,4,0,6,0,3
reporting/ogham-core,fr.sii.ogham.sms.message.addressing.translator,InternationalNumberFormatHandler,0,19,0,6,0,3,0,5,0,2
reporting/ogham-core,fr.sii.ogham.core.sender,AbstractSpecializedSender,0,7,0,0,0,3,0,2,0,2
reporting/ogham-core,fr.sii.ogham.core.sender,MultiImplementationSender,13,119,1,13,5,28,3,14,2,8
reporting/ogham-core,fr.sii.ogham.core.sender,FallbackSender,6,85,0,2,2,18,1,5,1,4
reporting/ogham-core,fr.sii.ogham.core.sender,MultiImplementationSender.Implementation,0,15,0,0,0,6,0,3,0,3
reporting/ogham-core,fr.sii.ogham.core.sender,ContentTranslatorSender,2,94,1,1,1,22,1,5,0,5
reporting/ogham-core,fr.sii.ogham.core.sender,FillerSender,2,67,1,1,1,15,1,5,0,5
reporting/ogham-core,fr.sii.ogham.sms.encoder,EncodedWithHeader,6,44,0,0,2,9,2,3,2,3
reporting/ogham-core,fr.sii.ogham.sms.encoder,EncodedMessage,11,18,0,0,3,7,2,3,2,3
reporting/ogham-core,fr.sii.ogham.core.exception.async,WaitException,9,0,0,0,4,0,2,0,2,0
reporting/ogham-core,fr.sii.ogham.html.inliner,ExternalCss,0,15,0,0,0,6,0,3,0,3
reporting/ogham-core,fr.sii.ogham.html.inliner,ImageInlinerConstants.InlineModes,0,48,0,0,0,8,0,3,0,3
reporting/ogham-core,fr.sii.ogham.html.inliner,ImageResource,3,33,0,0,1,11,1,5,1,5
reporting/ogham-core,fr.sii.ogham.html.inliner,ContentWithImages,4,34,0,0,2,12,1,6,1,6
reporting/ogham-core,fr.sii.ogham.html.inliner,EveryImageInliner,0,56,0,2,0,14,0,5,0,4
reporting/ogham-core,fr.sii.ogham.sms.splitter,EncodedSegment,0,13,0,0,0,5,0,3,0,3
reporting/ogham-core,fr.sii.ogham.sms.splitter,NoSplitMessageSplitter,23,23,1,1,5,5,2,2,1,2
reporting/ogham-core,fr.sii.ogham.sms.splitter,FirstSupportingMessageSplitter,2,40,1,5,1,10,1,5,0,3
reporting/ogham-core,fr.sii.ogham.sms.splitter,GsmMessageSplitter,84,270,5,15,11,54,6,14,1,9
reporting/ogham-core,fr.sii.ogham.sms.splitter,GsmBasicCharsetExtensionTableCounter,0,103,0,10,0,17,0,9,0,4
reporting/ogham-core,fr.sii.ogham.sms.splitter,RandomReferenceNumberGenerator,0,30,0,0,0,11,0,4,0,4
reporting/ogham-core,fr.sii.ogham.sms.splitter,StringSegment,53,0,0,0,18,0,6,0,6,0
reporting/ogham-core,fr.sii.ogham.email.message.content,ContentWithAttachments,26,58,5,3,9,11,8,6,4,6
reporting/ogham-core,fr.sii.ogham.core,CoreConstants,0,36,0,0,0,3,0,1,0,1
reporting/ogham-core,fr.sii.ogham.core.exception.mimetype,MimeTypeException,4,9,0,0,2,4,1,2,1,2
reporting/ogham-core,fr.sii.ogham.core.exception.mimetype,MimeTypeDetectionException,4,9,0,0,2,4,1,2,1,2
reporting/ogham-core,fr.sii.ogham.core.builder.configuration,AlwaysOverride,0,9,0,0,0,4,0,2,0,2
reporting/ogham-core,fr.sii.ogham.core.builder.configuration,CurrentValueNotSetOverride,0,13,0,2,0,4,0,3,0,2
reporting/ogham-core,fr.sii.ogham.core.builder.configuration,MayOverride,0,15,0,0,0,3,0,3,0,3
reporting/ogham-core,fr.sii.ogham.core.builder.configuration,NonNullOverride,0,14,0,2,0,4,0,3,0,2
reporting/ogham-core,fr.sii.ogham.core.builder.configuration,ConfigurationValueBuilderHelper,14,115,6,14,1,31,4,15,1,8
reporting/ogham-core,fr.sii.ogham.core.builder.configuration,ConfigurationValueBuilderDelegate,7,28,0,0,2,9,1,4,1,4
reporting/ogham-core,fr.sii.ogham.core.env,FirstExistingPropertiesResolver,89,99,12,16,15,25,9,14,3,6
reporting/ogham-core,fr.sii.ogham.core.env,JavaPropertiesResolver,58,36,6,0,12,9,6,5,3,5
reporting/ogham-core,fr.sii.ogham.core.exception.convert,ConversionException,4,9,0,0,2,4,1,2,1,2
reporting/ogham-core,fr.sii.ogham.core.resource.path,LookupAwareRelativePathResolver,2,238,3,33,1,43,3,24,0,9
reporting/ogham-core,fr.sii.ogham.core.resource.path,RelativePath,41,44,0,0,5,10,4,4,4,4
reporting/ogham-core,fr.sii.ogham.core.resource.path,ResolvedResourcePath,23,65,0,0,1,12,1,6,1,6
reporting/ogham-core,fr.sii.ogham.core.resource.path,LookupAwareRelativePathResolver.LookupMetadata,0,25,0,2,0,9,0,5,0,4
reporting/ogham-core,fr.sii.ogham.core.resource.path,ResolvedString,3,34,0,0,1,9,1,5,1,5
reporting/ogham-core,fr.sii.ogham.core.resource.path,UnresolvedPath,0,47,0,0,0,9,0,5,0,5
reporting/ogham-core,fr.sii.ogham.core.exception.clean,CleanException,13,0,0,0,6,0,3,0,3,0
reporting/ogham-core,fr.sii.ogham.core.condition.fluent,MessageConditions,3,36,0,0,1,11,1,11,1,11
reporting/ogham-core,fr.sii.ogham.core.condition.fluent,FluentCondition,4,43,0,0,1,12,1,4,1,4
reporting/ogham-core,fr.sii.ogham.core.condition.fluent,Conditions,0,98,0,0,0,12,0,12,0,12
reporting/ogham-core,fr.sii.ogham.core.mimetype.replace,FirstMatchingMimetypeReplacer,0,30,0,4,0,9,0,4,0,2
reporting/ogham-core,fr.sii.ogham.core.mimetype.replace,PatternMimetypeReplacer,7,30,0,2,2,10,1,4,1,3
reporting/ogham-core,fr.sii.ogham.core.mimetype.replace,ContainsMimetypeReplacer,6,38,0,8,2,10,1,6,1,2
reporting/ogham-email-javamail,fr.sii.ogham.email.sender.impl.javamail,MapAttachmentResourceHandler,0,51,0,2,0,12,0,5,0,4
reporting/ogham-email-javamail,fr.sii.ogham.email.sender.impl.javamail,MultiContentHandler,8,45,0,2,2,13,0,3,0,2
reporting/ogham-email-javamail,fr.sii.ogham.email.sender.impl.javamail,UpdatableUsernamePasswordAuthenticator,32,0,0,0,8,0,2,0,2,0
reporting/ogham-email-javamail,fr.sii.ogham.email.sender.impl.javamail,PriorizedContentHandler,9,103,0,6,2,22,1,11,1,8
reporting/ogham-email-javamail,fr.sii.ogham.email.sender.impl.javamail,StreamResourceHandler,58,42,1,1,7,13,1,2,0,2
reporting/ogham-email-javamail,fr.sii.ogham.email.sender.impl.javamail,PropertiesUsernamePasswordAuthenticator,9,0,0,0,2,0,1,0,1,0
reporting/ogham-email-javamail,fr.sii.ogham.email.sender.impl.javamail,UsernamePasswordAuthenticator,0,17,0,0,0,5,0,2,0,2
reporting/ogham-email-javamail,fr.sii.ogham.email.sender.impl.javamail,StringContentHandler,18,54,1,1,4,12,1,2,0,2
reporting/ogham-email-javamail,fr.sii.ogham.email.sender.impl.javamail,FileResourceHandler,54,52,0,0,6,10,0,2,0,2
reporting/ogham-email-javamail,fr.sii.ogham.email.sender.impl.javamail,ContentWithAttachmentsHandler,0,42,0,2,0,11,0,4,0,3
reporting/ogham-email-javamail,fr.sii.ogham.email.sender.impl,JavaMailSender,73,271,3,17,12,65,6,19,3,11
reporting/ogham-email-javamail,fr.sii.ogham.email.sender.impl,PropertiesBridge,65,28,0,0,16,7,16,5,16,5
reporting/ogham-email-javamail,fr.sii.ogham.email.builder.javamail,JavaMailBuilder,43,284,4,16,14,61,9,28,5,22
reporting/ogham-email-javamail,fr.sii.ogham.email.builder.javamail,DefaultJavaMailConfigurer.EnvironmentPropagator,0,17,0,2,0,5,0,3,0,2
reporting/ogham-email-javamail,fr.sii.ogham.email.builder.javamail,OverrideJavaMailResolver,50,136,6,26,12,33,6,23,3,10
reporting/ogham-email-javamail,fr.sii.ogham.email.builder.javamail,UsernamePasswordAuthenticatorBuilder,40,73,6,4,10,15,8,5,4,4
reporting/ogham-email-javamail,fr.sii.ogham.email.builder.javamail,DefaultJavaMailConfigurer.JavaMailConfigurer,0,114,0,2,0,21,0,3,0,2
reporting/ogham-email-javamail,fr.sii.ogham.email.builder.javamail,DefaultJavaMailConfigurer,0,14,1,3,0,2,1,3,0,2
reporting/ogham-email-sendgrid-common,fr.sii.ogham.email.sendgrid.sender.exception,SendGridException,4,9,0,0,2,4,1,2,1,2
reporting/ogham-email-sendgrid-common,fr.sii.ogham.email.sendgrid.sender.exception,AttachmentReadException,17,8,0,0,7,3,3,1,3,1
reporting/ogham-email-sendgrid-common,fr.sii.ogham.email.sendgrid.sender,EmailValidator,11,69,1,13,1,15,1,7,0,1
reporting/ogham-email-sendgrid-common,fr.sii.ogham.email.sendgrid.builder,AbstractSendGridBuilder,38,117,3,5,9,27,6,11,3,10
reporting/ogham-email-sendgrid-v2,fr.sii.ogham.email.sendgrid.v2.sender.impl.sendgrid.client,DelegateSendGridClient,0,92,0,6,0,18,0,6,0,3
reporting/ogham-email-sendgrid-v2,fr.sii.ogham.email.sendgrid.v2.builder.sendgrid,DefaultSendGridV2Configurer,0,14,1,3,0,2,1,3,0,2
reporting/ogham-email-sendgrid-v2,fr.sii.ogham.email.sendgrid.v2.builder.sendgrid,DefaultSendGridV2Configurer.EnvironmentPropagator,0,22,0,2,0,6,0,3,0,2
reporting/ogham-email-sendgrid-v2,fr.sii.ogham.email.sendgrid.v2.builder.sendgrid,DefaultSendGridV2Configurer.SendGridV2Configurer,0,51,0,2,0,11,0,3,0,2
reporting/ogham-email-sendgrid-v2,fr.sii.ogham.email.sendgrid.v2.builder.sendgrid,SendGridV2Builder,10,193,2,14,3,45,3,19,1,13
reporting/ogham-email-sendgrid-v2,fr.sii.ogham.email.sendgrid.v2.sender.impl.sendgrid.handler,MultiContentHandler,0,65,0,10,0,15,0,7,0,2
reporting/ogham-email-sendgrid-v2,fr.sii.ogham.email.sendgrid.v2.sender.impl.sendgrid.handler,PriorizedContentHandler,9,141,0,14,2,34,1,16,1,9
reporting/ogham-email-sendgrid-v2,fr.sii.ogham.email.sendgrid.v2.sender.impl.sendgrid.handler,StringContentHandler,0,117,1,13,0,28,1,10,0,4
reporting/ogham-email-sendgrid-v2,fr.sii.ogham.email.sendgrid.v2.sender.impl.sendgrid.handler,ContentWithAttachmentsHandler,0,41,0,2,0,11,0,4,0,3
reporting/ogham-email-sendgrid-v2,fr.sii.ogham.email.sendgrid.v2.sender.impl,SendGridV2Sender,17,246,1,17,4,58,2,15,1,7
reporting/ogham-email-sendgrid-v4,fr.sii.ogham.email.sendgrid.v4.sender.impl,SendGridV4Sender,31,289,2,18,5,71,2,20,0,11
reporting/ogham-email-sendgrid-v4,fr.sii.ogham.email.sendgrid.v4.builder.sendgrid,SendGridV4Builder,39,237,5,21,10,58,8,25,3,17
reporting/ogham-email-sendgrid-v4,fr.sii.ogham.email.sendgrid.v4.builder.sendgrid,DefaultSendGridV4Configurer.EnvironmentPropagator,0,22,0,2,0,6,0,3,0,2
reporting/ogham-email-sendgrid-v4,fr.sii.ogham.email.sendgrid.v4.builder.sendgrid,DefaultSendGridV4Configurer,0,14,1,3,0,2,1,3,0,2
reporting/ogham-email-sendgrid-v4,fr.sii.ogham.email.sendgrid.v4.builder.sendgrid,DefaultSendGridV4Configurer.SendGridV2Configurer,0,41,0,2,0,10,0,3,0,2
reporting/ogham-email-sendgrid-v4,fr.sii.ogham.email.sendgrid.v4.sender.impl.sendgrid.handler,MultiContentHandler,0,65,0,10,0,15,0,7,0,2
reporting/ogham-email-sendgrid-v4,fr.sii.ogham.email.sendgrid.v4.sender.impl.sendgrid.handler,ContentWithAttachmentsHandler,0,41,0,2,0,11,0,4,0,3
reporting/ogham-email-sendgrid-v4,fr.sii.ogham.email.sendgrid.v4.sender.impl.sendgrid.handler,StringContentHandler,0,90,0,8,0,25,0,8,0,4
reporting/ogham-email-sendgrid-v4,fr.sii.ogham.email.sendgrid.v4.sender.impl.sendgrid.handler,PriorizedContentHandler,9,141,0,14,2,34,1,16,1,9
reporting/ogham-email-sendgrid-v4,fr.sii.ogham.email.sendgrid.v4.sender.impl.sendgrid.client,CustomizableUrlClient,19,34,0,0,8,9,2,2,2,2
reporting/ogham-email-sendgrid-v4,fr.sii.ogham.email.sendgrid.v4.sender.impl.sendgrid.client,DelegateSendGridClient,9,172,3,17,2,40,3,16,0,9
reporting/ogham-sms-cloudhopper,fr.sii.ogham.sms.sender.impl.cloudhopper.exception,UnknownCharsetException,4,0,0,0,2,0,1,0,1,0
reporting/ogham-sms-cloudhopper,fr.sii.ogham.sms.sender.impl.cloudhopper.exception,UnsupportedCharsetException,11,5,0,0,4,2,2,1,2,1
reporting/ogham-sms-cloudhopper,fr.sii.ogham.sms.sender.impl.cloudhopper.exception,DataCodingException,18,7,0,0,7,3,3,1,3,1
reporting/ogham-sms-cloudhopper,fr.sii.ogham.sms.sender.impl.cloudhopper.exception,MessagePreparationException,10,6,0,0,4,2,2,1,2,1
reporting/ogham-sms-cloudhopper,fr.sii.ogham.sms.sender.impl.cloudhopper.exception,GuessEncodingException,3,7,0,0,1,3,1,1,1,1
reporting/ogham-sms-cloudhopper,fr.sii.ogham.sms.sender.impl.cloudhopper,CloudhopperOptions,16,27,0,0,8,10,4,5,4,5
reporting/ogham-sms-cloudhopper,fr.sii.ogham.sms.sender.impl.cloudhopper.encoder,GuessEncodingEncoder,0,72,0,10,0,20,0,10,0,5
reporting/ogham-sms-cloudhopper,fr.sii.ogham.sms.sender.impl.cloudhopper.encoder,CloudhopperCharsetSupportingEncoder,2,53,1,5,1,8,1,7,0,5
reporting/ogham-sms-cloudhopper,fr.sii.ogham.sms.sender.impl.cloudhopper.encoder,MapCloudhopperCharsetEncoder,0,146,0,8,0,28,0,11,0,7
reporting/ogham-sms-cloudhopper,fr.sii.ogham.sms.sender.impl.cloudhopper.encoder,NamedCharset,0,35,0,0,0,8,0,5,0,5
reporting/ogham-sms-cloudhopper,fr.sii.ogham.sms.sender.impl.cloudhopper.splitter,SupportedEncoderConditionalSplitter,2,23,1,1,1,7,1,3,0,3
reporting/ogham-sms-cloudhopper,fr.sii.ogham.sms.sender.impl,CloudhopperSMPPSender,41,181,2,14,11,49,5,17,3,11
reporting/ogham-sms-cloudhopper,fr.sii.ogham.sms.builder.cloudhopper,StandardEncodingHelper,0,12,0,0,0,4,0,2,0,2
reporting/ogham-sms-cloudhopper,fr.sii.ogham.sms.builder.cloudhopper,ReadableEncoderBuilder,28,45,4,6,4,14,4,8,0,7
reporting/ogham-sms-cloudhopper,fr.sii.ogham.sms.builder.cloudhopper,UserDataBuilder.UserDataPropValues,0,15,0,0,0,6,0,3,0,3
reporting/ogham-sms-cloudhopper,fr.sii.ogham.sms.builder.cloudhopper,DataCodingSchemeBuilder,25,93,3,5,7,23,5,7,2,6
reporting/ogham-sms-cloudhopper,fr.sii.ogham.sms.builder.cloudhopper,CloudhopperBuilder,115,638,17,43,35,130,22,64,11,45
reporting/ogham-sms-cloudhopper,fr.sii.ogham.sms.builder.cloudhopper,CloudhopperSessionOptions,4,83,0,0,2,35,1,24,1,24
reporting/ogham-sms-cloudhopper,fr.sii.ogham.sms.builder.cloudhopper,MessageSplitterBuilder,23,185,3,13,6,38,5,15,2,10
reporting/ogham-sms-cloudhopper,fr.sii.ogham.sms.builder.cloudhopper,DefaultCloudhopperConfigurer,0,7,0,0,0,2,0,2,0,2
reporting/ogham-sms-cloudhopper,fr.sii.ogham.sms.builder.cloudhopper,EncoderBuilder,57,175,7,5,12,40,9,17,5,15
reporting/ogham-sms-cloudhopper,fr.sii.ogham.sms.builder.cloudhopper,LoggingBuilder,12,0,0,0,5,0,3,0,3,0
reporting/ogham-sms-cloudhopper,fr.sii.ogham.sms.builder.cloudhopper,SslBuilder,49,0,2,0,12,0,6,0,5,0
reporting/ogham-sms-cloudhopper,fr.sii.ogham.sms.builder.cloudhopper,InterfaceVersion,0,181,0,20,0,28,0,16,0,6
reporting/ogham-sms-cloudhopper,fr.sii.ogham.sms.builder.cloudhopper,SessionBuilder,63,226,1,3,21,44,12,15,11,14
reporting/ogham-sms-cloudhopper,fr.sii.ogham.sms.builder.cloudhopper,DefaultCloudhopperConfigurer.EnvironmentPropagator,0,17,1,1,0,5,1,2,0,2
reporting/ogham-sms-cloudhopper,fr.sii.ogham.sms.builder.cloudhopper,ReferenceNumberGeneratorBuilder,12,27,2,2,4,8,3,4,1,4
reporting/ogham-sms-cloudhopper,fr.sii.ogham.sms.builder.cloudhopper,DefaultCloudhopperConfigurer.CloudhopperConfigurer,5,489,1,1,2,50,1,2,0,2
reporting/ogham-sms-cloudhopper,fr.sii.ogham.sms.builder.cloudhopper,UserDataBuilder,0,68,0,0,0,15,0,6,0,6
reporting/ogham-sms-cloudhopper,fr.sii.ogham.sms.sender.impl.cloudhopper.preparator,ShortMessagePreparator,13,12,0,0,4,5,1,2,1,2
reporting/ogham-sms-cloudhopper,fr.sii.ogham.sms.sender.impl.cloudhopper.preparator,BaseMessagePreparator,19,203,2,10,5,46,3,13,1,9
reporting/ogham-sms-cloudhopper,fr.sii.ogham.sms.sender.impl.cloudhopper.preparator,CharsetMapToGeneralGroupDataCodingProvider,0,104,0,4,0,24,0,7,0,5
reporting/ogham-sms-cloudhopper,fr.sii.ogham.sms.sender.impl.cloudhopper.preparator,FixedByteValueDataCodingProvider,10,0,0,0,4,0,2,0,2,0
reporting/ogham-sms-cloudhopper,fr.sii.ogham.sms.sender.impl.cloudhopper.preparator,CharsetMapToCharacterEncodingGroupDataCodingProvider,0,88,0,4,0,19,0,5,0,3
reporting/ogham-sms-cloudhopper,fr.sii.ogham.sms.sender.impl.cloudhopper.preparator,TlvMessagePayloadMessagePreparator,5,16,0,0,2,4,1,2,1,2
reporting/ogham-sms-cloudhopper,fr.sii.ogham.sms.sender.impl.cloudhopper.preparator,FirstSupportingDataCodingProvider,0,46,0,4,0,13,0,6,0,4
reporting/ogham-sms-ovh,fr.sii.ogham.sms.util.http,Response,0,21,0,0,0,8,0,4,0,4
reporting/ogham-sms-ovh,fr.sii.ogham.sms.util.http,HttpStatus,61,654,16,6,6,61,14,7,5,5
reporting/ogham-sms-ovh,fr.sii.ogham.sms.util.http,Parameter,2,23,1,1,0,8,1,4,0,4
reporting/ogham-sms-ovh,fr.sii.ogham.sms.sender.impl.ovh,DefaultSmsCodingDetector,0,625,0,16,0,17,0,14,0,6
reporting/ogham-sms-ovh,fr.sii.ogham.sms.sender.impl.ovh,OvhAuthParams,0,21,0,0,0,8,0,4,0,4
reporting/ogham-sms-ovh,fr.sii.ogham.sms.sender.impl.ovh,OvhOptions,19,28,0,2,8,9,4,6,4,5
reporting/ogham-sms-ovh,fr.sii.ogham.sms.sender.impl.ovh,SmsCoding,0,93,0,8,0,17,0,9,0,5
reporting/ogham-sms-ovh,fr.sii.ogham.sms.util,HttpUtils,26,186,3,13,4,34,4,11,1,6
reporting/ogham-sms-ovh,fr.sii.ogham.sms.builder.ovh,DefaultOvhSmsConfigurer.EnvironmentPropagator,0,15,0,0,0,4,0,2,0,2
reporting/ogham-sms-ovh,fr.sii.ogham.sms.builder.ovh,OvhOptionsBuilder,0,100,0,0,0,23,0,11,0,11
reporting/ogham-sms-ovh,fr.sii.ogham.sms.builder.ovh,DefaultOvhSmsConfigurer.OvhSmsConfigurer,3,97,0,0,2,14,0,3,0,3
reporting/ogham-sms-ovh,fr.sii.ogham.sms.builder.ovh,DefaultOvhSmsConfigurer,0,4,0,0,0,1,0,1,0,1
reporting/ogham-sms-ovh,fr.sii.ogham.sms.builder.ovh,OvhSmsBuilder,26,194,4,8,5,42,4,21,1,18
reporting/ogham-sms-ovh,fr.sii.ogham.sms.sender.impl,OvhSmsSender,24,289,1,13,6,54,3,16,2,10
reporting/ogham-sms-smsglobal,fr.sii.ogham.sms.builder.smsglobal,SmsGlobalDataCodingProvider,0,37,0,6,0,7,0,5,0,2
reporting/ogham-sms-smsglobal,fr.sii.ogham.sms.builder.smsglobal,SmsglobalServiceProviderConfigurer,0,7,0,0,0,2,0,2,0,2
reporting/ogham-sms-smsglobal,fr.sii.ogham.sms.builder.smsglobal,SmsglobalServiceProviderConfigurer.EnvironmentPropagator,0,17,1,1,0,5,1,2,0,2
reporting/ogham-sms-smsglobal,fr.sii.ogham.sms.builder.smsglobal,SmsglobalServiceProviderConfigurer.SmsglobalConfigurer,0,133,2,8,0,31,2,6,0,3
reporting/ogham-sms-smsglobal,fr.sii.ogham.sms.sender.impl,SmsglobalRestSender,10,0,0,0,4,0,4,0,4,0
reporting/ogham-spring-boot-common-autoconfigure,fr.sii.ogham.spring.template.freemarker,SpringBeansTemplateHashModelEx.new TemplateHashModelEx2.KeyValuePairIterator() {...},40,0,4,0,8,0,5,0,3,0
reporting/ogham-spring-boot-common-autoconfigure,fr.sii.ogham.spring.template.freemarker,SpringBeansTemplateHashModelEx.new Iterator() {...},5,46,2,2,1,6,2,3,0,3
reporting/ogham-spring-boot-common-autoconfigure,fr.sii.ogham.spring.template.freemarker,SpringBeansTemplateHashModelEx.new Iterator() {...},4,43,1,3,1,5,1,4,0,3
reporting/ogham-spring-boot-common-autoconfigure,fr.sii.ogham.spring.template.freemarker,SpringBeansTemplateHashModelEx.3.new TemplateHashModelEx2.KeyValuePair() {...},46,0,0,0,4,0,3,0,3,0
reporting/ogham-spring-boot-common-autoconfigure,fr.sii.ogham.spring.template.freemarker,SpringBeansTemplateHashModelEx,35,29,4,0,4,6,6,3,4,3
reporting/ogham-spring-boot-common-autoconfigure,fr.sii.ogham.spring.template.freemarker,LazySpringBeanAccessModel,4,35,1,1,1,9,2,3,1,3
reporting/ogham-spring-boot-common-autoconfigure,fr.sii.ogham.spring.template,OghamFreemarkerConfiguration,0,15,0,0,0,2,0,2,0,2
reporting/ogham-spring-boot-common-autoconfigure,fr.sii.ogham.spring.template,OghamFreemarkerConfiguration.OghamFreeMarkerNonWebConfiguration,0,9,0,0,0,3,0,3,0,3
reporting/ogham-spring-boot-common-autoconfigure,fr.sii.ogham.spring.template,NoTemplateEngineConfigurer,7,0,0,0,4,0,4,0,4,0
reporting/ogham-spring-boot-common-autoconfigure,fr.sii.ogham.spring.template,OghamThymeleafProperties,4,9,0,0,2,3,1,2,1,2
reporting/ogham-spring-boot-common-autoconfigure,fr.sii.ogham.spring.template,FreemarkerConfigurer,7,407,7,11,1,95,7,13,0,11
reporting/ogham-spring-boot-common-autoconfigure,fr.sii.ogham.spring.template,ThymeLeafConfigurer,0,378,4,8,0,87,4,11,0,9
reporting/ogham-spring-boot-common-autoconfigure,fr.sii.ogham.spring.template,OghamFreemarkerProperties,12,28,0,0,6,10,3,6,3,6
reporting/ogham-spring-boot-common-autoconfigure,fr.sii.ogham.spring.template,OghamFreemarkerConfiguration.OghamFreeMarkerWebConfiguration,0,9,0,0,0,3,0,3,0,3
reporting/ogham-spring-boot-common-autoconfigure,fr.sii.ogham.spring.template,OghamNoTemplateEngineConfiguration,13,0,0,0,2,0,2,0,2,0
reporting/ogham-spring-boot-common-autoconfigure,fr.sii.ogham.spring.template,OghamCommonTemplateProperties,4,6,0,0,2,2,1,2,1,2
reporting/ogham-spring-boot-common-autoconfigure,fr.sii.ogham.spring.template,OghamFreemarkerConfiguration.FreeMarkerDefaultOghamConfiguration,0,23,0,0,0,7,0,4,0,4
reporting/ogham-spring-boot-common-autoconfigure,fr.sii.ogham.spring.email,AbstractSpringSendGridConfigurer,0,112,1,5,0,31,1,9,0,7
reporting/ogham-spring-boot-common-autoconfigure,fr.sii.ogham.spring.email,OghamJavaMailProperties.BodyProperties,4,6,0,0,2,2,1,2,1,2
reporting/ogham-spring-boot-common-autoconfigure,fr.sii.ogham.spring.email,OghamJavaMailConfiguration,0,9,0,0,0,2,0,2,0,2
reporting/ogham-spring-boot-common-autoconfigure,fr.sii.ogham.spring.email,OghamSendGridProperties,12,19,0,0,6,7,3,6,3,6
reporting/ogham-spring-boot-common-autoconfigure,fr.sii.ogham.spring.email,OghamJavaMailProperties.AuthenticationProperties,8,9,0,0,4,3,2,3,2,3
reporting/ogham-spring-boot-common-autoconfigure,fr.sii.ogham.spring.email,SpringMailConfigurer,0,167,1,3,0,40,1,8,0,7
reporting/ogham-spring-boot-common-autoconfigure,fr.sii.ogham.spring.email,OghamJavaMailProperties,8,33,0,0,4,11,2,7,2,7
reporting/ogham-spring-boot-common-autoconfigure,fr.sii.ogham.spring.email,OghamEmailProperties,38,46,0,0,16,16,11,8,11,8
reporting/ogham-spring-boot-common-autoconfigure,fr.sii.ogham.spring.xml,SpringXMLMessagingBuilder,38,0,0,0,13,0,6,0,6,0
reporting/ogham-spring-boot-common-autoconfigure,fr.sii.ogham.spring.sms,OghamSmsProperties,54,39,0,0,24,11,15,4,15,4
reporting/ogham-spring-boot-common-autoconfigure,fr.sii.ogham.spring.sms,OghamCloudhopperConfiguration,0,9,0,0,0,2,0,2,0,2
reporting/ogham-spring-boot-common-autoconfigure,fr.sii.ogham.spring.sms,OghamCloudhopperProperties.ConnectRetryProperties,8,17,0,0,4,5,2,3,2,3
reporting/ogham-spring-boot-common-autoconfigure,fr.sii.ogham.spring.sms,OghamOvhSmsProperties,8,38,0,0,4,14,2,9,2,9
reporting/ogham-spring-boot-common-autoconfigure,fr.sii.ogham.spring.sms,OghamCloudhopperProperties,30,43,0,0,14,15,8,9,8,9
reporting/ogham-spring-boot-common-autoconfigure,fr.sii.ogham.spring.sms,OghamOvhSmsConfiguration,0,8,0,0,0,2,0,2,0,2
reporting/ogham-spring-boot-common-autoconfigure,fr.sii.ogham.spring.sms,OghamSmppProperties,8,23,0,0,4,9,2,7,2,7
reporting/ogham-spring-boot-common-autoconfigure,fr.sii.ogham.spring.sms,SpringOvhSmsConfigurer,16,113,2,2,2,23,2,6,0,6
reporting/ogham-spring-boot-common-autoconfigure,fr.sii.ogham.spring.sms,OghamCloudhopperProperties.SessionProperties,44,77,0,0,22,22,11,12,11,12
reporting/ogham-spring-boot-common-autoconfigure,fr.sii.ogham.spring.sms,OghamOvhSmsProperties.Options,12,15,0,0,6,5,3,4,3,4
reporting/ogham-spring-boot-common-autoconfigure,fr.sii.ogham.spring.sms,SpringCloudhopperConfigurer,0,247,2,2,0,45,2,6,0,6
reporting/ogham-spring-boot-common-autoconfigure,fr.sii.ogham.spring.template.thymeleaf,SpringWebThymeleafContextConverter,23,124,3,3,4,31,3,4,0,4
reporting/ogham-spring-boot-common-autoconfigure,fr.sii.ogham.spring.template.thymeleaf,SpringStandaloneThymeleafContextConverter,3,52,1,1,1,14,1,2,0,2
reporting/ogham-spring-boot-common-autoconfigure,fr.sii.ogham.spring.template.thymeleaf,RequestContextHolderWebContextProvider,0,18,0,0,0,6,0,5,0,5
reporting/ogham-spring-boot-common-autoconfigure,fr.sii.ogham.spring.env,SpringEnvironmentPropertyResolver,23,23,0,0,4,6,4,4,4,4
reporting/ogham-spring-boot-common-autoconfigure,fr.sii.ogham.spring.common,OghamResolutionProperties,8,19,0,0,4,5,2,3,2,3
reporting/ogham-spring-boot-common-autoconfigure,fr.sii.ogham.spring.common,PrefixSuffixProperties,0,17,0,0,0,7,0,5,0,5
reporting/ogham-spring-boot-common-autoconfigure,fr.sii.ogham.spring.common,MessageSpecificTemplateProperties,4,6,0,0,2,2,1,2,1,2
reporting/ogham-spring-boot-common-autoconfigure,fr.sii.ogham.spring.common,MessageSpecificFreemarkerProperties,0,3,0,0,0,1,0,1,0,1
reporting/ogham-spring-boot-common-autoconfigure,fr.sii.ogham.spring.common,MessageSpecificThymeleafProperties,4,6,0,0,2,2,1,2,1,2
reporting/ogham-spring-boot-common-autoconfigure,fr.sii.ogham.spring.common,SpringEnvironmentConfigurer,0,25,0,0,0,8,0,4,0,4
reporting/ogham-spring-boot-common-autoconfigure,fr.sii.ogham.spring.common,OghamMimetypeProperties,7,6,0,0,3,2,2,1,2,1
reporting/ogham-spring-boot-v1-autoconfigure,fr.sii.ogham.spring.v1.template.thymeleaf,SpringWebContextProvider,0,14,0,0,0,2,0,2,0,2
reporting/ogham-spring-boot-v1-autoconfigure,fr.sii.ogham.spring.v1.template.thymeleaf,NoOpRequestContextWrapper,0,4,0,0,0,2,0,2,0,2
reporting/ogham-spring-boot-v1-autoconfigure,fr.sii.ogham.spring.v1.template.thymeleaf,UpdateCurrentContextMerger,6,44,2,4,2,10,2,5,0,4
reporting/ogham-spring-boot-v1-autoconfigure,fr.sii.ogham.spring.v1.email,SpringSendGridV2Configurer,0,39,0,0,0,13,0,4,0,4
reporting/ogham-spring-boot-v1-autoconfigure,fr.sii.ogham.spring.v1.email,OghamSendGridV2Configuration,0,10,0,0,0,2,0,2,0,2
reporting/ogham-spring-boot-v1-autoconfigure,fr.sii.ogham.spring.v1.autoconfigure,OghamSpringBoot1AutoConfiguration,0,39,0,2,0,10,0,5,0,4
reporting/ogham-spring-boot-v1-autoconfigure,fr.sii.ogham.spring.v1.template,OghamThymeleafV2Configuration,4,79,1,1,1,12,2,13,1,13
reporting/ogham-spring-boot-v2-autoconfigure,fr.sii.ogham.spring.v2.template,OghamThymeleafV3Configuration,4,80,1,1,1,12,2,13,1,13
reporting/ogham-spring-boot-v2-autoconfigure,fr.sii.ogham.spring.v2.template.thymeleaf,WebExpressionContextProvider,0,21,0,0,0,5,0,2,0,2
reporting/ogham-spring-boot-v2-autoconfigure,fr.sii.ogham.spring.v2.template.thymeleaf,UpdateCurrentContextMerger,6,42,2,4,2,10,2,5,0,4
reporting/ogham-spring-boot-v2-autoconfigure,fr.sii.ogham.spring.v2.template.thymeleaf,SpringWebMvcThymeleafRequestContextWrapper,0,15,0,0,0,4,0,2,0,2
reporting/ogham-spring-boot-v2-autoconfigure,fr.sii.ogham.spring.v2.autoconfigure,OghamSpringBoot2AutoConfiguration,0,39,0,2,0,10,0,5,0,4
reporting/ogham-spring-boot-v2-autoconfigure,fr.sii.ogham.spring.v2.email,SpringSendGridV4Configurer,0,36,0,0,0,12,0,4,0,4
reporting/ogham-spring-boot-v2-autoconfigure,fr.sii.ogham.spring.v2.email,OghamSendGridV4Configuration,0,10,0,0,0,2,0,2,0,2
reporting/ogham-template-freemarker,fr.sii.ogham.template.freemarker.builder,FreemarkerSmsBuilder,0,10,0,0,0,4,0,2,0,2
reporting/ogham-template-freemarker,fr.sii.ogham.template.freemarker.builder,FreemarkerConfigurationBuilder,55,180,5,13,14,47,10,17,5,13
reporting/ogham-template-freemarker,fr.sii.ogham.template.freemarker.builder,AbstractFreemarkerMultiContentBuilder,0,54,0,2,0,11,0,5,0,4
reporting/ogham-template-freemarker,fr.sii.ogham.template.freemarker.builder,FreemarkerEmailBuilder,0,6,0,0,0,2,0,1,0,1
reporting/ogham-template-freemarker,fr.sii.ogham.template.freemarker.builder,AbstractFreemarkerBuilder,48,253,4,12,13,57,9,22,5,18
reporting/ogham-template-freemarker,fr.sii.ogham.template.freemarker.configurer,DefaultFreemarkerSmsConfigurer.FreemakerConfigurer,0,190,1,3,0,35,1,4,0,3
reporting/ogham-template-freemarker,fr.sii.ogham.template.freemarker.configurer,DefaultFreemarkerSmsConfigurer,0,14,1,3,0,2,1,3,0,2
reporting/ogham-template-freemarker,fr.sii.ogham.template.freemarker.configurer,DefaultFreemarkerEmailConfigurer.EnvironmentPropagator,0,17,0,2,0,5,0,3,0,2
reporting/ogham-template-freemarker,fr.sii.ogham.template.freemarker.configurer,DefaultFreemarkerEmailConfigurer,0,14,1,3,0,2,1,3,0,2
reporting/ogham-template-freemarker,fr.sii.ogham.template.freemarker.configurer,DefaultFreemarkerEmailConfigurer.FreemakerConfigurer,0,201,1,3,0,39,1,4,0,3
reporting/ogham-template-freemarker,fr.sii.ogham.template.freemarker.configurer,DefaultFreemarkerSmsConfigurer.EnvironmentPropagator,0,17,0,2,0,5,0,3,0,2
reporting/ogham-template-freemarker,fr.sii.ogham.template.freemarker.adapter,StringContentTemplateLoader.StringTemplateSource,22,6,0,0,2,3,2,1,2,1
reporting/ogham-template-freemarker,fr.sii.ogham.template.freemarker.adapter,ClassPathResolverAdapter.FixClassTemplateLoader,0,19,0,2,0,4,0,3,0,2
reporting/ogham-template-freemarker,fr.sii.ogham.template.freemarker.adapter,StringResolverAdapter,4,15,1,1,0,4,1,3,0,3
reporting/ogham-template-freemarker,fr.sii.ogham.template.freemarker.adapter,FileResolverAdapter,16,32,0,2,2,8,0,5,0,4
reporting/ogham-template-freemarker,fr.sii.ogham.template.freemarker.adapter,StringContentTemplateLoader,0,18,0,0,0,5,0,5,0,5
reporting/ogham-template-freemarker,fr.sii.ogham.template.freemarker.adapter,FirstSupportingResolverAdapter,3,105,0,12,1,24,1,14,1,8
reporting/ogham-template-freemarker,fr.sii.ogham.template.freemarker.adapter,ClassPathResolverAdapter,3,31,1,3,1,8,1,5,0,4
reporting/ogham-template-freemarker,fr.sii.ogham.template.freemarker.adapter,AbstractFreeMarkerTemplateLoaderOptionsAdapter,3,7,0,0,1,3,1,2,1,2
reporting/ogham-template-freemarker,fr.sii.ogham.template.freemarker,TemplateLoaderOptions,0,3,0,0,0,2,0,1,0,1
reporting/ogham-template-freemarker,fr.sii.ogham.template.freemarker,FreeMarkerFirstSupportingTemplateLoader.AdaptedSource,37,32,6,0,6,9,6,5,3,5
reporting/ogham-template-freemarker,fr.sii.ogham.template.freemarker,SkipLocaleForStringContentTemplateLookupStrategy,23,46,0,4,4,12,0,5,0,3
reporting/ogham-template-freemarker,fr.sii.ogham.template.freemarker,FreeMarkerTemplateDetector,2,85,1,7,1,20,1,8,0,5
reporting/ogham-template-freemarker,fr.sii.ogham.template.freemarker,FreeMarkerParser,9,74,0,2,2,18,0,5,0,4
reporting/ogham-template-freemarker,fr.sii.ogham.template.freemarker,FreeMarkerFirstSupportingTemplateLoader,32,73,0,2,4,15,0,6,0,5
reporting/ogham-template-thymeleaf-common,fr.sii.ogham.template.thymeleaf.common.exception,TemplateResolutionException,17,10,0,0,6,4,3,1,3,1
reporting/ogham-template-thymeleaf-common,fr.sii.ogham.template.thymeleaf.common.buider,AbstractThymeleafMultiContentBuilder,0,54,0,2,0,11,0,5,0,4
reporting/ogham-template-thymeleaf-common,fr.sii.ogham.template.thymeleaf.common.buider,AbstractThymeleafEngineConfigBuilder,240,0,18,0,70,0,33,0,24,0
reporting/ogham-template-thymeleaf-common,fr.sii.ogham.template.thymeleaf.common.buider,AbstractThymeleafBuilder,48,203,5,11,13,50,9,24,5,20
reporting/ogham-template-thymeleaf-common,fr.sii.ogham.template.thymeleaf.common,ThymeleafParser,17,60,0,0,4,14,1,4,1,4
reporting/ogham-template-thymeleaf-common,fr.sii.ogham.template.thymeleaf.common,SimpleThymeleafContextConverter,0,21,0,2,0,6,0,3,0,2
reporting/ogham-template-thymeleaf-common,fr.sii.ogham.template.thymeleaf.common,TemplateResolverOptions,4,13,0,0,2,5,1,4,1,4
reporting/ogham-template-thymeleaf-common,fr.sii.ogham.template.thymeleaf.common.configure,AbstractDefaultThymeleafEmailConfigurer,0,182,1,3,0,37,1,4,0,3
reporting/ogham-template-thymeleaf-common,fr.sii.ogham.template.thymeleaf.common.configure,AbstractDefaultThymeleafSmsConfigurer,0,173,1,3,0,33,1,4,0,3
reporting/ogham-template-thymeleaf-common,fr.sii.ogham.template.thymeleaf.common.adapter,FirstSupportingResolverAdapter,3,97,0,10,1,23,1,12,1,7
reporting/ogham-template-thymeleaf-common,fr.sii.ogham.template.thymeleaf.common.adapter,ClassPathResolverAdapter,0,25,0,2,0,7,0,4,0,3
reporting/ogham-template-thymeleaf-common,fr.sii.ogham.template.thymeleaf.common.adapter,AbstractTemplateResolverOptionsAdapter,3,17,0,0,1,7,1,3,1,3
reporting/ogham-template-thymeleaf-common,fr.sii.ogham.template.thymeleaf.common.adapter,FileResolverAdapter,0,25,0,2,0,7,0,4,0,3
reporting/ogham-template-thymeleaf-v2,fr.sii.ogham.template.thymeleaf.v2,ThymeleafV2TemplateDetector,7,113,0,16,2,26,0,14,0,6
reporting/ogham-template-thymeleaf-v2,fr.sii.ogham.template.thymeleaf.v2,ThymeLeafV2FirstSupportingTemplateResolver,16,60,1,1,2,17,1,5,0,5
reporting/ogham-template-thymeleaf-v2,fr.sii.ogham.template.thymeleaf.v2.resolver,StringTemplateResolver,0,8,0,0,0,3,0,1,0,1
reporting/ogham-template-thymeleaf-v2,fr.sii.ogham.template.thymeleaf.v2.resolver,FixClassLoaderTemplateResolver,1,16,1,1,0,3,1,2,0,2
reporting/ogham-template-thymeleaf-v2,fr.sii.ogham.template.thymeleaf.v2.resolver,StringResourceResolver,0,11,0,0,0,3,0,3,0,3
reporting/ogham-template-thymeleaf-v2,fr.sii.ogham.template.thymeleaf.v2.configure,DefaultThymeleafV2SmsConfigurer,0,14,0,4,0,2,0,4,0,2
reporting/ogham-template-thymeleaf-v2,fr.sii.ogham.template.thymeleaf.v2.configure,DefaultThymeleafV2EmailConfigurer.ThymeleafV2EmailConfigurer,5,8,0,0,2,4,1,3,1,3
reporting/ogham-template-thymeleaf-v2,fr.sii.ogham.template.thymeleaf.v2.configure,DefaultThymeleafV2SmsConfigurer.ThymeleafV2SmsConfigurer,0,8,0,0,0,4,0,3,0,3
reporting/ogham-template-thymeleaf-v2,fr.sii.ogham.template.thymeleaf.v2.configure,DefaultThymeleafV2EmailConfigurer.EnvironmentPropagator,0,17,0,2,0,5,0,3,0,2
reporting/ogham-template-thymeleaf-v2,fr.sii.ogham.template.thymeleaf.v2.configure,DefaultThymeleafV2SmsConfigurer.EnvironmentPropagator,0,17,0,2,0,5,0,3,0,2
reporting/ogham-template-thymeleaf-v2,fr.sii.ogham.template.thymeleaf.v2.configure,DefaultThymeleafV2EmailConfigurer,0,14,0,4,0,2,0,4,0,2
reporting/ogham-template-thymeleaf-v2,fr.sii.ogham.template.thymeleaf.v2.buider,ThymeleafV2SmsBuilder,14,63,1,1,3,14,2,5,1,5
reporting/ogham-template-thymeleaf-v2,fr.sii.ogham.template.thymeleaf.v2.buider,ThymeleafV2EngineConfigBuilder,109,0,12,0,34,0,17,0,11,0
reporting/ogham-template-thymeleaf-v2,fr.sii.ogham.template.thymeleaf.v2.buider,ThymeleafV2EmailBuilder,14,65,1,1,3,14,2,5,1,5
reporting/ogham-template-thymeleaf-v2,fr.sii.ogham.template.thymeleaf.v2.adapter,FixClassPathResolverAdapter,0,25,0,2,0,7,0,4,0,3
reporting/ogham-template-thymeleaf-v2,fr.sii.ogham.template.thymeleaf.v2.adapter,ThymeleafV2TemplateOptionsApplier,0,34,1,3,0,9,1,4,0,3
reporting/ogham-template-thymeleaf-v2,fr.sii.ogham.template.thymeleaf.v2.adapter,StringResolverAdapter,4,21,1,1,0,7,1,3,0,3
reporting/ogham-template-thymeleaf-v3,fr.sii.ogham.template.thymeleaf.v3.adapter,ThymeleafV3TemplateOptionsApplier,0,34,0,4,0,9,0,5,0,3
reporting/ogham-template-thymeleaf-v3,fr.sii.ogham.template.thymeleaf.v3.adapter,StringResolverAdapter,4,21,1,1,0,7,1,3,0,3
reporting/ogham-template-thymeleaf-v3,fr.sii.ogham.template.thymeleaf.v3,ThymeleafV3TemplateDetector,7,127,0,18,2,29,0,17,0,8
reporting/ogham-template-thymeleaf-v3,fr.sii.ogham.template.thymeleaf.v3,ThymeLeafV3FirstSupportingTemplateResolver,20,78,2,4,4,17,2,6,0,5
reporting/ogham-template-thymeleaf-v3,fr.sii.ogham.template.thymeleaf.v3.buider,ThymeleafV3SmsBuilder,14,63,1,1,3,14,2,5,1,5
reporting/ogham-template-thymeleaf-v3,fr.sii.ogham.template.thymeleaf.v3.buider,ThymeleafV3EmailBuilder,14,65,1,1,3,14,2,5,1,5
reporting/ogham-template-thymeleaf-v3,fr.sii.ogham.template.thymeleaf.v3.buider,ThymeleafV3EngineConfigBuilder,5,0,0,0,2,0,1,0,1,0
reporting/ogham-template-thymeleaf-v3,fr.sii.ogham.template.thymeleaf.v3.configure,DefaultThymeleafV3EmailConfigurer,0,14,0,4,0,2,0,4,0,2
reporting/ogham-template-thymeleaf-v3,fr.sii.ogham.template.thymeleaf.v3.configure,DefaultThymeleafV3SmsConfigurer.ThymeleafV3SmsConfigurer,5,8,0,0,2,4,1,3,1,3
reporting/ogham-template-thymeleaf-v3,fr.sii.ogham.template.thymeleaf.v3.configure,DefaultThymeleafV3SmsConfigurer,0,14,0,4,0,2,0,4,0,2
reporting/ogham-template-thymeleaf-v3,fr.sii.ogham.template.thymeleaf.v3.configure,DefaultThymeleafV3EmailConfigurer.EnvironmentPropagator,0,17,0,2,0,5,0,3,0,2
reporting/ogham-template-thymeleaf-v3,fr.sii.ogham.template.thymeleaf.v3.configure,DefaultThymeleafV3EmailConfigurer.ThymeleafV3EmailConfigurer,5,8,0,0,2,4,1,3,1,3
reporting/ogham-template-thymeleaf-v3,fr.sii.ogham.template.thymeleaf.v3.configure,DefaultThymeleafV3SmsConfigurer.EnvironmentPropagator,0,17,0,2,0,5,0,3,0,2
reporting/ogham-test-utils,fr.sii.ogham.testing.sms.simulator.bean,SimpleAddress,0,21,0,0,0,8,0,4,0,4
reporting/ogham-test-utils,fr.sii.ogham.testing.sms.simulator.bean,Tag,0,562,0,0,0,52,0,4,0,4
reporting/ogham-test-utils,fr.sii.ogham.testing.sms.simulator.bean,NumberingPlanIndicator,15,144,1,3,2,17,2,4,1,3
reporting/ogham-test-utils,fr.sii.ogham.testing.sms.simulator.bean,SimpleCommand,27,0,0,0,10,0,5,0,5,0
reporting/ogham-test-utils,fr.sii.ogham.testing.sms.simulator.bean,TypeOfNumber,15,111,1,3,2,14,2,4,1,3
reporting/ogham-test-utils,fr.sii.ogham.testing.sms.simulator.bean,Alphabet,12,213,1,3,1,24,1,5,0,4
reporting/ogham-test-utils,fr.sii.ogham.testing.assertion.hamcrest,ThrowableAnyCauseMatcher,0,75,0,10,0,24,0,9,0,4
reporting/ogham-test-utils,fr.sii.ogham.testing.assertion.hamcrest,SimilarHtmlMatcher,68,25,3,1,14,8,6,3,4,3
reporting/ogham-test-utils,fr.sii.ogham.testing.assertion.hamcrest,IdenticalHtmlMatcher,0,93,1,3,0,22,1,8,0,7
reporting/ogham-test-utils,fr.sii.ogham.testing.assertion.hamcrest,ExceptionMatchers,0,24,0,0,0,4,0,4,0,4
reporting/ogham-test-utils,fr.sii.ogham.testing.assertion.hamcrest,ThrowableMessageMatcher,0,45,0,0,0,11,0,5,0,5
reporting/ogham-test-utils,fr.sii.ogham.testing.assertion.hamcrest,CustomReason,0,25,0,0,0,9,0,5,0,5
reporting/ogham-test-utils,fr.sii.ogham.testing.assertion.context,SingleMessageContext,0,14,0,0,0,4,0,2,0,2
reporting/ogham-test-utils,fr.sii.ogham.testing.assertion.email,AssertAttachment,121,0,2,0,15,0,4,0,3,0
reporting/ogham-test-utils,fr.sii.ogham.testing.assertion.email,AddressesWithContext,0,28,0,0,0,8,0,3,0,3
reporting/ogham-test-utils,fr.sii.ogham.testing.assertion.email,ExpectedEmailHeader,16,52,0,0,4,15,2,7,2,7
reporting/ogham-test-utils,fr.sii.ogham.testing.assertion.email,EmailAssert,95,531,0,30,22,88,0,29,0,14
reporting/ogham-test-utils,fr.sii.ogham.testing.assertion.email,EmailsAssert,7,59,0,2,1,9,1,5,1,4
reporting/ogham-test-utils,fr.sii.ogham.testing.assertion.email,AssertEmail,285,355,23,19,47,60,28,21,12,16
reporting/ogham-test-utils,fr.sii.ogham.testing.assertion.email,ReceivedEmailsAssert,0,57,0,2,0,9,0,5,0,4
reporting/ogham-test-utils,fr.sii.ogham.testing.assertion.email,AddressListAssert,0,179,0,16,0,39,0,13,0,5
reporting/ogham-test-utils,fr.sii.ogham.testing.assertion.email,ExpectedAttachment,176,0,0,0,46,0,23,0,23,0
reporting/ogham-test-utils,fr.sii.ogham.testing.assertion.email,PartWithContext,0,28,0,0,0,8,0,3,0,3
reporting/ogham-test-utils,fr.sii.ogham.testing.assertion.email,ExpectedMultiPartEmail,12,0,0,0,4,0,2,0,2,0
reporting/ogham-test-utils,fr.sii.ogham.testing.assertion.email,ExpectedEmail,0,23,0,0,0,6,0,3,0,3
reporting/ogham-test-utils,fr.sii.ogham.testing.assertion.email,ExpectedContent,0,28,0,0,0,10,0,5,0,5
reporting/ogham-test-utils,fr.sii.ogham.testing.assertion.email,PartAssert,107,252,5,29,24,51,5,24,2,10
reporting/ogham-test-utils,fr.sii.ogham.testing.extension.common,TestInformationLogger,0,346,0,2,0,45,0,15,0,14
reporting/ogham-test-utils,fr.sii.ogham.testing.extension.common,Slf4jPrinter,0,57,3,5,0,15,3,7,0,6
reporting/ogham-test-utils,fr.sii.ogham.testing.extension.common,TestInformationLogger.Characters,0,105,0,0,0,13,0,3,0,3
reporting/ogham-test-utils,fr.sii.ogham.testing.extension.common,StringPrinter,0,120,3,3,0,18,3,4,0,4
reporting/ogham-test-utils,fr.sii.ogham.testing.assertion.filter,FileNamePredicate,7,24,0,0,2,5,0,3,0,3
reporting/ogham-test-utils,fr.sii.ogham.testing.assertion.filter,DefaultAttachmentPredicate,0,13,1,3,0,2,1,3,0,2
reporting/ogham-test-utils,fr.sii.ogham.testing.assertion.filter,AnyPredicate,5,0,0,0,2,0,2,0,2,0
reporting/ogham-test-utils,fr.sii.ogham.testing.sms.simulator.config,SimulatorConfiguration,0,17,0,0,0,7,0,5,0,5
reporting/ogham-test-utils,fr.sii.ogham.testing.sms.simulator.config,ServerDelays,63,108,0,0,21,52,21,28,21,28
reporting/ogham-test-utils,fr.sii.ogham.testing.sms.simulator.config,Credentials,0,15,0,0,0,6,0,3,0,3
reporting/ogham-test-utils,fr.sii.ogham.testing.extension.spock,LoggingTestInterceptor,0,44,0,0,0,14,0,3,0,3
reporting/ogham-test-utils,fr.sii.ogham.testing.extension.spock,LoggingTestExtension,11,35,1,3,4,9,2,4,1,3
reporting/ogham-test-utils,fr.sii.ogham.testing.assertion.html,AssertHtml,14,115,1,9,4,28,1,9,0,5
reporting/ogham-test-utils,fr.sii.ogham.testing.mock.classloader,FilterableClassLoader,69,41,6,2,20,9,10,4,7,3
reporting/ogham-test-utils,fr.sii.ogham.testing.sms.simulator.cloudhopper,CloudhopperSMPPServer,76,0,0,0,23,0,9,0,9,0
reporting/ogham-test-utils,fr.sii.ogham.testing.sms.simulator.cloudhopper,TestSmppServerHandler,73,0,4,0,21,0,10,0,8,0
reporting/ogham-test-utils,fr.sii.ogham.testing.assertion.sms,SmsAssert,0,278,0,14,0,52,0,16,0,9
reporting/ogham-test-utils,fr.sii.ogham.testing.assertion.sms,ExpectedSms,0,21,0,0,0,8,0,4,0,4
reporting/ogham-test-utils,fr.sii.ogham.testing.assertion.sms,ShortMessageMessageAssert,0,99,0,8,0,24,0,10,0,6
reporting/ogham-test-utils,fr.sii.ogham.testing.assertion.sms,PduRequestAssert,0,166,0,10,0,34,0,12,0,7
reporting/ogham-test-utils,fr.sii.ogham.testing.assertion.sms,SmsListAssert,7,33,0,0,1,7,1,4,1,4
reporting/ogham-test-utils,fr.sii.ogham.testing.assertion.sms,OptionalParameterWithContext,0,52,1,5,0,10,1,6,0,4
reporting/ogham-test-utils,fr.sii.ogham.testing.assertion.sms,OptionalParameterAssert,0,85,0,6,0,21,0,7,0,4
reporting/ogham-test-utils,fr.sii.ogham.testing.assertion.sms,AssertSms,18,150,0,2,5,12,2,3,2,2
reporting/ogham-test-utils,fr.sii.ogham.testing.assertion.sms,ExpectedAddressedPhoneNumber,82,21,10,0,13,8,8,4,3,4
reporting/ogham-test-utils,fr.sii.ogham.testing.assertion.sms,ReceivedSmsAssert,7,24,0,0,2,5,1,3,1,3
reporting/ogham-test-utils,fr.sii.ogham.testing.assertion.sms,PduRequestWithContext,0,28,0,0,0,8,0,3,0,3
reporting/ogham-test-utils,fr.sii.ogham.testing.assertion.sms,ShortMessageWithContext,0,17,0,0,0,6,0,3,0,3
reporting/ogham-test-utils,fr.sii.ogham.testing.assertion.sms,PhoneNumberAssert,0,87,0,6,0,21,0,7,0,4
reporting/ogham-test-utils,fr.sii.ogham.testing.assertion.sms,PhoneNumberWithContext,0,28,0,0,0,8,0,3,0,3
reporting/ogham-test-utils,fr.sii.ogham.testing.assertion.sms,PhoneNumberInfo,0,52,0,0,0,11,0,6,0,6
reporting/ogham-test-utils,fr.sii.ogham.testing.assertion.sms,SplitSms,54,0,2,0,12,0,6,0,5,0
reporting/ogham-test-utils,fr.sii.ogham.testing.util,ResourceUtils,12,28,1,3,1,5,1,4,0,3
reporting/ogham-test-utils,fr.sii.ogham.testing.util,HasParent,0,9,0,0,0,4,0,2,0,2
reporting/ogham-test-utils,fr.sii.ogham.testing.sms.simulator,SmppServerException,13,0,0,0,6,0,3,0,3,0
reporting/ogham-test-utils,fr.sii.ogham.testing.sms.simulator.jsmpp,SlowPduSender,362,53,0,2,46,15,21,7,21,6
reporting/ogham-test-utils,fr.sii.ogham.testing.sms.simulator.jsmpp,DeliveryReceiptTask,141,68,1,1,24,19,2,3,1,3
reporting/ogham-test-utils,fr.sii.ogham.testing.sms.simulator.jsmpp,JSMPPServer,27,61,0,0,9,20,2,5,2,5
reporting/ogham-test-utils,fr.sii.ogham.testing.sms.simulator.jsmpp,OptionalParameterAdapter,2,97,1,9,1,20,1,10,0,6
reporting/ogham-test-utils,fr.sii.ogham.testing.sms.simulator.jsmpp,ConfigurableSMPPServerSessionListener.NullServerConnectionFactory,4,2,0,0,2,1,2,1,2,1
reporting/ogham-test-utils,fr.sii.ogham.testing.sms.simulator.jsmpp,JSMPPServerSimulator,71,249,14,14,17,67,16,15,6,11
reporting/ogham-test-utils,fr.sii.ogham.testing.sms.simulator.jsmpp,WaitBindTask,22,85,1,9,8,23,1,9,0,5
reporting/ogham-test-utils,fr.sii.ogham.testing.sms.simulator.jsmpp,ConfigurableSMPPServerSessionListener,61,96,1,3,15,18,6,7,5,6
reporting/ogham-test-utils,fr.sii.ogham.testing.sms.simulator.jsmpp,SubmitSmAdapter,76,52,0,0,12,9,13,7,13,7
reporting/ogham-test-utils,fr.sii.ogham.testing.sms.simulator.decode,SmsUtils,0,7,0,0,0,2,0,2,0,2
reporting/ogham-test-utils,fr.sii.ogham.testing.sms.simulator.decode,CloudhopperCharsetAdapter,0,11,0,0,0,4,0,2,0,2
reporting/ogham-test-utils,fr.sii.ogham.testing.sms.simulator.decode,MessageDecoder,17,103,2,13,2,24,2,12,0,5
reporting/ogham-test-utils,fr.sii.ogham.testing.extension.junit.sms.config,ServerConfig,24,169,3,5,4,43,4,9,2,7
reporting/ogham-test-utils,fr.sii.ogham.testing.extension.junit.sms.config,SlowConfig,150,0,0,0,50,0,25,0,25,0
reporting/ogham-test-utils,fr.sii.ogham.testing.extension.junit,SmppServerRule,2,44,1,1,1,11,1,5,0,5
reporting/ogham-test-utils,fr.sii.ogham.testing.extension.junit,LoggingTestExtension,37,57,2,4,11,14,5,5,3,4
reporting/ogham-test-utils,fr.sii.ogham.testing.extension.junit,JsmppServerRule,0,28,0,0,0,9,0,5,0,5
reporting/ogham-test-utils,fr.sii.ogham.testing.extension.junit,LoggingTestRule,30,41,0,0,9,10,3,5,3,5
reporting/ogham-test-utils,fr.sii.ogham.testing.extension.junit,SmppServerRule.StartServerStatement,0,41,0,0,0,11,0,2,0,2
reporting/ogham-test-utils,fr.sii.ogham.testing.assertion.exception,ComparisonException,13,0,0,0,6,0,3,0,3,0
reporting/ogham-test-utils,fr.sii.ogham.testing.assertion,OghamMatchers,0,10,0,0,0,2,0,2,0,2
reporting/ogham-test-utils,fr.sii.ogham.testing.assertion,OghamAssertions,19,19,0,0,2,2,2,2,2,2
reporting/ogham-test-utils,fr.sii.ogham.testing.assertion.template,AssertTemplate,4,31,2,2,0,7,2,4,0,4
reporting/ogham-test-utils,mock.context,SimpleBean,20,98,3,3,4,24,4,10,1,10
reporting/ogham-test-utils,mock.context,NestedBean,14,48,3,3,4,12,4,4,1,4
reporting/ogham-test-utils,fr.sii.ogham.testing.assertion.util,AssertionHelper,4,160,3,25,1,42,3,20,0,9
reporting/ogham-test-utils,fr.sii.ogham.testing.assertion.util,EmailUtils.MessagingRuntimeException,5,0,0,0,2,0,1,0,1,0
reporting/ogham-test-utils,fr.sii.ogham.testing.assertion.util,HtmlUtils,11,27,2,2,2,4,2,1,0,1
reporting/ogham-test-utils,fr.sii.ogham.testing.assertion.util,EmailUtils,68,197,7,15,15,43,7,21,3,14
reporting/ogham-test-utils,fr.sii.ogham.testing.assertion.wiremock,WireMockMatchers,0,5,0,0,0,1,0,1,0,1
reporting/ogham-test-utils,fr.sii.ogham.testing.assertion.wiremock,SimilarHtmlPattern.new MatchResult() {...},6,13,0,0,1,2,1,2,1,2
reporting/ogham-test-utils,fr.sii.ogham.testing.assertion.wiremock,SimilarHtmlPattern,0,16,0,0,0,4,0,2,0,2
reporting/ogham-test-utils,fr.sii.ogham.testing.sms.simulator.opensmpp,OpensmppServer,182,0,6,0,51,0,9,0,6,0
reporting/ogham-test-utils,fr.sii.ogham.testing.sms.simulator.opensmpp,OpensmppServer.ReadableShortMessageStore,22,0,0,0,7,0,3,0,3,0
reporting/ogham-test-utils-internal,fr.sii.ogham.testing.assertion,OghamInternalAssertions,0,5,0,0,0,1,0,1,0,1
reporting/ogham-test-utils-internal,fr.sii.ogham.testing.assertion.internal,CloudhopperAssertions,0,58,0,0,0,14,0,9,0,9
reporting/ogham-test-utils-internal,fr.sii.ogham.testing.assertion.internal,JavaMailAssertions,7,36,0,0,2,9,0,5,0,5
reporting/ogham-test-utils-internal,fr.sii.ogham.testing.assertion.internal,MessagingServiceAssertions,10,46,0,0,1,8,1,6,1,6
reporting/ogham-test-utils-internal,fr.sii.ogham.testing.assertion.internal,ThymeleafAssertions,40,24,0,0,2,5,4,3,4,3
reporting/ogham-test-utils-internal,fr.sii.ogham.testing.assertion.internal,ResourceResolverAssertions,18,163,2,16,5,34,2,14,0,7
reporting/ogham-test-utils-internal,fr.sii.ogham.testing.assertion.internal,FreemarkerParserAssertions,14,48,0,0,4,10,0,6,0,6
reporting/ogham-test-utils-internal,fr.sii.ogham.testing.assertion.internal,SendGridAssertions,28,80,1,5,9,20,2,8,1,6
reporting/ogham-test-utils-internal,fr.sii.ogham.testing.assertion.internal,RelativeResolutionAssertions,30,110,0,6,6,19,0,10,0,7
reporting/ogham-test-utils-internal,fr.sii.ogham.testing.assertion.internal,CloudhopperSplitterAssertions,7,34,0,2,2,9,0,4,0,3
reporting/ogham-test-utils-internal,fr.sii.ogham.testing.assertion.internal,FreemarkerConfigurationAssersions,0,25,0,2,0,7,0,3,0,2
reporting/ogham-test-utils-internal,fr.sii.ogham.testing.assertion.internal,ThymeleafParserAssertions,14,53,0,2,4,13,0,7,0,6
reporting/ogham-test-utils-internal,fr.sii.ogham.testing.assertion.internal,CloudhopperUserDataAssertions,7,37,0,0,2,10,0,4,0,4
reporting/ogham-test-utils-internal,fr.sii.ogham.testing.assertion.internal,FreemarkerAssersions,40,24,0,0,8,7,4,3,4,3
reporting/ogham-test-utils-internal,fr.sii.ogham.testing.assertion.internal,SendGridVersion,37,0,0,0,7,0,3,0,3,0
reporting/ogham-test-utils-internal,fr.sii.ogham.testing.assertion.internal.matcher,IsSpringBeanInstance,11,30,3,1,2,10,3,2,1,2
reporting/ogham-test-utils-internal,fr.sii.ogham.testing.assertion.internal.matcher,SpringContextAssertions,3,6,0,0,1,1,1,1,1,1
reporting/ogham-test-utils-internal,fr.sii.ogham.testing.assertion.internal.helper,ImplementationFinder,118,344,7,37,17,76,7,28,0,13
reporting/ogham-test-utils-internal,fr.sii.ogham.testing.assertion.internal.helper,FoundParser,3,12,0,0,1,5,1,2,1,2
