GROUP,PACKAGE,CLASS,INSTRUCTION_MISSED,INSTRUCTION_COVERED,BRANCH_MISSED,BRANCH_COVERED,LINE_MISSED,LINE_COVERED,COMPLEXITY_MISSED,COMPLEXITY_COVERED,METHOD_MISSED,METHOD_COVERED
reporting/ogham-core,fr.sii.ogham.core.message.content,EmailVariant,24,0,0,0,3,0,1,0,1,0
reporting/ogham-core,fr.sii.ogham.core.message.content,TemplateVariantContent,108,0,0,0,16,0,8,0,8,0
reporting/ogham-core,fr.sii.ogham.core.message.content,MultiContent,92,0,2,0,19,0,10,0,9,0
reporting/ogham-core,fr.sii.ogham.core.message.content,ParsedContent,106,0,10,0,21,0,16,0,11,0
reporting/ogham-core,fr.sii.ogham.core.message.content,TemplateContent,114,0,6,0,17,0,12,0,9,0
reporting/ogham-core,fr.sii.ogham.core.message.content,MultiTemplateContent,110,0,6,0,20,0,12,0,9,0
reporting/ogham-core,fr.sii.ogham.core.message.content,StringContent,40,0,0,0,10,0,7,0,7,0
reporting/ogham-core,fr.sii.ogham.core.message.content,StringTemplateContent,16,0,0,0,4,0,2,0,2,0
reporting/ogham-core,fr.sii.ogham.email.exception.attachment.translator,ResourceTranslatorException,13,0,0,0,6,0,3,0,3,0
reporting/ogham-core,fr.sii.ogham.core.condition.provider,RequiredPropertiesAnnotationProvider,72,0,6,0,12,0,5,0,2,0
reporting/ogham-core,fr.sii.ogham.core.condition.provider,AnnotationConditionProvider,73,0,0,0,12,0,2,0,2,0
reporting/ogham-core,fr.sii.ogham.core.condition.provider,RequiredClassAnnotationProvider,74,0,6,0,11,0,6,0,3,0
reporting/ogham-core,fr.sii.ogham.core.condition.provider,RequiredPropertyAnnotationProvider,238,0,16,0,30,0,14,0,6,0
reporting/ogham-core,fr.sii.ogham.core.condition.provider,ActivableAtRuntimeConditionProvider,15,0,2,0,4,0,3,0,2,0
reporting/ogham-core,fr.sii.ogham.core.condition.provider,ImplementationConditionProvider,37,0,0,0,8,0,2,0,2,0
reporting/ogham-core,fr.sii.ogham.core.condition.provider,RequiredClassesAnnotationProvider,69,0,6,0,11,0,5,0,2,0
reporting/ogham-core,fr.sii.ogham.core.condition.provider,StaticConditionProvider,9,0,0,0,4,0,2,0,2,0
reporting/ogham-core,fr.sii.ogham.core.convert,DefaultConverter,52,0,0,0,10,0,2,0,2,0
reporting/ogham-core,fr.sii.ogham.core.convert,StringToURLConverter,46,0,8,0,8,0,7,0,3,0
reporting/ogham-core,fr.sii.ogham.core.convert,StringToEnumConverter,99,0,10,0,16,0,10,0,5,0
reporting/ogham-core,fr.sii.ogham.core.convert,StringToBooleanConverter,98,0,10,0,22,0,9,0,4,0
reporting/ogham-core,fr.sii.ogham.core.convert,NoConversionNeededConverter,9,0,0,0,3,0,3,0,3,0
reporting/ogham-core,fr.sii.ogham.core.convert,StringToCharsetConverter,44,0,8,0,8,0,7,0,3,0
reporting/ogham-core,fr.sii.ogham.core.convert,StringToArrayConverter,88,0,12,0,20,0,11,0,5,0
reporting/ogham-core,fr.sii.ogham.core.convert,StringToNumberConverter,293,0,68,0,60,0,41,0,7,0
reporting/ogham-core,fr.sii.ogham.core.convert,DelegateConverter,73,0,8,0,16,0,9,0,5,0
reporting/ogham-core,fr.sii.ogham.core.builder.charset,SimpleCharsetDetectorBuilder,52,0,2,0,13,0,6,0,5,0
reporting/ogham-core,fr.sii.ogham.email.attachment,Attachment,289,0,4,0,64,0,32,0,30,0
reporting/ogham-core,fr.sii.ogham.html.inliner.impl.jsoup,ImageInlineUtils,52,0,8,0,12,0,6,0,2,0
reporting/ogham-core,fr.sii.ogham.html.inliner.impl.jsoup,JsoupBase64ImageInliner,103,0,8,0,17,0,7,0,3,0
reporting/ogham-core,fr.sii.ogham.html.inliner.impl.jsoup,JsoupCssInliner,276,0,22,0,55,0,19,0,8,0
reporting/ogham-core,fr.sii.ogham.html.inliner.impl.jsoup,JsoupAttachImageInliner,136,0,10,0,24,0,8,0,3,0
reporting/ogham-core,fr.sii.ogham.sms.sender,PhoneNumberTranslatorSender,153,0,8,0,32,0,10,0,6,0
reporting/ogham-core,fr.sii.ogham.sms.sender,SmsSender,26,0,0,0,9,0,4,0,4,0
reporting/ogham-core,fr.sii.ogham.core.exception.builder,BuildException,13,0,0,0,6,0,3,0,3,0
reporting/ogham-core,fr.sii.ogham.core.util.classpath,SimpleClasspathHelper,102,0,10,0,35,0,12,0,7,0
reporting/ogham-core,fr.sii.ogham.core.exception.filler,FillMessageException,16,0,0,0,6,0,3,0,3,0
reporting/ogham-core,fr.sii.ogham.core.builder.sender,SenderImplementationBuilderHelper,137,0,14,0,29,0,13,0,6,0
reporting/ogham-core,fr.sii.ogham.sms.exception.message,PhoneNumberTranslatorException,13,0,0,0,6,0,3,0,3,0
reporting/ogham-core,fr.sii.ogham.sms.exception.message,ReferenceNumberGenerationException,13,0,0,0,6,0,3,0,3,0
reporting/ogham-core,fr.sii.ogham.sms.exception.message,InvalidReferenceNumberException,10,0,0,0,4,0,2,0,2,0
reporting/ogham-core,fr.sii.ogham.sms.exception.message,NoSplitterAbleToSplitMessageException,5,0,0,0,2,0,1,0,1,0
reporting/ogham-core,fr.sii.ogham.sms.exception.message,AddressingException,13,0,0,0,6,0,3,0,3,0
reporting/ogham-core,fr.sii.ogham.sms.exception.message,SplitMessageException,25,0,0,0,10,0,4,0,4,0
reporting/ogham-core,fr.sii.ogham.sms.exception.message,EncodingException,13,0,0,0,6,0,3,0,3,0
reporting/ogham-core,fr.sii.ogham.core.filler,AbstractMessageAwareFiller,54,0,8,0,12,0,8,0,4,0
reporting/ogham-core,fr.sii.ogham.core.filler,EveryFillerDecorator,37,0,2,0,11,0,5,0,4,0
reporting/ogham-core,fr.sii.ogham.core.filler,SubjectFiller,26,0,6,0,10,0,5,0,2,0
reporting/ogham-core,fr.sii.ogham.core.template.context,SimpleContext,50,0,0,0,11,0,6,0,6,0
reporting/ogham-core,fr.sii.ogham.core.template.context,BeanContext,47,0,0,0,9,0,5,0,5,0
reporting/ogham-core,fr.sii.ogham.core.template.context,LocaleContext,27,0,0,0,9,0,5,0,5,0
reporting/ogham-core,fr.sii.ogham.core.template.context,NullContext,7,0,0,0,3,0,3,0,3,0
reporting/ogham-core,fr.sii.ogham.sms.builder,SenderNumberBuilder,44,0,4,0,13,0,7,0,5,0
reporting/ogham-core,fr.sii.ogham.sms.builder,SmsBuilder,162,0,12,0,40,0,16,0,10,0
reporting/ogham-core,fr.sii.ogham.sms.builder,RecipientNumberFormatBuilder,59,0,2,0,14,0,6,0,5,0
reporting/ogham-core,fr.sii.ogham.sms.builder,PhoneNumbersBuilder,45,0,4,0,10,0,6,0,4,0
reporting/ogham-core,fr.sii.ogham.sms.builder,AutofillSmsBuilder,74,0,4,0,16,0,6,0,4,0
reporting/ogham-core,fr.sii.ogham.sms.builder,AutofillDefaultPhoneNumberBuilder,6,0,0,0,2,0,1,0,1,0
reporting/ogham-core,fr.sii.ogham.sms.builder,PhoneNumberTranslatorPair,15,0,0,0,6,0,3,0,3,0
reporting/ogham-core,fr.sii.ogham.sms.builder,RecipientNumberBuilder,44,0,4,0,13,0,7,0,5,0
reporting/ogham-core,fr.sii.ogham.sms.builder,SenderNumberFormatBuilder,111,0,6,0,26,0,12,0,9,0
reporting/ogham-core,fr.sii.ogham.core.util,WithPriority,20,0,0,0,7,0,4,0,4,0
reporting/ogham-core,fr.sii.ogham.core.util,ArrayUtils,54,0,6,0,12,0,5,0,2,0
reporting/ogham-core,fr.sii.ogham.core.util,PriorizedList,61,0,0,0,16,0,9,0,9,0
reporting/ogham-core,fr.sii.ogham.core.util,BeanUtils.Options,27,0,0,0,10,0,5,0,5,0
reporting/ogham-core,fr.sii.ogham.core.util,ClasspathUtils,17,0,0,0,7,0,4,0,4,0
reporting/ogham-core,fr.sii.ogham.core.util,StringUtils,13,0,0,0,3,0,3,0,3,0
reporting/ogham-core,fr.sii.ogham.core.util,EqualsBuilder,219,0,36,0,41,0,27,0,9,0
reporting/ogham-core,fr.sii.ogham.core.util,BeanUtils,149,0,12,0,37,0,15,0,9,0
reporting/ogham-core,fr.sii.ogham.core.util,HtmlUtils,101,0,10,0,23,0,10,0,5,0
reporting/ogham-core,fr.sii.ogham.core.util,HashCodeBuilder,67,0,2,0,16,0,9,0,8,0
reporting/ogham-core,fr.sii.ogham.core.util,IOUtils,30,0,0,0,6,0,4,0,4,0
reporting/ogham-core,fr.sii.ogham.core.util,Base64Utils,4,0,0,0,1,0,1,0,1,0
reporting/ogham-core,fr.sii.ogham.core.util,BuilderUtils,248,0,16,0,37,0,18,0,10,0
reporting/ogham-core,fr.sii.ogham.core.util,LogUtils,5,0,0,0,1,0,1,0,1,0
reporting/ogham-core,fr.sii.ogham.core.util,PriorizedMatchingHandler,23,0,0,0,8,0,4,0,4,0
reporting/ogham-core,fr.sii.ogham.core.util,ConfigurationValueUtils,22,0,4,0,4,0,3,0,1,0
reporting/ogham-core,fr.sii.ogham.core.util,PriorityComparator,17,0,0,0,4,0,2,0,2,0
reporting/ogham-core,fr.sii.ogham.core.util,LogUtils.Summarizer,26,0,4,0,8,0,4,0,2,0
reporting/ogham-core,fr.sii.ogham.email.builder,EmailBuilder,249,0,28,0,66,0,29,0,15,0
reporting/ogham-core,fr.sii.ogham.email.builder,ImageInliningBuilder,159,0,14,0,38,0,22,0,15,0
reporting/ogham-core,fr.sii.ogham.email.builder,AutofillDefaultEmailAddressBuilder,6,0,0,0,2,0,1,0,1,0
reporting/ogham-core,fr.sii.ogham.email.builder,AutofillEmailBuilder,165,0,22,0,36,0,19,0,8,0
reporting/ogham-core,fr.sii.ogham.email.builder,CssInliningBuilder,82,0,4,0,21,0,13,0,11,0
reporting/ogham-core,fr.sii.ogham.email.builder,CssHandlingBuilder,30,0,4,0,9,0,5,0,3,0
reporting/ogham-core,fr.sii.ogham.email.builder,AttachImageBuilder,40,0,6,0,11,0,6,0,3,0
reporting/ogham-core,fr.sii.ogham.email.builder,CidBuilder,29,0,4,0,11,0,6,0,4,0
reporting/ogham-core,fr.sii.ogham.email.builder,AttachmentHandlingBuilder,65,0,0,0,15,0,8,0,8,0
reporting/ogham-core,fr.sii.ogham.email.builder,Base64InliningBuilder,8,0,0,0,3,0,2,0,2,0
reporting/ogham-core,fr.sii.ogham.email.builder,ImageHandlingBuilder,30,0,4,0,9,0,5,0,3,0
reporting/ogham-core,fr.sii.ogham.email.builder,AutofillSubjectBuilder,113,0,6,0,27,0,11,0,8,0
reporting/ogham-core,fr.sii.ogham.core.builder.mimetype,SimpleMimetypeDetectionBuilder,148,0,14,0,39,0,18,0,11,0
reporting/ogham-core,fr.sii.ogham.core.builder.mimetype,SimpleTikaBuilder,60,0,2,0,12,0,6,0,5,0
reporting/ogham-core,fr.sii.ogham.core.builder.mimetype,ReplaceMimetypeBuilderDelegate,45,0,0,0,12,0,6,0,6,0
reporting/ogham-core,fr.sii.ogham.core.builder.mimetype,SimpleReplaceMimetypeBuilder.ContainsReplacement,22,0,0,0,6,0,2,0,2,0
reporting/ogham-core,fr.sii.ogham.core.builder.mimetype,TikaBuilderDelegate,34,0,0,0,9,0,5,0,5,0
reporting/ogham-core,fr.sii.ogham.core.builder.mimetype,SimpleReplaceMimetypeBuilder,82,0,2,0,16,0,7,0,6,0
reporting/ogham-core,fr.sii.ogham.core.builder.mimetype,MimetypeDetectionBuilderDelegate,43,0,0,0,9,0,6,0,6,0
reporting/ogham-core,fr.sii.ogham.core.builder.mimetype,SimpleReplaceMimetypeBuilder.PatternReplacement,17,0,0,0,5,0,2,0,2,0
reporting/ogham-core,fr.sii.ogham.core.util.bean,DirectAccessor,9,0,0,0,4,0,2,0,2,0
reporting/ogham-core,fr.sii.ogham.core.util.bean,RecursiveBeanReadWrapper,58,0,4,0,18,0,9,0,7,0
reporting/ogham-core,fr.sii.ogham.core.util.bean,BeanWrapperUtils,133,0,22,0,32,0,18,0,7,0
reporting/ogham-core,fr.sii.ogham.core.util.bean,DefaultRecursiveBeanReadWrapperFactory,11,0,0,0,2,0,2,0,2,0
reporting/ogham-core,fr.sii.ogham.core.util.bean,MapRecursiveBeanReadWrapperFactory,12,0,0,0,2,0,2,0,2,0
reporting/ogham-core,fr.sii.ogham.core.util.bean,ReadMethodAccessor,123,0,8,0,19,0,10,0,6,0
reporting/ogham-core,fr.sii.ogham.core.util.bean,SimpleBeanReadWrapper,201,0,24,0,42,0,21,0,9,0
reporting/ogham-core,fr.sii.ogham.core.util.bean,MapBeanReadWrapper.MapBeanReadWrapperEntry,85,0,14,0,25,0,14,0,7,0
reporting/ogham-core,fr.sii.ogham.core.util.bean,FieldAccessor,85,0,8,0,17,0,9,0,5,0
reporting/ogham-core,fr.sii.ogham.core.util.bean,MapBeanReadWrapper,139,0,10,0,32,0,23,0,18,0
reporting/ogham-core,fr.sii.ogham.core.exception.retry,RetryException,13,0,0,0,6,0,3,0,3,0
reporting/ogham-core,fr.sii.ogham.core.exception.retry,MaximumAttemptsReachedException,10,0,0,0,4,0,2,0,2,0
reporting/ogham-core,fr.sii.ogham.core.exception.retry,ExecutionFailedNotRetriedException,13,0,0,0,6,0,3,0,3,0
reporting/ogham-core,fr.sii.ogham.core.exception.retry,RetryExecutionInterruptedException,13,0,0,0,6,0,3,0,3,0
reporting/ogham-core,fr.sii.ogham.core.exception.retry,RetryExecutionFailureException,13,0,0,0,6,0,3,0,3,0
reporting/ogham-core,fr.sii.ogham.html.translator,InlineCssTranslator,173,0,14,0,41,0,15,0,8,0
reporting/ogham-core,fr.sii.ogham.html.translator,XHTMLTranslator,5,0,0,0,2,0,2,0,2,0
reporting/ogham-core,fr.sii.ogham.html.translator,ExpandCssPropertiesTranslator,5,0,0,0,2,0,2,0,2,0
reporting/ogham-core,fr.sii.ogham.html.translator,InlineImageTranslator,288,0,18,0,65,0,20,0,11,0
reporting/ogham-core,fr.sii.ogham.email.message,Recipient,82,0,0,0,15,0,8,0,8,0
reporting/ogham-core,fr.sii.ogham.email.message,Email,577,0,34,0,99,0,54,0,37,0
reporting/ogham-core,fr.sii.ogham.email.message,RecipientType,34,0,0,0,4,0,1,0,1,0
reporting/ogham-core,fr.sii.ogham.email.message,EmailAddress,141,0,10,0,27,0,14,0,9,0
reporting/ogham-core,fr.sii.ogham.core.template.detector,OrTemplateDetector,56,0,6,0,14,0,7,0,4,0
reporting/ogham-core,fr.sii.ogham.core.template.detector,CompositeTemplateDetector,23,0,0,0,8,0,4,0,4,0
reporting/ogham-core,fr.sii.ogham.core.template.detector,FixedEngineDetector,13,0,0,0,6,0,3,0,3,0
reporting/ogham-core,fr.sii.ogham.core.template.detector,SimpleResourceEngineDetector,53,0,4,0,15,0,6,0,4,0
reporting/ogham-core,fr.sii.ogham.email.filler,EmailFiller,110,0,26,0,20,0,16,0,3,0
reporting/ogham-core,fr.sii.ogham.core.retry,SimpleRetryExecutor,128,0,6,0,28,0,8,0,5,0
reporting/ogham-core,fr.sii.ogham.core.retry,FixedDelayRetry,50,0,2,0,14,0,8,0,7,0
reporting/ogham-core,fr.sii.ogham.core.retry,NamedCallable,16,0,0,0,6,0,3,0,3,0
reporting/ogham-core,fr.sii.ogham.sms.message.addressing,TypeOfNumber,126,0,4,0,16,0,6,0,4,0
reporting/ogham-core,fr.sii.ogham.sms.message.addressing,AddressedPhoneNumber,90,0,4,0,12,0,8,0,6,0
reporting/ogham-core,fr.sii.ogham.sms.message.addressing,NumberingPlanIndicator,159,0,4,0,19,0,6,0,4,0
reporting/ogham-core,fr.sii.ogham.core.translator.resource,DefaultResourceTranslator,5,0,0,0,2,0,2,0,2,0
reporting/ogham-core,fr.sii.ogham.core.translator.resource,EveryResourceTranslator,68,0,2,0,18,0,8,0,7,0
reporting/ogham-core,fr.sii.ogham.core.translator.resource,LookupResourceTranslator,43,0,2,0,13,0,5,0,4,0
reporting/ogham-core,fr.sii.ogham.core.exception.resource,NoResolverException,16,0,0,0,6,0,3,0,3,0
reporting/ogham-core,fr.sii.ogham.core.exception.resource,ResourceResolutionException,25,0,0,0,10,0,4,0,4,0
reporting/ogham-core,fr.sii.ogham.core.exception.template,BeanException,25,0,0,0,10,0,4,0,4,0
reporting/ogham-core,fr.sii.ogham.core.exception.template,NoEngineDetectionException,4,0,0,0,2,0,1,0,1,0
reporting/ogham-core,fr.sii.ogham.core.exception.template,BeanContextException,25,0,0,0,10,0,4,0,4,0
reporting/ogham-core,fr.sii.ogham.core.exception.template,ParseException,37,0,0,0,14,0,5,0,5,0
reporting/ogham-core,fr.sii.ogham.core.exception.template,EngineDetectionException,13,0,0,0,6,0,3,0,3,0
reporting/ogham-core,fr.sii.ogham.core.exception.template,ContextException,13,0,0,0,6,0,3,0,3,0
reporting/ogham-core,fr.sii.ogham.core.service,EverySupportingMessagingService,93,0,6,0,25,0,8,0,5,0
reporting/ogham-core,fr.sii.ogham.core.service,WrapExceptionMessagingService,75,0,0,0,16,0,2,0,2,0
reporting/ogham-core,fr.sii.ogham.core.builder.configurer,DefaultMessagingConfigurer,330,0,0,0,87,0,8,0,8,0
reporting/ogham-core,fr.sii.ogham.core.builder.configurer,MessagingConfigurerAdapter,29,0,0,0,12,0,7,0,7,0
reporting/ogham-core,fr.sii.ogham.core.builder.configurer,ConfigurationPhase,24,0,0,0,3,0,1,0,1,0
reporting/ogham-core,fr.sii.ogham.sms,SmsConstants.SmppSplitConstants,19,0,0,0,3,0,1,0,1,0
reporting/ogham-core,fr.sii.ogham.sms,SmsConstants.SmppSplitConstants.SegmentSizes,15,0,0,0,6,0,3,0,3,0
reporting/ogham-core,fr.sii.ogham.core.id.generator,SequentialIdGenerator,63,0,2,0,16,0,7,0,6,0
reporting/ogham-core,fr.sii.ogham.core.id.generator,UUIDGenerator,9,0,0,0,2,0,2,0,2,0
reporting/ogham-core,fr.sii.ogham.core.exception.util,FieldAccessException,13,0,0,0,6,0,3,0,3,0
reporting/ogham-core,fr.sii.ogham.core.exception.util,InvalidPropertyException,27,0,0,0,10,0,4,0,4,0
reporting/ogham-core,fr.sii.ogham.core.exception.util,HttpException,13,0,0,0,6,0,3,0,3,0
reporting/ogham-core,fr.sii.ogham.core.exception.util,PhoneNumberException,13,0,0,0,6,0,3,0,3,0
reporting/ogham-core,fr.sii.ogham.core.exception.util,BeanWrapperException,9,0,0,0,4,0,2,0,2,0
reporting/ogham-core,fr.sii.ogham.core.condition,OrCondition,54,0,4,0,14,0,8,0,6,0
reporting/ogham-core,fr.sii.ogham.core.condition,PropertyValueCondition,87,0,0,0,11,0,5,0,5,0
reporting/ogham-core,fr.sii.ogham.core.condition,RequiredPropertyCondition,67,0,0,0,10,0,5,0,5,0
reporting/ogham-core,fr.sii.ogham.core.condition,NotCondition,53,0,2,0,9,0,6,0,5,0
reporting/ogham-core,fr.sii.ogham.core.condition,AndCondition,54,0,4,0,14,0,8,0,6,0
reporting/ogham-core,fr.sii.ogham.core.condition,RequiredClassCondition,48,0,0,0,9,0,5,0,5,0
reporting/ogham-core,fr.sii.ogham.core.condition,CompositeCondition,57,0,0,0,13,0,8,0,8,0
reporting/ogham-core,fr.sii.ogham.core.condition,PropertyPatternCondition,99,0,6,0,12,0,8,0,5,0
reporting/ogham-core,fr.sii.ogham.core.condition,FixedCondition,44,0,0,0,9,0,5,0,5,0
reporting/ogham-core,fr.sii.ogham.sms.filler,SmsFiller,48,0,12,0,8,0,9,0,3,0
reporting/ogham-core,fr.sii.ogham.email.sender,AttachmentResourceTranslatorSender,107,0,4,0,21,0,7,0,5,0
reporting/ogham-core,fr.sii.ogham.email.sender,EmailSender,26,0,0,0,9,0,4,0,4,0
reporting/ogham-core,fr.sii.ogham.template.exception,NoResolverAdapterException,16,0,0,0,6,0,3,0,3,0
reporting/ogham-core,fr.sii.ogham.template.exception,ResolverAdapterNotFoundException,9,0,0,0,4,0,2,0,2,0
reporting/ogham-core,fr.sii.ogham.template.exception,ResolverAdapterConfigurationException,16,0,0,0,6,0,3,0,3,0
reporting/ogham-core,fr.sii.ogham.template.exception,TemplateVariantNotFoundException,32,0,2,0,8,0,5,0,4,0
reporting/ogham-core,fr.sii.ogham.template.exception,ResolverAdapterException,25,0,0,0,10,0,4,0,4,0
reporting/ogham-core,fr.sii.ogham.template.exception,VariantResolutionException,12,0,0,0,4,0,2,0,2,0
reporting/ogham-core,fr.sii.ogham.template.exception,UnknownVariantException,7,0,0,0,2,0,1,0,1,0
reporting/ogham-core,fr.sii.ogham.template.exception,TemplateRuntimeException,13,0,0,0,6,0,3,0,3,0
reporting/ogham-core,fr.sii.ogham.core.template.parser,AutoDetectTemplateParser.TemplateImplementation,32,0,0,0,7,0,4,0,4,0
reporting/ogham-core,fr.sii.ogham.core.template.parser,AutoDetectTemplateParser,97,0,4,0,19,0,7,0,5,0
reporting/ogham-core,fr.sii.ogham.template.common.adapter,NullVariantResolver,7,0,0,0,3,0,3,0,3,0
reporting/ogham-core,fr.sii.ogham.template.common.adapter,ExtensionMappingVariantResolver,151,0,10,0,26,0,11,0,6,0
reporting/ogham-core,fr.sii.ogham.template.common.adapter,FirstExistingResourceVariantResolver,84,0,12,0,22,0,11,0,5,0
reporting/ogham-core,fr.sii.ogham.template.common.adapter,FailIfNotFoundVariantResolver,38,0,2,0,6,0,4,0,3,0
reporting/ogham-core,fr.sii.ogham.template.common.adapter,FailIfNotFoundWithTestedPathsVariantResolver,77,0,4,0,16,0,7,0,5,0
reporting/ogham-core,fr.sii.ogham.sms.message,Contact,105,0,4,0,21,0,12,0,10,0
reporting/ogham-core,fr.sii.ogham.sms.message,Sms,322,0,10,0,57,0,33,0,28,0
reporting/ogham-core,fr.sii.ogham.sms.message,PhoneNumber,38,0,0,0,9,0,6,0,6,0
reporting/ogham-core,fr.sii.ogham.sms.message,Sender,18,0,0,0,8,0,4,0,4,0
reporting/ogham-core,fr.sii.ogham.sms.message,Recipient,18,0,0,0,8,0,4,0,4,0
reporting/ogham-core,fr.sii.ogham.core.resource.resolver,StringResourceResolver,49,0,8,0,11,0,9,0,5,0
reporting/ogham-core,fr.sii.ogham.core.resource.resolver,FirstSupportingResourceResolver,109,0,10,0,27,0,14,0,9,0
reporting/ogham-core,fr.sii.ogham.core.resource.resolver,AbstractPrefixedLookupPathResolver,76,0,10,0,19,0,11,0,6,0
reporting/ogham-core,fr.sii.ogham.core.resource.resolver,FileResolver,87,0,2,0,18,0,7,0,6,0
reporting/ogham-core,fr.sii.ogham.core.resource.resolver,ClassPathResolver,138,0,6,0,26,0,11,0,8,0
reporting/ogham-core,fr.sii.ogham.core.resource.resolver,DefaultResourceResolver,44,0,4,0,10,0,7,0,5,0
reporting/ogham-core,fr.sii.ogham.core.resource.resolver,RelativeResolver,171,0,10,0,23,0,13,0,8,0
reporting/ogham-core,fr.sii.ogham.core.builder.template,VariantWithExt,15,0,0,0,6,0,3,0,3,0
reporting/ogham-core,fr.sii.ogham.core.builder.template,TemplateBuilderHelper,241,0,26,0,55,0,24,0,11,0
reporting/ogham-core,fr.sii.ogham.core.exception,MessagingException,13,0,0,0,6,0,3,0,3,0
reporting/ogham-core,fr.sii.ogham.core.exception,MultipleCauseExceptionWrapper,16,0,0,0,7,0,3,0,3,0
reporting/ogham-core,fr.sii.ogham.core.exception,MessagingRuntimeException,13,0,0,0,6,0,3,0,3,0
reporting/ogham-core,fr.sii.ogham.core.exception,MessageException,25,0,0,0,10,0,4,0,4,0
reporting/ogham-core,fr.sii.ogham.core.exception,MessageNotSentException,16,0,0,0,6,0,3,0,3,0
reporting/ogham-core,fr.sii.ogham.core.mimetype,OverrideMimetypeProvider,101,0,2,0,22,0,9,0,8,0
reporting/ogham-core,fr.sii.ogham.core.mimetype,FixedMimeTypeProvider,42,0,0,0,15,0,7,0,7,0
reporting/ogham-core,fr.sii.ogham.core.mimetype,JavaActivationProvider,60,0,0,0,15,0,7,0,7,0
reporting/ogham-core,fr.sii.ogham.core.mimetype,FallbackMimeTypeProvider,281,0,10,0,57,0,14,0,9,0
reporting/ogham-core,fr.sii.ogham.core.mimetype,TikaProvider,163,0,4,0,39,0,11,0,9,0
reporting/ogham-core,fr.sii.ogham.core.mimetype,JavaFilesProvider,63,0,2,0,13,0,7,0,6,0
reporting/ogham-core,fr.sii.ogham.core.builder.retry,FixedDelayBuilder,76,0,0,0,17,0,8,0,8,0
reporting/ogham-core,fr.sii.ogham.core.builder.retry,RetryBuilder,35,0,4,0,9,0,5,0,3,0
reporting/ogham-core,fr.sii.ogham.core.builder.retry,BuilderToRetryStrategyProviderBridge,11,0,0,0,4,0,2,0,2,0
reporting/ogham-core,fr.sii.ogham.core.subject.provider,MultiContentSubjectProvider,43,0,6,0,13,0,5,0,2,0
reporting/ogham-core,fr.sii.ogham.core.subject.provider,FirstSupportingSubjectProvider,42,0,4,0,13,0,6,0,4,0
reporting/ogham-core,fr.sii.ogham.core.subject.provider,HtmlTitleSubjectProvider,25,0,6,0,7,0,5,0,2,0
reporting/ogham-core,fr.sii.ogham.core.subject.provider,TextPrefixSubjectProvider,65,0,10,0,16,0,8,0,3,0
reporting/ogham-core,fr.sii.ogham.core.builder.env,SimplePropertiesBuilder.Property,15,0,0,0,6,0,3,0,3,0
reporting/ogham-core,fr.sii.ogham.core.builder.env,SimpleEnvironmentBuilder.AbstractProps,9,0,0,0,4,0,1,0,1,0
reporting/ogham-core,fr.sii.ogham.core.builder.env,SimpleEnvironmentBuilder.PropsBuilder,13,0,0,0,4,0,2,0,2,0
reporting/ogham-core,fr.sii.ogham.core.builder.env,SimpleEnvironmentBuilder,205,0,10,0,42,0,20,0,15,0
reporting/ogham-core,fr.sii.ogham.core.builder.env,ConverterBuilderDelegate,33,0,0,0,10,0,5,0,5,0
reporting/ogham-core,fr.sii.ogham.core.builder.env,PropertiesBuilderDelegate,28,0,0,0,8,0,4,0,4,0
reporting/ogham-core,fr.sii.ogham.core.builder.env,SimpleEnvironmentBuilder.PropsPath,84,0,6,0,14,0,7,0,4,0
reporting/ogham-core,fr.sii.ogham.core.builder.env,SimpleEnvironmentBuilder.Props,11,0,0,0,4,0,2,0,2,0
reporting/ogham-core,fr.sii.ogham.core.builder.env,SimpleConverterBuilder,86,0,8,0,24,0,11,0,7,0
reporting/ogham-core,fr.sii.ogham.core.builder.env,SimplePropertiesBuilder,76,0,10,0,15,0,9,0,4,0
reporting/ogham-core,fr.sii.ogham.core.builder.env,SimpleEnvironmentBuilder.PriorityComparator,23,0,6,0,3,0,4,0,1,0
reporting/ogham-core,fr.sii.ogham.core.builder.env,EnvironmentBuilderDelegate,93,0,0,0,23,0,13,0,13,0
reporting/ogham-core,fr.sii.ogham.email.exception.javamail,NoAttachmentResourceHandlerException,5,0,0,0,2,0,1,0,1,0
reporting/ogham-core,fr.sii.ogham.email.exception.javamail,ContentHandlerException,25,0,0,0,10,0,4,0,4,0
reporting/ogham-core,fr.sii.ogham.email.exception.javamail,AttachmentResourceHandlerException,25,0,0,0,10,0,4,0,4,0
reporting/ogham-core,fr.sii.ogham.email.exception.javamail,NoContentHandlerException,5,0,0,0,2,0,1,0,1,0
reporting/ogham-core,fr.sii.ogham.core.builder,MessagingBuilder,423,0,32,0,84,0,42,0,26,0
reporting/ogham-core,fr.sii.ogham.core.builder,AbstractAutofillDefaultValueBuilder,27,0,0,0,7,0,3,0,3,0
reporting/ogham-core,fr.sii.ogham.core.builder,AbstractParent,9,0,0,0,4,0,2,0,2,0
reporting/ogham-core,fr.sii.ogham.core.builder,MessagingBuilder.ConfigurerWithPhase,15,0,0,0,6,0,3,0,3,0
reporting/ogham-core,fr.sii.ogham.core.exception.handler,ImageInliningException,13,0,0,0,6,0,3,0,3,0
reporting/ogham-core,fr.sii.ogham.core.exception.handler,ContentTranslatorException,13,0,0,0,6,0,3,0,3,0
reporting/ogham-core,fr.sii.ogham.core.exception.handler,NoContentException,16,0,0,0,6,0,3,0,3,0
reporting/ogham-core,fr.sii.ogham.core.exception.handler,CssInliningException,13,0,0,0,6,0,3,0,3,0
reporting/ogham-core,fr.sii.ogham.core.exception.handler,TemplateNotFoundException,13,0,0,0,6,0,3,0,3,0
reporting/ogham-core,fr.sii.ogham.core.exception.handler,TemplateParsingFailedException,13,0,0,0,6,0,3,0,3,0
reporting/ogham-core,fr.sii.ogham.core.resource,LookupResource,98,0,4,0,18,0,10,0,8,0
reporting/ogham-core,fr.sii.ogham.core.resource,SimpleResource,22,0,0,0,7,0,3,0,3,0
reporting/ogham-core,fr.sii.ogham.core.resource,ByteResource,66,0,0,0,11,0,7,0,7,0
reporting/ogham-core,fr.sii.ogham.core.resource,FileResource,70,0,0,0,13,0,8,0,8,0
reporting/ogham-core,fr.sii.ogham.core.charset,FixedCharsetDetector,58,0,0,0,11,0,8,0,8,0
reporting/ogham-core,fr.sii.ogham.core.charset,SimpleCharsetMatch,15,0,0,0,6,0,3,0,3,0
reporting/ogham-core,fr.sii.ogham.core.translator.content,DefaultContentTranslator,5,0,0,0,2,0,2,0,2,0
reporting/ogham-core,fr.sii.ogham.core.translator.content,EveryContentTranslator,71,0,2,0,19,0,8,0,7,0
reporting/ogham-core,fr.sii.ogham.core.translator.content,MultiContentTranslator,153,0,12,0,39,0,14,0,8,0
reporting/ogham-core,fr.sii.ogham.core.translator.content,TemplateContentTranslator,122,0,6,0,28,0,9,0,6,0
reporting/ogham-core,fr.sii.ogham.core.builder.resolution,FileResolutionBuilder,44,0,0,0,9,0,6,0,6,0
reporting/ogham-core,fr.sii.ogham.core.builder.resolution,ResourceResolutionBuilderHelper.PrefixComparator,56,0,8,0,13,0,5,0,1,0
reporting/ogham-core,fr.sii.ogham.core.builder.resolution,StandaloneResourceResolutionBuilder,34,0,0,0,9,0,6,0,6,0
reporting/ogham-core,fr.sii.ogham.core.builder.resolution,ResourceResolutionBuilderHelper.ResolverHelper,19,0,0,0,7,0,3,0,3,0
reporting/ogham-core,fr.sii.ogham.core.builder.resolution,StringResolutionBuilder,12,0,0,0,3,0,2,0,2,0
reporting/ogham-core,fr.sii.ogham.core.builder.resolution,ResourceResolutionBuilderHelper,178,0,20,0,38,0,17,0,7,0
reporting/ogham-core,fr.sii.ogham.core.builder.resolution,AbstractSingleResolutionBuilder,109,0,8,0,23,0,10,0,6,0
reporting/ogham-core,fr.sii.ogham.core.builder.resolution,ClassPathResolutionBuilder,44,0,0,0,9,0,6,0,6,0
reporting/ogham-core,fr.sii.ogham.core.util.converter,EmailAddressConverter,33,0,4,0,7,0,6,0,4,0
reporting/ogham-core,fr.sii.ogham.core.util.converter,SmsSenderConverter,33,0,4,0,7,0,6,0,4,0
reporting/ogham-core,fr.sii.ogham.email.exception.sendgrid,ContentHandlerException,9,0,0,0,4,0,2,0,2,0
reporting/ogham-core,fr.sii.ogham.sms.message.addressing.translator,CompositePhoneNumberTranslator,51,0,4,0,11,0,5,0,3,0
reporting/ogham-core,fr.sii.ogham.sms.message.addressing.translator,FixedPhoneNumberTranslator,19,0,0,0,5,0,2,0,2,0
reporting/ogham-core,fr.sii.ogham.sms.message.addressing.translator,ShortCodeNumberFormatHandler,19,0,6,0,3,0,5,0,2,0
reporting/ogham-core,fr.sii.ogham.sms.message.addressing.translator,AbstractFixedPhoneNumberHandler,15,0,0,0,4,0,2,0,2,0
reporting/ogham-core,fr.sii.ogham.sms.message.addressing.translator,DefaultHandler,7,0,0,0,3,0,2,0,2,0
reporting/ogham-core,fr.sii.ogham.sms.message.addressing.translator,AlphanumericCodeNumberFormatHandler,24,0,6,0,4,0,6,0,3,0
reporting/ogham-core,fr.sii.ogham.sms.message.addressing.translator,InternationalNumberFormatHandler,19,0,6,0,3,0,5,0,2,0
reporting/ogham-core,fr.sii.ogham.core.sender,AbstractSpecializedSender,7,0,0,0,3,0,2,0,2,0
reporting/ogham-core,fr.sii.ogham.core.sender,MultiImplementationSender,132,0,14,0,33,0,17,0,10,0
reporting/ogham-core,fr.sii.ogham.core.sender,FallbackSender,91,0,2,0,20,0,6,0,5,0
reporting/ogham-core,fr.sii.ogham.core.sender,MultiImplementationSender.Implementation,15,0,0,0,6,0,3,0,3,0
reporting/ogham-core,fr.sii.ogham.core.sender,ContentTranslatorSender,96,0,2,0,23,0,6,0,5,0
reporting/ogham-core,fr.sii.ogham.core.sender,FillerSender,69,0,2,0,16,0,6,0,5,0
reporting/ogham-core,fr.sii.ogham.sms.encoder,EncodedWithHeader,50,0,0,0,11,0,5,0,5,0
reporting/ogham-core,fr.sii.ogham.sms.encoder,EncodedMessage,29,0,0,0,10,0,5,0,5,0
reporting/ogham-core,fr.sii.ogham.html.inliner,ExternalCss,15,0,0,0,6,0,3,0,3,0
reporting/ogham-core,fr.sii.ogham.html.inliner,ImageInlinerConstants.InlineModes,48,0,0,0,8,0,3,0,3,0
reporting/ogham-core,fr.sii.ogham.html.inliner,ImageResource,36,0,0,0,12,0,6,0,6,0
reporting/ogham-core,fr.sii.ogham.html.inliner,ContentWithImages,38,0,0,0,14,0,7,0,7,0
reporting/ogham-core,fr.sii.ogham.html.inliner,EveryImageInliner,56,0,2,0,14,0,5,0,4,0
reporting/ogham-core,fr.sii.ogham.sms.splitter,EncodedSegment,13,0,0,0,5,0,3,0,3,0
reporting/ogham-core,fr.sii.ogham.sms.splitter,NoSplitMessageSplitter,46,0,2,0,10,0,4,0,3,0
reporting/ogham-core,fr.sii.ogham.sms.splitter,FirstSupportingMessageSplitter,42,0,6,0,11,0,6,0,3,0
reporting/ogham-core,fr.sii.ogham.sms.splitter,GsmMessageSplitter,356,0,22,0,65,0,21,0,10,0
reporting/ogham-core,fr.sii.ogham.sms.splitter,GsmBasicCharsetExtensionTableCounter,103,0,10,0,17,0,9,0,4,0
reporting/ogham-core,fr.sii.ogham.sms.splitter,RandomReferenceNumberGenerator,30,0,0,0,11,0,4,0,4,0
reporting/ogham-core,fr.sii.ogham.sms.splitter,StringSegment,53,0,0,0,18,0,6,0,6,0
reporting/ogham-core,fr.sii.ogham.email.message.content,ContentWithAttachments,84,0,8,0,20,0,14,0,10,0
reporting/ogham-core,fr.sii.ogham.core,CoreConstants,36,0,0,0,3,0,1,0,1,0
reporting/ogham-core,fr.sii.ogham.core.exception.mimetype,MimeTypeException,13,0,0,0,6,0,3,0,3,0
reporting/ogham-core,fr.sii.ogham.core.exception.mimetype,MimeTypeDetectionException,13,0,0,0,6,0,3,0,3,0
reporting/ogham-core,fr.sii.ogham.core.builder.configuration,AlwaysOverride,9,0,0,0,4,0,2,0,2,0
reporting/ogham-core,fr.sii.ogham.core.builder.configuration,CurrentValueNotSetOverride,13,0,2,0,4,0,3,0,2,0
reporting/ogham-core,fr.sii.ogham.core.builder.configuration,MayOverride,15,0,0,0,3,0,3,0,3,0
reporting/ogham-core,fr.sii.ogham.core.builder.configuration,NonNullOverride,14,0,2,0,4,0,3,0,2,0
reporting/ogham-core,fr.sii.ogham.core.builder.configuration,ConfigurationValueBuilderHelper,129,0,20,0,32,0,19,0,9,0
reporting/ogham-core,fr.sii.ogham.core.builder.configuration,ConfigurationValueBuilderDelegate,35,0,0,0,11,0,5,0,5,0
reporting/ogham-core,fr.sii.ogham.core.env,FirstExistingPropertiesResolver,188,0,28,0,40,0,23,0,9,0
reporting/ogham-core,fr.sii.ogham.core.env,JavaPropertiesResolver,94,0,6,0,21,0,11,0,8,0
reporting/ogham-core,fr.sii.ogham.core.exception.convert,ConversionException,13,0,0,0,6,0,3,0,3,0
reporting/ogham-core,fr.sii.ogham.core.resource.path,LookupAwareRelativePathResolver,240,0,36,0,44,0,27,0,9,0
reporting/ogham-core,fr.sii.ogham.core.resource.path,RelativePath,85,0,0,0,15,0,8,0,8,0
reporting/ogham-core,fr.sii.ogham.core.resource.path,ResolvedResourcePath,88,0,0,0,13,0,7,0,7,0
reporting/ogham-core,fr.sii.ogham.core.resource.path,LookupAwareRelativePathResolver.LookupMetadata,25,0,2,0,9,0,5,0,4,0
reporting/ogham-core,fr.sii.ogham.core.resource.path,ResolvedString,37,0,0,0,10,0,6,0,6,0
reporting/ogham-core,fr.sii.ogham.core.resource.path,UnresolvedPath,47,0,0,0,9,0,5,0,5,0
reporting/ogham-core,fr.sii.ogham.core.condition.fluent,MessageConditions,39,0,0,0,12,0,12,0,12,0
reporting/ogham-core,fr.sii.ogham.core.condition.fluent,FluentCondition,47,0,0,0,13,0,5,0,5,0
reporting/ogham-core,fr.sii.ogham.core.condition.fluent,Conditions,98,0,0,0,12,0,12,0,12,0
reporting/ogham-core,fr.sii.ogham.core.mimetype.replace,FirstMatchingMimetypeReplacer,30,0,4,0,9,0,4,0,2,0
reporting/ogham-core,fr.sii.ogham.core.mimetype.replace,PatternMimetypeReplacer,37,0,2,0,12,0,5,0,4,0
reporting/ogham-core,fr.sii.ogham.core.mimetype.replace,ContainsMimetypeReplacer,44,0,8,0,12,0,7,0,3,0
reporting/ogham-email-javamail,fr.sii.ogham.email.sender.impl.javamail,MapAttachmentResourceHandler,51,0,2,0,12,0,5,0,4,0
reporting/ogham-email-javamail,fr.sii.ogham.email.sender.impl.javamail,MultiContentHandler,53,0,2,0,15,0,3,0,2,0
reporting/ogham-email-javamail,fr.sii.ogham.email.sender.impl.javamail,UpdatableUsernamePasswordAuthenticator,32,0,0,0,8,0,2,0,2,0
reporting/ogham-email-javamail,fr.sii.ogham.email.sender.impl.javamail,PriorizedContentHandler,112,0,6,0,24,0,12,0,9,0
reporting/ogham-email-javamail,fr.sii.ogham.email.sender.impl.javamail,StreamResourceHandler,100,0,2,0,20,0,3,0,2,0
reporting/ogham-email-javamail,fr.sii.ogham.email.sender.impl.javamail,PropertiesUsernamePasswordAuthenticator,9,0,0,0,2,0,1,0,1,0
reporting/ogham-email-javamail,fr.sii.ogham.email.sender.impl.javamail,UsernamePasswordAuthenticator,17,0,0,0,5,0,2,0,2,0
reporting/ogham-email-javamail,fr.sii.ogham.email.sender.impl.javamail,StringContentHandler,72,0,2,0,16,0,3,0,2,0
reporting/ogham-email-javamail,fr.sii.ogham.email.sender.impl.javamail,ContentWithAttachmentsHandler,42,0,2,0,11,0,4,0,3,0
reporting/ogham-email-javamail,fr.sii.ogham.email.sender.impl.javamail,FileResourceHandler,106,0,0,0,16,0,2,0,2,0
reporting/ogham-email-javamail,fr.sii.ogham.email.sender.impl,JavaMailSender,344,0,20,0,77,0,25,0,14,0
reporting/ogham-email-javamail,fr.sii.ogham.email.sender.impl,PropertiesBridge,93,0,0,0,23,0,21,0,21,0
reporting/ogham-email-javamail,fr.sii.ogham.email.builder.javamail,JavaMailBuilder,327,0,20,0,75,0,37,0,27,0
reporting/ogham-email-javamail,fr.sii.ogham.email.builder.javamail,DefaultJavaMailConfigurer.EnvironmentPropagator,17,0,2,0,5,0,3,0,2,0
reporting/ogham-email-javamail,fr.sii.ogham.email.builder.javamail,OverrideJavaMailResolver,186,0,32,0,45,0,29,0,13,0
reporting/ogham-email-javamail,fr.sii.ogham.email.builder.javamail,UsernamePasswordAuthenticatorBuilder,113,0,10,0,25,0,13,0,8,0
reporting/ogham-email-javamail,fr.sii.ogham.email.builder.javamail,DefaultJavaMailConfigurer.JavaMailConfigurer,114,0,2,0,21,0,3,0,2,0
reporting/ogham-email-javamail,fr.sii.ogham.email.builder.javamail,DefaultJavaMailConfigurer,14,0,4,0,2,0,4,0,2,0
reporting/ogham-email-sendgrid-common,fr.sii.ogham.email.sendgrid.sender.exception,SendGridException,13,0,0,0,6,0,3,0,3,0
reporting/ogham-email-sendgrid-common,fr.sii.ogham.email.sendgrid.sender.exception,AttachmentReadException,25,0,0,0,10,0,4,0,4,0
reporting/ogham-email-sendgrid-common,fr.sii.ogham.email.sendgrid.sender,EmailValidator,62,0,12,0,14,0,7,0,1,0
reporting/ogham-email-sendgrid-common,fr.sii.ogham.email.sendgrid.builder,AbstractSendGridBuilder,155,0,8,0,36,0,17,0,13,0
reporting/ogham-email-sendgrid-v2,fr.sii.ogham.email.sendgrid.v2.sender.impl.sendgrid.client,DelegateSendGridClient,92,0,6,0,18,0,6,0,3,0
reporting/ogham-email-sendgrid-v2,fr.sii.ogham.email.sendgrid.v2.builder.sendgrid,DefaultSendGridV2Configurer,14,0,4,0,2,0,4,0,2,0
reporting/ogham-email-sendgrid-v2,fr.sii.ogham.email.sendgrid.v2.builder.sendgrid,DefaultSendGridV2Configurer.EnvironmentPropagator,22,0,2,0,6,0,3,0,2,0
reporting/ogham-email-sendgrid-v2,fr.sii.ogham.email.sendgrid.v2.builder.sendgrid,DefaultSendGridV2Configurer.SendGridV2Configurer,51,0,2,0,11,0,3,0,2,0
reporting/ogham-email-sendgrid-v2,fr.sii.ogham.email.sendgrid.v2.builder.sendgrid,SendGridV2Builder,203,0,16,0,48,0,22,0,14,0
reporting/ogham-email-sendgrid-v2,fr.sii.ogham.email.sendgrid.v2.sender.impl.sendgrid.handler,MultiContentHandler,65,0,10,0,15,0,7,0,2,0
reporting/ogham-email-sendgrid-v2,fr.sii.ogham.email.sendgrid.v2.sender.impl.sendgrid.handler,PriorizedContentHandler,150,0,14,0,36,0,17,0,10,0
reporting/ogham-email-sendgrid-v2,fr.sii.ogham.email.sendgrid.v2.sender.impl.sendgrid.handler,StringContentHandler,117,0,14,0,28,0,11,0,4,0
reporting/ogham-email-sendgrid-v2,fr.sii.ogham.email.sendgrid.v2.sender.impl.sendgrid.handler,ContentWithAttachmentsHandler,41,0,2,0,11,0,4,0,3,0
reporting/ogham-email-sendgrid-v2,fr.sii.ogham.email.sendgrid.v2.sender.impl,SendGridV2Sender,282,0,20,0,64,0,18,0,8,0
reporting/ogham-email-sendgrid-v4,fr.sii.ogham.email.sendgrid.v4.sender.impl,SendGridV4Sender,340,0,22,0,78,0,23,0,11,0
reporting/ogham-email-sendgrid-v4,fr.sii.ogham.email.sendgrid.v4.builder.sendgrid,SendGridV4Builder,276,0,26,0,68,0,33,0,20,0
reporting/ogham-email-sendgrid-v4,fr.sii.ogham.email.sendgrid.v4.builder.sendgrid,DefaultSendGridV4Configurer.EnvironmentPropagator,22,0,2,0,6,0,3,0,2,0
reporting/ogham-email-sendgrid-v4,fr.sii.ogham.email.sendgrid.v4.builder.sendgrid,DefaultSendGridV4Configurer.SendGridV2Configurer,41,0,2,0,10,0,3,0,2,0
reporting/ogham-email-sendgrid-v4,fr.sii.ogham.email.sendgrid.v4.builder.sendgrid,DefaultSendGridV4Configurer,14,0,4,0,2,0,4,0,2,0
reporting/ogham-email-sendgrid-v4,fr.sii.ogham.email.sendgrid.v4.sender.impl.sendgrid.handler,MultiContentHandler,65,0,10,0,15,0,7,0,2,0
reporting/ogham-email-sendgrid-v4,fr.sii.ogham.email.sendgrid.v4.sender.impl.sendgrid.handler,ContentWithAttachmentsHandler,41,0,2,0,11,0,4,0,3,0
reporting/ogham-email-sendgrid-v4,fr.sii.ogham.email.sendgrid.v4.sender.impl.sendgrid.handler,StringContentHandler,90,0,8,0,25,0,8,0,4,0
reporting/ogham-email-sendgrid-v4,fr.sii.ogham.email.sendgrid.v4.sender.impl.sendgrid.handler,PriorizedContentHandler,150,0,14,0,36,0,17,0,10,0
reporting/ogham-email-sendgrid-v4,fr.sii.ogham.email.sendgrid.v4.sender.impl.sendgrid.client,DelegateSendGridClient,181,0,20,0,42,0,19,0,9,0
reporting/ogham-email-sendgrid-v4,fr.sii.ogham.email.sendgrid.v4.sender.impl.sendgrid.client,CustomizableUrlClient,53,0,0,0,17,0,4,0,4,0
reporting/ogham-sms-cloudhopper,fr.sii.ogham.sms.sender.impl.cloudhopper.exception,UnknownCharsetException,4,0,0,0,2,0,1,0,1,0
reporting/ogham-sms-cloudhopper,fr.sii.ogham.sms.sender.impl.cloudhopper.exception,UnsupportedCharsetException,16,0,0,0,6,0,3,0,3,0
reporting/ogham-sms-cloudhopper,fr.sii.ogham.sms.sender.impl.cloudhopper.exception,DataCodingException,25,0,0,0,10,0,4,0,4,0
reporting/ogham-sms-cloudhopper,fr.sii.ogham.sms.sender.impl.cloudhopper.exception,MessagePreparationException,16,0,0,0,6,0,3,0,3,0
reporting/ogham-sms-cloudhopper,fr.sii.ogham.sms.sender.impl.cloudhopper.exception,GuessEncodingException,10,0,0,0,4,0,2,0,2,0
reporting/ogham-sms-cloudhopper,fr.sii.ogham.sms.sender.impl.cloudhopper,CloudhopperOptions,43,0,0,0,18,0,9,0,9,0
reporting/ogham-sms-cloudhopper,fr.sii.ogham.sms.sender.impl.cloudhopper.encoder,GuessEncodingEncoder,72,0,10,0,20,0,10,0,5,0
reporting/ogham-sms-cloudhopper,fr.sii.ogham.sms.sender.impl.cloudhopper.encoder,CloudhopperCharsetSupportingEncoder,55,0,6,0,9,0,8,0,5,0
reporting/ogham-sms-cloudhopper,fr.sii.ogham.sms.sender.impl.cloudhopper.encoder,MapCloudhopperCharsetEncoder,146,0,8,0,28,0,11,0,7,0
reporting/ogham-sms-cloudhopper,fr.sii.ogham.sms.sender.impl.cloudhopper.encoder,NamedCharset,22,0,0,0,7,0,4,0,4,0
reporting/ogham-sms-cloudhopper,fr.sii.ogham.sms.sender.impl.cloudhopper.splitter,SupportedEncoderConditionalSplitter,25,0,2,0,8,0,4,0,3,0
reporting/ogham-sms-cloudhopper,fr.sii.ogham.sms.sender.impl,CloudhopperSMPPSender,219,0,14,0,58,0,20,0,13,0
reporting/ogham-sms-cloudhopper,fr.sii.ogham.sms.sender.impl.cloudhopper.preparator,ShortMessagePreparator,25,0,0,0,9,0,3,0,3,0
reporting/ogham-sms-cloudhopper,fr.sii.ogham.sms.sender.impl.cloudhopper.preparator,BaseMessagePreparator,222,0,12,0,51,0,16,0,10,0
reporting/ogham-sms-cloudhopper,fr.sii.ogham.sms.sender.impl.cloudhopper.preparator,CharsetMapToGeneralGroupDataCodingProvider,104,0,4,0,24,0,7,0,5,0
reporting/ogham-sms-cloudhopper,fr.sii.ogham.sms.sender.impl.cloudhopper.preparator,FixedByteValueDataCodingProvider,10,0,0,0,4,0,2,0,2,0
reporting/ogham-sms-cloudhopper,fr.sii.ogham.sms.sender.impl.cloudhopper.preparator,CharsetMapToCharacterEncodingGroupDataCodingProvider,88,0,4,0,19,0,5,0,3,0
reporting/ogham-sms-cloudhopper,fr.sii.ogham.sms.sender.impl.cloudhopper.preparator,TlvMessagePayloadMessagePreparator,21,0,0,0,6,0,3,0,3,0
reporting/ogham-sms-cloudhopper,fr.sii.ogham.sms.sender.impl.cloudhopper.preparator,FirstSupportingDataCodingProvider,46,0,4,0,13,0,6,0,4,0
reporting/ogham-sms-cloudhopper,fr.sii.ogham.sms.builder.cloudhopper,StandardEncodingHelper,12,0,0,0,4,0,2,0,2,0
reporting/ogham-sms-cloudhopper,fr.sii.ogham.sms.builder.cloudhopper,ReadableEncoderBuilder,73,0,10,0,18,0,12,0,7,0
reporting/ogham-sms-cloudhopper,fr.sii.ogham.sms.builder.cloudhopper,UserDataBuilder.UserDataPropValues,15,0,0,0,6,0,3,0,3,0
reporting/ogham-sms-cloudhopper,fr.sii.ogham.sms.builder.cloudhopper,DataCodingSchemeBuilder,118,0,8,0,30,0,12,0,8,0
reporting/ogham-sms-cloudhopper,fr.sii.ogham.sms.builder.cloudhopper,CloudhopperSessionOptions,87,0,0,0,37,0,25,0,25,0
reporting/ogham-sms-cloudhopper,fr.sii.ogham.sms.builder.cloudhopper,CloudhopperBuilder,727,0,58,0,159,0,82,0,53,0
reporting/ogham-sms-cloudhopper,fr.sii.ogham.sms.builder.cloudhopper,MessageSplitterBuilder,194,0,14,0,41,0,18,0,11,0
reporting/ogham-sms-cloudhopper,fr.sii.ogham.sms.builder.cloudhopper,LoggingBuilder,12,0,0,0,5,0,3,0,3,0
reporting/ogham-sms-cloudhopper,fr.sii.ogham.sms.builder.cloudhopper,EncoderBuilder,232,0,12,0,52,0,26,0,20,0
reporting/ogham-sms-cloudhopper,fr.sii.ogham.sms.builder.cloudhopper,DefaultCloudhopperConfigurer,7,0,0,0,2,0,2,0,2,0
reporting/ogham-sms-cloudhopper,fr.sii.ogham.sms.builder.cloudhopper,SslBuilder,49,0,2,0,12,0,6,0,5,0
reporting/ogham-sms-cloudhopper,fr.sii.ogham.sms.builder.cloudhopper,InterfaceVersion,181,0,20,0,28,0,16,0,6,0
reporting/ogham-sms-cloudhopper,fr.sii.ogham.sms.builder.cloudhopper,SessionBuilder,289,0,4,0,65,0,27,0,25,0
reporting/ogham-sms-cloudhopper,fr.sii.ogham.sms.builder.cloudhopper,DefaultCloudhopperConfigurer.EnvironmentPropagator,17,0,2,0,5,0,3,0,2,0
reporting/ogham-sms-cloudhopper,fr.sii.ogham.sms.builder.cloudhopper,ReferenceNumberGeneratorBuilder,39,0,4,0,12,0,7,0,5,0
reporting/ogham-sms-cloudhopper,fr.sii.ogham.sms.builder.cloudhopper,DefaultCloudhopperConfigurer.CloudhopperConfigurer,490,0,2,0,52,0,3,0,2,0
reporting/ogham-sms-cloudhopper,fr.sii.ogham.sms.builder.cloudhopper,UserDataBuilder,68,0,0,0,15,0,6,0,6,0
reporting/ogham-sms-ovh,fr.sii.ogham.sms.util.http,Response,21,0,0,0,8,0,4,0,4,0
reporting/ogham-sms-ovh,fr.sii.ogham.sms.util.http,HttpStatus,715,0,22,0,67,0,21,0,10,0
reporting/ogham-sms-ovh,fr.sii.ogham.sms.util.http,Parameter,25,0,2,0,8,0,5,0,4,0
reporting/ogham-sms-ovh,fr.sii.ogham.sms.sender.impl.ovh,DefaultSmsCodingDetector,625,0,16,0,17,0,14,0,6,0
reporting/ogham-sms-ovh,fr.sii.ogham.sms.sender.impl.ovh,OvhAuthParams,21,0,0,0,8,0,4,0,4,0
reporting/ogham-sms-ovh,fr.sii.ogham.sms.sender.impl.ovh,OvhOptions,47,0,4,0,16,0,10,0,8,0
reporting/ogham-sms-ovh,fr.sii.ogham.sms.sender.impl.ovh,SmsCoding,93,0,8,0,17,0,9,0,5,0
reporting/ogham-sms-ovh,fr.sii.ogham.sms.util,HttpUtils,212,0,16,0,38,0,15,0,7,0
reporting/ogham-sms-ovh,fr.sii.ogham.sms.builder.ovh,DefaultOvhSmsConfigurer.EnvironmentPropagator,15,0,0,0,4,0,2,0,2,0
reporting/ogham-sms-ovh,fr.sii.ogham.sms.builder.ovh,OvhOptionsBuilder,100,0,0,0,23,0,11,0,11,0
reporting/ogham-sms-ovh,fr.sii.ogham.sms.builder.ovh,DefaultOvhSmsConfigurer.OvhSmsConfigurer,100,0,0,0,16,0,3,0,3,0
reporting/ogham-sms-ovh,fr.sii.ogham.sms.builder.ovh,DefaultOvhSmsConfigurer,4,0,0,0,1,0,1,0,1,0
reporting/ogham-sms-ovh,fr.sii.ogham.sms.builder.ovh,OvhSmsBuilder,220,0,12,0,47,0,25,0,19,0
reporting/ogham-sms-ovh,fr.sii.ogham.sms.sender.impl,OvhSmsSender,313,0,14,0,60,0,19,0,12,0
reporting/ogham-sms-smsglobal,fr.sii.ogham.sms.builder.smsglobal,SmsGlobalDataCodingProvider,37,0,6,0,7,0,5,0,2,0
reporting/ogham-sms-smsglobal,fr.sii.ogham.sms.builder.smsglobal,SmsglobalServiceProviderConfigurer,7,0,0,0,2,0,2,0,2,0
reporting/ogham-sms-smsglobal,fr.sii.ogham.sms.builder.smsglobal,SmsglobalServiceProviderConfigurer.EnvironmentPropagator,17,0,2,0,5,0,3,0,2,0
reporting/ogham-sms-smsglobal,fr.sii.ogham.sms.builder.smsglobal,SmsglobalServiceProviderConfigurer.SmsglobalConfigurer,133,0,10,0,31,0,8,0,3,0
reporting/ogham-sms-smsglobal,fr.sii.ogham.sms.sender.impl,SmsglobalRestSender,10,0,0,0,4,0,4,0,4,0
reporting/ogham-spring-boot-common-autoconfigure,fr.sii.ogham.spring.template.freemarker,SpringBeansTemplateHashModelEx.new TemplateHashModelEx2.KeyValuePairIterator() {...},40,0,4,0,8,0,5,0,3,0
reporting/ogham-spring-boot-common-autoconfigure,fr.sii.ogham.spring.template.freemarker,SpringBeansTemplateHashModelEx.new Iterator() {...},51,0,4,0,7,0,5,0,3,0
reporting/ogham-spring-boot-common-autoconfigure,fr.sii.ogham.spring.template.freemarker,SpringBeansTemplateHashModelEx.new Iterator() {...},47,0,4,0,6,0,5,0,3,0
reporting/ogham-spring-boot-common-autoconfigure,fr.sii.ogham.spring.template.freemarker,SpringBeansTemplateHashModelEx.3.new TemplateHashModelEx2.KeyValuePair() {...},46,0,0,0,4,0,3,0,3,0
reporting/ogham-spring-boot-common-autoconfigure,fr.sii.ogham.spring.template.freemarker,SpringBeansTemplateHashModelEx,64,0,4,0,10,0,9,0,7,0
reporting/ogham-spring-boot-common-autoconfigure,fr.sii.ogham.spring.template.freemarker,LazySpringBeanAccessModel,39,0,2,0,10,0,5,0,4,0
reporting/ogham-spring-boot-common-autoconfigure,fr.sii.ogham.spring.template,OghamFreemarkerConfiguration,15,0,0,0,2,0,2,0,2,0
reporting/ogham-spring-boot-common-autoconfigure,fr.sii.ogham.spring.template,OghamFreemarkerConfiguration.OghamFreeMarkerNonWebConfiguration,9,0,0,0,3,0,3,0,3,0
reporting/ogham-spring-boot-common-autoconfigure,fr.sii.ogham.spring.template,NoTemplateEngineConfigurer,7,0,0,0,4,0,4,0,4,0
reporting/ogham-spring-boot-common-autoconfigure,fr.sii.ogham.spring.template,OghamThymeleafProperties,13,0,0,0,5,0,3,0,3,0
reporting/ogham-spring-boot-common-autoconfigure,fr.sii.ogham.spring.template,FreemarkerConfigurer,414,0,18,0,96,0,20,0,11,0
reporting/ogham-spring-boot-common-autoconfigure,fr.sii.ogham.spring.template,ThymeLeafConfigurer,339,0,12,0,79,0,15,0,9,0
reporting/ogham-spring-boot-common-autoconfigure,fr.sii.ogham.spring.template,OghamFreemarkerProperties,40,0,0,0,16,0,9,0,9,0
reporting/ogham-spring-boot-common-autoconfigure,fr.sii.ogham.spring.template,OghamFreemarkerConfiguration.OghamFreeMarkerWebConfiguration,9,0,0,0,3,0,3,0,3,0
reporting/ogham-spring-boot-common-autoconfigure,fr.sii.ogham.spring.template,OghamNoTemplateEngineConfiguration,13,0,0,0,2,0,2,0,2,0
reporting/ogham-spring-boot-common-autoconfigure,fr.sii.ogham.spring.template,OghamCommonTemplateProperties,3,0,0,0,1,0,1,0,1,0
reporting/ogham-spring-boot-common-autoconfigure,fr.sii.ogham.spring.template,OghamFreemarkerConfiguration.FreeMarkerDefaultOghamConfiguration,23,0,0,0,7,0,4,0,4,0
reporting/ogham-spring-boot-common-autoconfigure,fr.sii.ogham.spring.email,AbstractSpringSendGridConfigurer,112,0,6,0,31,0,10,0,7,0
reporting/ogham-spring-boot-common-autoconfigure,fr.sii.ogham.spring.email,OghamJavaMailProperties.BodyProperties,10,0,0,0,4,0,3,0,3,0
reporting/ogham-spring-boot-common-autoconfigure,fr.sii.ogham.spring.email,OghamJavaMailConfiguration,9,0,0,0,2,0,2,0,2,0
reporting/ogham-spring-boot-common-autoconfigure,fr.sii.ogham.spring.email,OghamSendGridProperties,31,0,0,0,13,0,9,0,9,0
reporting/ogham-spring-boot-common-autoconfigure,fr.sii.ogham.spring.email,OghamJavaMailProperties.AuthenticationProperties,17,0,0,0,7,0,5,0,5,0
reporting/ogham-spring-boot-common-autoconfigure,fr.sii.ogham.spring.email,SpringMailConfigurer,167,0,4,0,40,0,9,0,7,0
reporting/ogham-spring-boot-common-autoconfigure,fr.sii.ogham.spring.email,OghamEmailProperties,84,0,0,0,32,0,19,0,19,0
reporting/ogham-spring-boot-common-autoconfigure,fr.sii.ogham.spring.email,OghamJavaMailProperties,41,0,0,0,15,0,9,0,9,0
reporting/ogham-spring-boot-common-autoconfigure,fr.sii.ogham.spring.xml,SpringXMLMessagingBuilder,38,0,0,0,13,0,6,0,6,0
reporting/ogham-spring-boot-common-autoconfigure,fr.sii.ogham.spring.sms,OghamSmsProperties,93,0,0,0,35,0,19,0,19,0
reporting/ogham-spring-boot-common-autoconfigure,fr.sii.ogham.spring.sms,OghamCloudhopperConfiguration,9,0,0,0,2,0,2,0,2,0
reporting/ogham-spring-boot-common-autoconfigure,fr.sii.ogham.spring.sms,OghamCloudhopperProperties.ConnectRetryProperties,25,0,0,0,9,0,5,0,5,0
reporting/ogham-spring-boot-common-autoconfigure,fr.sii.ogham.spring.sms,OghamOvhSmsProperties,46,0,0,0,18,0,11,0,11,0
reporting/ogham-spring-boot-common-autoconfigure,fr.sii.ogham.spring.sms,OghamCloudhopperProperties,73,0,0,0,29,0,17,0,17,0
reporting/ogham-spring-boot-common-autoconfigure,fr.sii.ogham.spring.sms,OghamOvhSmsConfiguration,8,0,0,0,2,0,2,0,2,0
reporting/ogham-spring-boot-common-autoconfigure,fr.sii.ogham.spring.sms,OghamSmppProperties,31,0,0,0,13,0,9,0,9,0
reporting/ogham-spring-boot-common-autoconfigure,fr.sii.ogham.spring.sms,SpringOvhSmsConfigurer,129,0,4,0,25,0,8,0,6,0
reporting/ogham-spring-boot-common-autoconfigure,fr.sii.ogham.spring.sms,OghamCloudhopperProperties.SessionProperties,121,0,0,0,44,0,23,0,23,0
reporting/ogham-spring-boot-common-autoconfigure,fr.sii.ogham.spring.sms,OghamOvhSmsProperties.Options,27,0,0,0,11,0,7,0,7,0
reporting/ogham-spring-boot-common-autoconfigure,fr.sii.ogham.spring.sms,SpringCloudhopperConfigurer,247,0,4,0,45,0,8,0,6,0
reporting/ogham-spring-boot-common-autoconfigure,fr.sii.ogham.spring.template.thymeleaf,SpringWebThymeleafContextConverter,147,0,6,0,35,0,7,0,4,0
reporting/ogham-spring-boot-common-autoconfigure,fr.sii.ogham.spring.template.thymeleaf,SpringStandaloneThymeleafContextConverter,55,0,2,0,15,0,3,0,2,0
reporting/ogham-spring-boot-common-autoconfigure,fr.sii.ogham.spring.template.thymeleaf,RequestContextHolderWebContextProvider,18,0,0,0,6,0,5,0,5,0
reporting/ogham-spring-boot-common-autoconfigure,fr.sii.ogham.spring.env,SpringEnvironmentPropertyResolver,46,0,0,0,10,0,8,0,8,0
reporting/ogham-spring-boot-common-autoconfigure,fr.sii.ogham.spring.common,OghamResolutionProperties,27,0,0,0,9,0,5,0,5,0
reporting/ogham-spring-boot-common-autoconfigure,fr.sii.ogham.spring.common,PrefixSuffixProperties,17,0,0,0,7,0,5,0,5,0
reporting/ogham-spring-boot-common-autoconfigure,fr.sii.ogham.spring.common,SpringEnvironmentConfigurer,25,0,0,0,8,0,4,0,4,0
reporting/ogham-spring-boot-common-autoconfigure,fr.sii.ogham.spring.common,OghamMimetypeProperties,13,0,0,0,5,0,3,0,3,0
reporting/ogham-spring-boot-v1-autoconfigure,fr.sii.ogham.spring.v1.template.thymeleaf,SpringWebContextProvider,14,0,0,0,2,0,2,0,2,0
reporting/ogham-spring-boot-v1-autoconfigure,fr.sii.ogham.spring.v1.template.thymeleaf,NoOpRequestContextWrapper,4,0,0,0,2,0,2,0,2,0
reporting/ogham-spring-boot-v1-autoconfigure,fr.sii.ogham.spring.v1.template.thymeleaf,UpdateCurrentContextMerger,50,0,6,0,12,0,7,0,4,0
reporting/ogham-spring-boot-v1-autoconfigure,fr.sii.ogham.spring.v1.email,SpringSendGridV2Configurer,39,0,0,0,13,0,4,0,4,0
reporting/ogham-spring-boot-v1-autoconfigure,fr.sii.ogham.spring.v1.email,OghamSendGridV2Configuration,10,0,0,0,2,0,2,0,2,0
reporting/ogham-spring-boot-v1-autoconfigure,fr.sii.ogham.spring.v1.autoconfigure,OghamSpringBoot1AutoConfiguration,39,0,2,0,10,0,5,0,4,0
reporting/ogham-spring-boot-v1-autoconfigure,fr.sii.ogham.spring.v1.template,OghamThymeleafV2Configuration,83,0,2,0,13,0,15,0,14,0
reporting/ogham-spring-boot-v2-autoconfigure,fr.sii.ogham.spring.v2.template,OghamThymeleafV3Configuration,84,0,2,0,13,0,15,0,14,0
reporting/ogham-spring-boot-v2-autoconfigure,fr.sii.ogham.spring.v2.template.thymeleaf,WebExpressionContextProvider,21,0,0,0,5,0,2,0,2,0
reporting/ogham-spring-boot-v2-autoconfigure,fr.sii.ogham.spring.v2.template.thymeleaf,UpdateCurrentContextMerger,48,0,6,0,12,0,7,0,4,0
reporting/ogham-spring-boot-v2-autoconfigure,fr.sii.ogham.spring.v2.template.thymeleaf,SpringWebMvcThymeleafRequestContextWrapper,15,0,0,0,4,0,2,0,2,0
reporting/ogham-spring-boot-v2-autoconfigure,fr.sii.ogham.spring.v2.autoconfigure,OghamSpringBoot2AutoConfiguration,39,0,2,0,10,0,5,0,4,0
reporting/ogham-spring-boot-v2-autoconfigure,fr.sii.ogham.spring.v2.email,SpringSendGridV4Configurer,36,0,0,0,12,0,4,0,4,0
reporting/ogham-spring-boot-v2-autoconfigure,fr.sii.ogham.spring.v2.email,OghamSendGridV4Configuration,10,0,0,0,2,0,2,0,2,0
reporting/ogham-template-freemarker,fr.sii.ogham.template.freemarker.builder,FreemarkerSmsBuilder,10,0,0,0,4,0,2,0,2,0
reporting/ogham-template-freemarker,fr.sii.ogham.template.freemarker.builder,FreemarkerConfigurationBuilder,235,0,18,0,61,0,27,0,18,0
reporting/ogham-template-freemarker,fr.sii.ogham.template.freemarker.builder,AbstractFreemarkerMultiContentBuilder,54,0,2,0,11,0,5,0,4,0
reporting/ogham-template-freemarker,fr.sii.ogham.template.freemarker.builder,FreemarkerEmailBuilder,6,0,0,0,2,0,1,0,1,0
reporting/ogham-template-freemarker,fr.sii.ogham.template.freemarker.builder,AbstractFreemarkerBuilder,301,0,16,0,70,0,31,0,23,0
reporting/ogham-template-freemarker,fr.sii.ogham.template.freemarker.configurer,DefaultFreemarkerSmsConfigurer.FreemakerConfigurer,190,0,4,0,35,0,5,0,3,0
reporting/ogham-template-freemarker,fr.sii.ogham.template.freemarker.configurer,DefaultFreemarkerSmsConfigurer,14,0,4,0,2,0,4,0,2,0
reporting/ogham-template-freemarker,fr.sii.ogham.template.freemarker.configurer,DefaultFreemarkerEmailConfigurer.EnvironmentPropagator,17,0,2,0,5,0,3,0,2,0
reporting/ogham-template-freemarker,fr.sii.ogham.template.freemarker.configurer,DefaultFreemarkerEmailConfigurer,14,0,4,0,2,0,4,0,2,0
reporting/ogham-template-freemarker,fr.sii.ogham.template.freemarker.configurer,DefaultFreemarkerEmailConfigurer.FreemakerConfigurer,201,0,4,0,39,0,5,0,3,0
reporting/ogham-template-freemarker,fr.sii.ogham.template.freemarker.configurer,DefaultFreemarkerSmsConfigurer.EnvironmentPropagator,17,0,2,0,5,0,3,0,2,0
reporting/ogham-template-freemarker,fr.sii.ogham.template.freemarker.adapter,StringContentTemplateLoader.StringTemplateSource,28,0,0,0,5,0,3,0,3,0
reporting/ogham-template-freemarker,fr.sii.ogham.template.freemarker.adapter,ClassPathResolverAdapter.FixClassTemplateLoader,19,0,2,0,4,0,3,0,2,0
reporting/ogham-template-freemarker,fr.sii.ogham.template.freemarker.adapter,StringResolverAdapter,19,0,2,0,4,0,4,0,3,0
reporting/ogham-template-freemarker,fr.sii.ogham.template.freemarker.adapter,FileResolverAdapter,48,0,2,0,10,0,5,0,4,0
reporting/ogham-template-freemarker,fr.sii.ogham.template.freemarker.adapter,StringContentTemplateLoader,18,0,0,0,5,0,5,0,5,0
reporting/ogham-template-freemarker,fr.sii.ogham.template.freemarker.adapter,FirstSupportingResolverAdapter,108,0,12,0,25,0,15,0,9,0
reporting/ogham-template-freemarker,fr.sii.ogham.template.freemarker.adapter,ClassPathResolverAdapter,34,0,4,0,9,0,6,0,4,0
reporting/ogham-template-freemarker,fr.sii.ogham.template.freemarker.adapter,AbstractFreeMarkerTemplateLoaderOptionsAdapter,10,0,0,0,4,0,3,0,3,0
reporting/ogham-template-freemarker,fr.sii.ogham.template.freemarker,TemplateLoaderOptions,3,0,0,0,2,0,1,0,1,0
reporting/ogham-template-freemarker,fr.sii.ogham.template.freemarker,FreeMarkerFirstSupportingTemplateLoader.AdaptedSource,69,0,6,0,15,0,11,0,8,0
reporting/ogham-template-freemarker,fr.sii.ogham.template.freemarker,SkipLocaleForStringContentTemplateLookupStrategy,69,0,4,0,16,0,5,0,3,0
reporting/ogham-template-freemarker,fr.sii.ogham.template.freemarker,FreeMarkerTemplateDetector,87,0,8,0,21,0,9,0,5,0
reporting/ogham-template-freemarker,fr.sii.ogham.template.freemarker,FreeMarkerParser,83,0,2,0,20,0,5,0,4,0
reporting/ogham-template-freemarker,fr.sii.ogham.template.freemarker,FreeMarkerFirstSupportingTemplateLoader,105,0,2,0,19,0,6,0,5,0
reporting/ogham-template-thymeleaf-common,fr.sii.ogham.template.thymeleaf.common.exception,TemplateResolutionException,18,0,0,0,7,0,3,0,3,0
reporting/ogham-template-thymeleaf-common,fr.sii.ogham.template.thymeleaf.common.buider,AbstractThymeleafMultiContentBuilder,54,0,2,0,11,0,5,0,4,0
reporting/ogham-template-thymeleaf-common,fr.sii.ogham.template.thymeleaf.common.buider,AbstractThymeleafBuilder,216,0,16,0,55,0,30,0,22,0
reporting/ogham-template-thymeleaf-common,fr.sii.ogham.template.thymeleaf.common,ThymeleafParser,77,0,0,0,18,0,5,0,5,0
reporting/ogham-template-thymeleaf-common,fr.sii.ogham.template.thymeleaf.common,SimpleThymeleafContextConverter,21,0,2,0,6,0,3,0,2,0
reporting/ogham-template-thymeleaf-common,fr.sii.ogham.template.thymeleaf.common,TemplateResolverOptions,3,0,0,0,2,0,1,0,1,0
reporting/ogham-template-thymeleaf-common,fr.sii.ogham.template.thymeleaf.common.configure,AbstractDefaultThymeleafEmailConfigurer,166,0,4,0,35,0,5,0,3,0
reporting/ogham-template-thymeleaf-common,fr.sii.ogham.template.thymeleaf.common.configure,AbstractDefaultThymeleafSmsConfigurer,153,0,4,0,29,0,5,0,3,0
reporting/ogham-template-thymeleaf-common,fr.sii.ogham.template.thymeleaf.common.adapter,FirstSupportingResolverAdapter,100,0,10,0,24,0,13,0,8,0
reporting/ogham-template-thymeleaf-common,fr.sii.ogham.template.thymeleaf.common.adapter,ClassPathResolverAdapter,24,0,2,0,6,0,4,0,3,0
reporting/ogham-template-thymeleaf-common,fr.sii.ogham.template.thymeleaf.common.adapter,AbstractTemplateResolverOptionsAdapter,11,0,0,0,5,0,4,0,4,0
reporting/ogham-template-thymeleaf-common,fr.sii.ogham.template.thymeleaf.common.adapter,FileResolverAdapter,24,0,2,0,6,0,4,0,3,0
reporting/ogham-template-thymeleaf-v2,fr.sii.ogham.template.thymeleaf.v2,ThymeleafV2TemplateDetector,120,0,16,0,28,0,14,0,6,0
reporting/ogham-template-thymeleaf-v2,fr.sii.ogham.template.thymeleaf.v2,ThymeLeafV2FirstSupportingTemplateResolver,76,0,2,0,19,0,6,0,5,0
reporting/ogham-template-thymeleaf-v2,fr.sii.ogham.template.thymeleaf.v2.resolver,StringTemplateResolver,8,0,0,0,3,0,1,0,1,0
reporting/ogham-template-thymeleaf-v2,fr.sii.ogham.template.thymeleaf.v2.resolver,FixClassLoaderTemplateResolver,17,0,2,0,3,0,3,0,2,0
reporting/ogham-template-thymeleaf-v2,fr.sii.ogham.template.thymeleaf.v2.resolver,StringResourceResolver,11,0,0,0,3,0,3,0,3,0
reporting/ogham-template-thymeleaf-v2,fr.sii.ogham.template.thymeleaf.v2.configure,DefaultThymeleafV2SmsConfigurer,14,0,4,0,2,0,4,0,2,0
reporting/ogham-template-thymeleaf-v2,fr.sii.ogham.template.thymeleaf.v2.configure,DefaultThymeleafV2EmailConfigurer.ThymeleafV2EmailConfigurer,13,0,0,0,6,0,4,0,4,0
reporting/ogham-template-thymeleaf-v2,fr.sii.ogham.template.thymeleaf.v2.configure,DefaultThymeleafV2SmsConfigurer.ThymeleafV2SmsConfigurer,8,0,0,0,4,0,3,0,3,0
reporting/ogham-template-thymeleaf-v2,fr.sii.ogham.template.thymeleaf.v2.configure,DefaultThymeleafV2EmailConfigurer.EnvironmentPropagator,17,0,2,0,5,0,3,0,2,0
reporting/ogham-template-thymeleaf-v2,fr.sii.ogham.template.thymeleaf.v2.configure,DefaultThymeleafV2SmsConfigurer.EnvironmentPropagator,17,0,2,0,5,0,3,0,2,0
reporting/ogham-template-thymeleaf-v2,fr.sii.ogham.template.thymeleaf.v2.configure,DefaultThymeleafV2EmailConfigurer,14,0,4,0,2,0,4,0,2,0
reporting/ogham-template-thymeleaf-v2,fr.sii.ogham.template.thymeleaf.v2.buider,ThymeleafV2SmsBuilder,71,0,2,0,16,0,7,0,6,0
reporting/ogham-template-thymeleaf-v2,fr.sii.ogham.template.thymeleaf.v2.buider,ThymeleafV2EngineConfigBuilder,315,0,30,0,97,0,47,0,32,0
reporting/ogham-template-thymeleaf-v2,fr.sii.ogham.template.thymeleaf.v2.buider,ThymeleafV2EmailBuilder,67,0,2,0,14,0,6,0,5,0
reporting/ogham-template-thymeleaf-v2,fr.sii.ogham.template.thymeleaf.v2.adapter,FixClassPathResolverAdapter,24,0,2,0,6,0,4,0,3,0
reporting/ogham-template-thymeleaf-v2,fr.sii.ogham.template.thymeleaf.v2.adapter,StringResolverAdapter,24,0,2,0,6,0,4,0,3,0
reporting/ogham-template-thymeleaf-v3,fr.sii.ogham.template.thymeleaf.v3,ThymeleafV3TemplateDetector,134,0,18,0,31,0,17,0,8,0
reporting/ogham-template-thymeleaf-v3,fr.sii.ogham.template.thymeleaf.v3,ThymeLeafV3FirstSupportingTemplateResolver,98,0,6,0,21,0,8,0,5,0
reporting/ogham-template-thymeleaf-v3,fr.sii.ogham.template.thymeleaf.v3.adapter,StringResolverAdapter,24,0,2,0,6,0,4,0,3,0
reporting/ogham-template-thymeleaf-v3,fr.sii.ogham.template.thymeleaf.v3.buider,ThymeleafV3SmsBuilder,71,0,2,0,16,0,7,0,6,0
reporting/ogham-template-thymeleaf-v3,fr.sii.ogham.template.thymeleaf.v3.buider,ThymeleafV3EmailBuilder,67,0,2,0,14,0,6,0,5,0
reporting/ogham-template-thymeleaf-v3,fr.sii.ogham.template.thymeleaf.v3.buider,ThymeleafV3EngineConfigBuilder,245,0,20,0,77,0,37,0,27,0
reporting/ogham-template-thymeleaf-v3,fr.sii.ogham.template.thymeleaf.v3.exception,TemplateResolutionException,27,0,0,0,10,0,4,0,4,0
reporting/ogham-template-thymeleaf-v3,fr.sii.ogham.template.thymeleaf.v3.configure,DefaultThymeleafV3SmsConfigurer.ThymeleafV3SmsConfigurer,13,0,0,0,6,0,4,0,4,0
reporting/ogham-template-thymeleaf-v3,fr.sii.ogham.template.thymeleaf.v3.configure,DefaultThymeleafV3EmailConfigurer,14,0,4,0,2,0,4,0,2,0
reporting/ogham-template-thymeleaf-v3,fr.sii.ogham.template.thymeleaf.v3.configure,DefaultThymeleafV3EmailConfigurer.EnvironmentPropagator,17,0,2,0,5,0,3,0,2,0
reporting/ogham-template-thymeleaf-v3,fr.sii.ogham.template.thymeleaf.v3.configure,DefaultThymeleafV3SmsConfigurer,14,0,4,0,2,0,4,0,2,0
reporting/ogham-template-thymeleaf-v3,fr.sii.ogham.template.thymeleaf.v3.configure,DefaultThymeleafV3EmailConfigurer.ThymeleafV3EmailConfigurer,13,0,0,0,6,0,4,0,4,0
reporting/ogham-template-thymeleaf-v3,fr.sii.ogham.template.thymeleaf.v3.configure,DefaultThymeleafV3SmsConfigurer.EnvironmentPropagator,17,0,2,0,5,0,3,0,2,0
reporting/ogham-test-utils,fr.sii.ogham.mock.context,SimpleBean,118,0,6,0,28,0,14,0,11,0
reporting/ogham-test-utils,fr.sii.ogham.mock.context,NestedBean,62,0,6,0,16,0,8,0,5,0
reporting/ogham-test-utils,fr.sii.ogham.helper.sms.rule.config,ServerConfig,193,0,8,0,47,0,13,0,9,0
reporting/ogham-test-utils,fr.sii.ogham.helper.sms.rule.config,SimulatorConfiguration,17,0,0,0,7,0,5,0,5,0
reporting/ogham-test-utils,fr.sii.ogham.helper.sms.rule.config,SlowConfig,150,0,0,0,50,0,25,0,25,0
reporting/ogham-test-utils,fr.sii.ogham.helper.sms.rule.config,ServerDelays,171,0,0,0,73,0,49,0,49,0
reporting/ogham-test-utils,fr.sii.ogham.helper.sms.rule.config,Credentials,15,0,0,0,6,0,3,0,3,0
reporting/ogham-test-utils,fr.sii.ogham.extension.junit,LoggingTestExtension,94,0,6,0,25,0,10,0,7,0
reporting/ogham-test-utils,fr.sii.ogham.extension.junit,LoggingTestRule,71,0,0,0,19,0,8,0,8,0
reporting/ogham-test-utils,fr.sii.ogham.helper.html,HtmlUtils,38,0,4,0,6,0,3,0,1,0
reporting/ogham-test-utils,fr.sii.ogham.helper.html,AssertHtml,129,0,10,0,32,0,10,0,5,0
reporting/ogham-test-utils,fr.sii.ogham.helper.template,AssertTemplate,35,0,4,0,7,0,6,0,4,0
reporting/ogham-test-utils,fr.sii.ogham.assertion.wiremock,SimilarHtmlPattern.new MatchResult() {...},19,0,0,0,3,0,3,0,3,0
reporting/ogham-test-utils,fr.sii.ogham.assertion.wiremock,SimilarHtmlPattern,16,0,0,0,4,0,2,0,2,0
reporting/ogham-test-utils,fr.sii.ogham.assertion.wiremock,WireMockMatchers,5,0,0,0,1,0,1,0,1,0
reporting/ogham-test-utils,fr.sii.ogham.assertion.sms,SmsListAssert,39,0,0,0,8,0,5,0,5,0
reporting/ogham-test-utils,fr.sii.ogham.assertion.sms,SmsAssert,267,0,14,0,51,0,16,0,9,0
reporting/ogham-test-utils,fr.sii.ogham.assertion.sms,ShortMessageMessageAssert,99,0,8,0,24,0,10,0,6,0
reporting/ogham-test-utils,fr.sii.ogham.assertion.sms,OptionalParameterAssert,86,0,6,0,21,0,7,0,4,0
reporting/ogham-test-utils,fr.sii.ogham.assertion.sms,PduRequestWithContext,27,0,0,0,8,0,3,0,3,0
reporting/ogham-test-utils,fr.sii.ogham.assertion.sms,PhoneNumberInfo,30,0,0,0,10,0,5,0,5,0
reporting/ogham-test-utils,fr.sii.ogham.assertion.sms,ShortMessageWithContext,17,0,0,0,6,0,3,0,3,0
reporting/ogham-test-utils,fr.sii.ogham.assertion.sms,PhoneNumberWithContext,27,0,0,0,8,0,3,0,3,0
reporting/ogham-test-utils,fr.sii.ogham.assertion.sms,OptionalParameterWithContext,28,0,0,0,8,0,3,0,3,0
reporting/ogham-test-utils,fr.sii.ogham.assertion.sms,PduRequestAssert,166,0,10,0,34,0,12,0,7,0
reporting/ogham-test-utils,fr.sii.ogham.assertion.sms,PhoneNumberAssert,87,0,6,0,21,0,7,0,4,0
reporting/ogham-test-utils,fr.sii.ogham.assertion.sms,ReceivedSmsAssert,30,0,0,0,7,0,4,0,4,0
reporting/ogham-test-utils,fr.sii.ogham.helper.sms.opensmpp,OpensmppServer,182,0,6,0,51,0,9,0,6,0
reporting/ogham-test-utils,fr.sii.ogham.helper.sms.opensmpp,OpensmppServer.ReadableShortMessageStore,22,0,0,0,7,0,3,0,3,0
reporting/ogham-test-utils,fr.sii.ogham.helper.sms.rule,SmppServerRule.StartServerStatement,41,0,0,0,11,0,2,0,2,0
reporting/ogham-test-utils,fr.sii.ogham.helper.sms.rule,JsmppServerRule,28,0,0,0,9,0,5,0,5,0
reporting/ogham-test-utils,fr.sii.ogham.helper.sms.rule,SmppServerRule,46,0,2,0,12,0,6,0,5,0
reporting/ogham-test-utils,fr.sii.ogham.helper.sms.rule,SmppServerException,13,0,0,0,6,0,3,0,3,0
reporting/ogham-test-utils,fr.sii.ogham.helper.sms,SplitSms,54,0,2,0,12,0,6,0,5,0
reporting/ogham-test-utils,fr.sii.ogham.helper.sms,ExpectedSms,21,0,0,0,8,0,4,0,4,0
reporting/ogham-test-utils,fr.sii.ogham.helper.sms,AssertSms,168,0,2,0,17,0,5,0,4,0
reporting/ogham-test-utils,fr.sii.ogham.helper.sms,ExpectedAddressedPhoneNumber,103,0,10,0,21,0,12,0,7,0
reporting/ogham-test-utils,fr.sii.ogham.assertion.hamcrest,IdenticalHtmlMatcher,93,0,4,0,22,0,9,0,7,0
reporting/ogham-test-utils,fr.sii.ogham.assertion.hamcrest,CustomReason,25,0,0,0,9,0,5,0,5,0
reporting/ogham-test-utils,fr.sii.ogham.assertion.hamcrest,ThrowableAnyCauseMatcher,75,0,10,0,24,0,9,0,4,0
reporting/ogham-test-utils,fr.sii.ogham.assertion.hamcrest,SimilarHtmlMatcher,93,0,4,0,22,0,9,0,7,0
reporting/ogham-test-utils,fr.sii.ogham.assertion.hamcrest,ThrowableMessageMatcher,45,0,0,0,11,0,5,0,5,0
reporting/ogham-test-utils,fr.sii.ogham.assertion.hamcrest,ExceptionMatchers,24,0,0,0,4,0,4,0,4,0
reporting/ogham-test-utils,fr.sii.ogham.assertion.email,EmailAssert,582,0,26,0,107,0,27,0,14,0
reporting/ogham-test-utils,fr.sii.ogham.assertion.email,ReceivedEmailsAssert,30,0,0,0,7,0,4,0,4,0
reporting/ogham-test-utils,fr.sii.ogham.assertion.email,AddressListAssert,179,0,16,0,39,0,13,0,5,0
reporting/ogham-test-utils,fr.sii.ogham.assertion.email,PartWithContext,27,0,0,0,8,0,3,0,3,0
reporting/ogham-test-utils,fr.sii.ogham.assertion.email,PartAssert,294,0,28,0,62,0,24,0,10,0
reporting/ogham-test-utils,fr.sii.ogham.assertion.email,AddressesWithContext,27,0,0,0,8,0,3,0,3,0
reporting/ogham-test-utils,fr.sii.ogham.assertion.email,EmailsAssert,39,0,0,0,8,0,5,0,5,0
reporting/ogham-test-utils,fr.sii.ogham.helper.email,ExpectedAttachment,176,0,0,0,46,0,23,0,23,0
reporting/ogham-test-utils,fr.sii.ogham.helper.email,ExpectedEmailHeader,68,0,0,0,19,0,9,0,9,0
reporting/ogham-test-utils,fr.sii.ogham.helper.email,EmailUtils.DefaultAttachmentPredicate,13,0,4,0,2,0,4,0,2,0
reporting/ogham-test-utils,fr.sii.ogham.helper.email,EmailUtils.MessagingRuntimeException,5,0,0,0,2,0,1,0,1,0
reporting/ogham-test-utils,fr.sii.ogham.helper.email,EmailUtils,265,0,22,0,58,0,28,0,17,0
reporting/ogham-test-utils,fr.sii.ogham.helper.email,FileNamePredicate,29,0,0,0,7,0,3,0,3,0
reporting/ogham-test-utils,fr.sii.ogham.helper.email,ExpectedMultiPartEmail,12,0,0,0,4,0,2,0,2,0
reporting/ogham-test-utils,fr.sii.ogham.helper.email,AnyPredicate,5,0,0,0,2,0,2,0,2,0
reporting/ogham-test-utils,fr.sii.ogham.helper.email,AssertAttachment,121,0,2,0,15,0,4,0,3,0
reporting/ogham-test-utils,fr.sii.ogham.helper.email,ExpectedEmail,23,0,0,0,6,0,3,0,3,0
reporting/ogham-test-utils,fr.sii.ogham.helper.email,ExpectedContent,28,0,0,0,10,0,5,0,5,0
reporting/ogham-test-utils,fr.sii.ogham.helper.email,AssertEmail,640,0,42,0,107,0,49,0,28,0
reporting/ogham-test-utils,fr.sii.ogham.helper.sms.bean,SimpleAddress,21,0,0,0,8,0,4,0,4,0
reporting/ogham-test-utils,fr.sii.ogham.helper.sms.bean,SimpleCommand,27,0,0,0,10,0,5,0,5,0
reporting/ogham-test-utils,fr.sii.ogham.helper.sms.bean,TypeOfNumber,126,0,4,0,16,0,6,0,4,0
reporting/ogham-test-utils,fr.sii.ogham.helper.sms.bean,Alphabet,225,0,4,0,25,0,6,0,4,0
reporting/ogham-test-utils,fr.sii.ogham.helper.sms.bean,NumberingPlanIndicator,159,0,4,0,19,0,6,0,4,0
reporting/ogham-test-utils,fr.sii.ogham.helper.sms.bean,Tag,562,0,0,0,52,0,4,0,4,0
reporting/ogham-test-utils,fr.sii.ogham.helper.sms.cloudhopper,TestSmppServerHandler,73,0,4,0,21,0,10,0,8,0
reporting/ogham-test-utils,fr.sii.ogham.helper.sms.cloudhopper,CloudhopperSMPPServer,76,0,0,0,23,0,9,0,9,0
reporting/ogham-test-utils,fr.sii.ogham.helper.exception,ComparisonException,13,0,0,0,6,0,3,0,3,0
reporting/ogham-test-utils,fr.sii.ogham.helper.sms.util,SmsUtils,3,0,0,0,1,0,1,0,1,0
reporting/ogham-test-utils,fr.sii.ogham.helper.sms.util,MessageDecoder,109,0,15,0,24,0,13,0,4,0
reporting/ogham-test-utils,fr.sii.ogham.extension.spock,LoggingTestExtension,46,0,4,0,13,0,6,0,4,0
reporting/ogham-test-utils,fr.sii.ogham.extension.spock,LoggingTestInterceptor,44,0,0,0,14,0,3,0,3,0
reporting/ogham-test-utils,fr.sii.ogham.assertion.context,SingleMessageContext,14,0,0,0,4,0,2,0,2,0
reporting/ogham-test-utils,fr.sii.ogham.helper.sms.jsmpp,SubmitSmAdapter,128,0,0,0,21,0,20,0,20,0
reporting/ogham-test-utils,fr.sii.ogham.helper.sms.jsmpp,JSMPPServerSimulator,320,0,28,0,84,0,31,0,17,0
reporting/ogham-test-utils,fr.sii.ogham.helper.sms.jsmpp,DeliveryReceiptTask,209,0,2,0,43,0,5,0,4,0
reporting/ogham-test-utils,fr.sii.ogham.helper.sms.jsmpp,OptionalParameterAdapter,62,0,6,0,14,0,8,0,5,0
reporting/ogham-test-utils,fr.sii.ogham.helper.sms.jsmpp,JSMPPServer,88,0,0,0,29,0,7,0,7,0
reporting/ogham-test-utils,fr.sii.ogham.helper.sms.jsmpp,SlowPduSender,415,0,2,0,61,0,28,0,27,0
reporting/ogham-test-utils,fr.sii.ogham.helper.sms.jsmpp,WaitBindTask,107,0,10,0,31,0,10,0,5,0
reporting/ogham-test-utils,fr.sii.ogham.helper.sms.jsmpp,ConfigurableSMPPServerSessionListener.NullServerConnectionFactory,6,0,0,0,3,0,3,0,3,0
reporting/ogham-test-utils,fr.sii.ogham.helper.sms.jsmpp,ConfigurableSMPPServerSessionListener,157,0,4,0,33,0,13,0,11,0
reporting/ogham-test-utils,fr.sii.ogham.extension.common,StringPrinter,120,0,6,0,18,0,7,0,4,0
reporting/ogham-test-utils,fr.sii.ogham.extension.common,Slf4jPrinter,57,0,8,0,15,0,10,0,6,0
reporting/ogham-test-utils,fr.sii.ogham.extension.common,TestInformationLogger.Characters,105,0,0,0,13,0,3,0,3,0
reporting/ogham-test-utils,fr.sii.ogham.extension.common,TestInformationLogger,346,0,2,0,45,0,15,0,14,0
reporting/ogham-test-utils,fr.sii.ogham.assertion,AssertionHelper,156,0,28,0,42,0,22,0,8,0
reporting/ogham-test-utils,fr.sii.ogham.assertion,HasParent,9,0,0,0,4,0,2,0,2,0
reporting/ogham-test-utils,fr.sii.ogham.assertion,OghamAssertions,96,0,4,0,13,0,12,0,10,0
reporting/ogham-test-utils,fr.sii.ogham.mock.classloader,FilterableClassLoader,110,0,8,0,29,0,14,0,10,0
reporting/ogham-test-utils-internal,fr.sii.ogham.assertion.internal.matcher,IsSpringBeanInstance,41,0,4,0,12,0,5,0,3,0
reporting/ogham-test-utils-internal,fr.sii.ogham.assertion.internal.matcher,SpringContextAssertions,9,0,0,0,2,0,2,0,2,0
reporting/ogham-test-utils-internal,fr.sii.ogham.assertion.internal.helper,ImplementationFinder,462,0,44,0,93,0,35,0,13,0
reporting/ogham-test-utils-internal,fr.sii.ogham.assertion.internal.helper,FoundParser,15,0,0,0,6,0,3,0,3,0
reporting/ogham-test-utils-internal,fr.sii.ogham.assertion.internal,FreemarkerAssersions,64,0,0,0,15,0,7,0,7,0
reporting/ogham-test-utils-internal,fr.sii.ogham.assertion.internal,SendGridAssertions,108,0,6,0,29,0,10,0,7,0
reporting/ogham-test-utils-internal,fr.sii.ogham.assertion.internal,CloudhopperUserDataAssertions,44,0,0,0,12,0,4,0,4,0
reporting/ogham-test-utils-internal,fr.sii.ogham.assertion.internal,CloudhopperAssertions,58,0,0,0,14,0,9,0,9,0
reporting/ogham-test-utils-internal,fr.sii.ogham.assertion.internal,FreemarkerParserAssertions,62,0,0,0,14,0,6,0,6,0
reporting/ogham-test-utils-internal,fr.sii.ogham.assertion.internal,SendGridVersion,37,0,0,0,7,0,3,0,3,0
reporting/ogham-test-utils-internal,fr.sii.ogham.assertion.internal,ResourceResolverAssertions,181,0,18,0,39,0,16,0,7,0
reporting/ogham-test-utils-internal,fr.sii.ogham.assertion.internal,MessagingServiceAssertions,56,0,0,0,9,0,7,0,7,0
reporting/ogham-test-utils-internal,fr.sii.ogham.assertion.internal,JavaMailAssertions,43,0,0,0,11,0,5,0,5,0
reporting/ogham-test-utils-internal,fr.sii.ogham.assertion.internal,FreemarkerConfigurationAssersions,25,0,2,0,7,0,3,0,2,0
reporting/ogham-test-utils-internal,fr.sii.ogham.assertion.internal,ThymeleafParserAssertions,67,0,2,0,17,0,7,0,6,0
reporting/ogham-test-utils-internal,fr.sii.ogham.assertion.internal,CloudhopperSplitterAssertions,41,0,2,0,11,0,4,0,3,0
reporting/ogham-test-utils-internal,fr.sii.ogham.assertion.internal,RelativeResolutionAssertions,140,0,6,0,25,0,10,0,7,0
reporting/ogham-test-utils-internal,fr.sii.ogham.assertion.internal,ThymeleafAssertions,64,0,0,0,7,0,7,0,7,0
reporting/ogham-test-utils-internal,fr.sii.ogham.assertion,OghamInternalAssertions,5,0,0,0,1,0,1,0,1,0
